Start testing: Sep 26 13:26 PDT
----------------------------------------------------------
1/40 Testing: Palindrome.Empty
1/40 Test: Palindrome.Empty
Command: "/usr/bin/valgrind" "--tool=memcheck" "--leak-check=yes" "--error-exitcode=42" "--trace-children=no" "/home/cs104/cs104/hw-kim503/hw1/hw1_tests/palindrome/palindrome_test" "--gtest_filter=Palindrome.Empty"
Directory: /home/cs104/cs104/hw-kim503/hw1/hw1_tests/palindrome
"Palindrome.Empty" start time: Sep 26 13:26 PDT
Output:
----------------------------------------------------------
==725== Memcheck, a memory error detector
==725== Copyright (C) 2002-2017, and GNU GPL'd, by Julian Seward et al.
==725== Using Valgrind-3.13.0 and LibVEX; rerun with -h for copyright info
==725== Command: /home/cs104/cs104/hw-kim503/hw1/hw1_tests/palindrome/palindrome_test --gtest_filter=Palindrome.Empty
==725== 
Running main() from gtest_main.cc
Note: Google Test filter = Palindrome.Empty
[==========] Running 1 test from 1 test case.
[----------] Global test environment set-up.
[----------] 1 test from Palindrome
[ RUN      ] Palindrome.Empty
This test is executing your program with the following command line: 
/usr/bin/valgrind --tool=memcheck -q --leak-check=yes --error-exitcode=113 /home/cs104/cs104/hw-kim503/hw1/hw1_tests/q4_palindrome 
Your program's STDOUT and STDERR were written to: /home/cs104/cs104/hw-kim503/hw1/hw1_tests/palindrome/testFiles/empty/output.log
[       OK ] Palindrome.Empty (589 ms)
[----------] 1 test from Palindrome (594 ms total)

[----------] Global test environment tear-down
[==========] 1 test from 1 test case ran. (618 ms total)
[  PASSED  ] 1 test.
==725== 
==725== HEAP SUMMARY:
==725==     in use at exit: 72,704 bytes in 1 blocks
==725==   total heap usage: 275 allocs, 274 frees, 142,688 bytes allocated
==725== 
==725== LEAK SUMMARY:
==725==    definitely lost: 0 bytes in 0 blocks
==725==    indirectly lost: 0 bytes in 0 blocks
==725==      possibly lost: 0 bytes in 0 blocks
==725==    still reachable: 0 bytes in 0 blocks
==725==         suppressed: 72,704 bytes in 1 blocks
==725== 
==725== For counts of detected and suppressed errors, rerun with: -v
==725== ERROR SUMMARY: 0 errors from 0 contexts (suppressed: 0 from 0)
<end of output>
Test time =   1.25 sec
----------------------------------------------------------
Test Passed.
"Palindrome.Empty" end time: Sep 26 13:26 PDT
"Palindrome.Empty" time elapsed: 00:00:01
----------------------------------------------------------

2/40 Testing: Palindrome.SingleChar
2/40 Test: Palindrome.SingleChar
Command: "/usr/bin/valgrind" "--tool=memcheck" "--leak-check=yes" "--error-exitcode=42" "--trace-children=no" "/home/cs104/cs104/hw-kim503/hw1/hw1_tests/palindrome/palindrome_test" "--gtest_filter=Palindrome.SingleChar"
Directory: /home/cs104/cs104/hw-kim503/hw1/hw1_tests/palindrome
"Palindrome.SingleChar" start time: Sep 26 13:26 PDT
Output:
----------------------------------------------------------
==727== Memcheck, a memory error detector
==727== Copyright (C) 2002-2017, and GNU GPL'd, by Julian Seward et al.
==727== Using Valgrind-3.13.0 and LibVEX; rerun with -h for copyright info
==727== Command: /home/cs104/cs104/hw-kim503/hw1/hw1_tests/palindrome/palindrome_test --gtest_filter=Palindrome.SingleChar
==727== 
Running main() from gtest_main.cc
Note: Google Test filter = Palindrome.SingleChar
[==========] Running 1 test from 1 test case.
[----------] Global test environment set-up.
[----------] 1 test from Palindrome
[ RUN      ] Palindrome.SingleChar
This test is executing your program with the following command line: 
/usr/bin/valgrind --tool=memcheck -q --leak-check=yes --error-exitcode=113 /home/cs104/cs104/hw-kim503/hw1/hw1_tests/q4_palindrome r
Your program's STDOUT and STDERR were written to: /home/cs104/cs104/hw-kim503/hw1/hw1_tests/palindrome/testFiles/single_char/output.log
[       OK ] Palindrome.SingleChar (574 ms)
[----------] 1 test from Palindrome (578 ms total)

[----------] Global test environment tear-down
[==========] 1 test from 1 test case ran. (602 ms total)
[  PASSED  ] 1 test.
==727== 
==727== HEAP SUMMARY:
==727==     in use at exit: 72,704 bytes in 1 blocks
==727==   total heap usage: 275 allocs, 274 frees, 142,773 bytes allocated
==727== 
==727== LEAK SUMMARY:
==727==    definitely lost: 0 bytes in 0 blocks
==727==    indirectly lost: 0 bytes in 0 blocks
==727==      possibly lost: 0 bytes in 0 blocks
==727==    still reachable: 0 bytes in 0 blocks
==727==         suppressed: 72,704 bytes in 1 blocks
==727== 
==727== For counts of detected and suppressed errors, rerun with: -v
==727== ERROR SUMMARY: 0 errors from 0 contexts (suppressed: 0 from 0)
<end of output>
Test time =   1.23 sec
----------------------------------------------------------
Test Passed.
"Palindrome.SingleChar" end time: Sep 26 13:26 PDT
"Palindrome.SingleChar" time elapsed: 00:00:01
----------------------------------------------------------

3/40 Testing: Palindrome.PalindromeWordOddLength
3/40 Test: Palindrome.PalindromeWordOddLength
Command: "/usr/bin/valgrind" "--tool=memcheck" "--leak-check=yes" "--error-exitcode=42" "--trace-children=no" "/home/cs104/cs104/hw-kim503/hw1/hw1_tests/palindrome/palindrome_test" "--gtest_filter=Palindrome.PalindromeWordOddLength"
Directory: /home/cs104/cs104/hw-kim503/hw1/hw1_tests/palindrome
"Palindrome.PalindromeWordOddLength" start time: Sep 26 13:26 PDT
Output:
----------------------------------------------------------
==729== Memcheck, a memory error detector
==729== Copyright (C) 2002-2017, and GNU GPL'd, by Julian Seward et al.
==729== Using Valgrind-3.13.0 and LibVEX; rerun with -h for copyright info
==729== Command: /home/cs104/cs104/hw-kim503/hw1/hw1_tests/palindrome/palindrome_test --gtest_filter=Palindrome.PalindromeWordOddLength
==729== 
Running main() from gtest_main.cc
Note: Google Test filter = Palindrome.PalindromeWordOddLength
[==========] Running 1 test from 1 test case.
[----------] Global test environment set-up.
[----------] 1 test from Palindrome
[ RUN      ] Palindrome.PalindromeWordOddLength
This test is executing your program with the following command line: 
/usr/bin/valgrind --tool=memcheck -q --leak-check=yes --error-exitcode=113 /home/cs104/cs104/hw-kim503/hw1/hw1_tests/q4_palindrome racecar
Your program's STDOUT and STDERR were written to: /home/cs104/cs104/hw-kim503/hw1/hw1_tests/palindrome/testFiles/palindrome_word_oddlength/output.log
[       OK ] Palindrome.PalindromeWordOddLength (580 ms)
[----------] 1 test from Palindrome (585 ms total)

[----------] Global test environment tear-down
[==========] 1 test from 1 test case ran. (607 ms total)
[  PASSED  ] 1 test.
==729== 
==729== HEAP SUMMARY:
==729==     in use at exit: 72,704 bytes in 1 blocks
==729==   total heap usage: 276 allocs, 275 frees, 143,046 bytes allocated
==729== 
==729== LEAK SUMMARY:
==729==    definitely lost: 0 bytes in 0 blocks
==729==    indirectly lost: 0 bytes in 0 blocks
==729==      possibly lost: 0 bytes in 0 blocks
==729==    still reachable: 0 bytes in 0 blocks
==729==         suppressed: 72,704 bytes in 1 blocks
==729== 
==729== For counts of detected and suppressed errors, rerun with: -v
==729== ERROR SUMMARY: 0 errors from 0 contexts (suppressed: 0 from 0)
<end of output>
Test time =   1.24 sec
----------------------------------------------------------
Test Passed.
"Palindrome.PalindromeWordOddLength" end time: Sep 26 13:26 PDT
"Palindrome.PalindromeWordOddLength" time elapsed: 00:00:01
----------------------------------------------------------

4/40 Testing: Palindrome.PalindromeWordEvenLength
4/40 Test: Palindrome.PalindromeWordEvenLength
Command: "/usr/bin/valgrind" "--tool=memcheck" "--leak-check=yes" "--error-exitcode=42" "--trace-children=no" "/home/cs104/cs104/hw-kim503/hw1/hw1_tests/palindrome/palindrome_test" "--gtest_filter=Palindrome.PalindromeWordEvenLength"
Directory: /home/cs104/cs104/hw-kim503/hw1/hw1_tests/palindrome
"Palindrome.PalindromeWordEvenLength" start time: Sep 26 13:26 PDT
Output:
----------------------------------------------------------
==731== Memcheck, a memory error detector
==731== Copyright (C) 2002-2017, and GNU GPL'd, by Julian Seward et al.
==731== Using Valgrind-3.13.0 and LibVEX; rerun with -h for copyright info
==731== Command: /home/cs104/cs104/hw-kim503/hw1/hw1_tests/palindrome/palindrome_test --gtest_filter=Palindrome.PalindromeWordEvenLength
==731== 
Running main() from gtest_main.cc
Note: Google Test filter = Palindrome.PalindromeWordEvenLength
[==========] Running 1 test from 1 test case.
[----------] Global test environment set-up.
[----------] 1 test from Palindrome
[ RUN      ] Palindrome.PalindromeWordEvenLength
This test is executing your program with the following command line: 
/usr/bin/valgrind --tool=memcheck -q --leak-check=yes --error-exitcode=113 /home/cs104/cs104/hw-kim503/hw1/hw1_tests/q4_palindrome redder
Your program's STDOUT and STDERR were written to: /home/cs104/cs104/hw-kim503/hw1/hw1_tests/palindrome/testFiles/palindrome_word_evenlength/output.log
[       OK ] Palindrome.PalindromeWordEvenLength (571 ms)
[----------] 1 test from Palindrome (577 ms total)

[----------] Global test environment tear-down
[==========] 1 test from 1 test case ran. (598 ms total)
[  PASSED  ] 1 test.
==731== 
==731== HEAP SUMMARY:
==731==     in use at exit: 72,704 bytes in 1 blocks
==731==   total heap usage: 276 allocs, 275 frees, 143,068 bytes allocated
==731== 
==731== LEAK SUMMARY:
==731==    definitely lost: 0 bytes in 0 blocks
==731==    indirectly lost: 0 bytes in 0 blocks
==731==      possibly lost: 0 bytes in 0 blocks
==731==    still reachable: 0 bytes in 0 blocks
==731==         suppressed: 72,704 bytes in 1 blocks
==731== 
==731== For counts of detected and suppressed errors, rerun with: -v
==731== ERROR SUMMARY: 0 errors from 0 contexts (suppressed: 0 from 0)
<end of output>
Test time =   1.21 sec
----------------------------------------------------------
Test Passed.
"Palindrome.PalindromeWordEvenLength" end time: Sep 26 13:26 PDT
"Palindrome.PalindromeWordEvenLength" time elapsed: 00:00:01
----------------------------------------------------------

5/40 Testing: Palindrome.NonPalindromeWordOddLength
5/40 Test: Palindrome.NonPalindromeWordOddLength
Command: "/usr/bin/valgrind" "--tool=memcheck" "--leak-check=yes" "--error-exitcode=42" "--trace-children=no" "/home/cs104/cs104/hw-kim503/hw1/hw1_tests/palindrome/palindrome_test" "--gtest_filter=Palindrome.NonPalindromeWordOddLength"
Directory: /home/cs104/cs104/hw-kim503/hw1/hw1_tests/palindrome
"Palindrome.NonPalindromeWordOddLength" start time: Sep 26 13:26 PDT
Output:
----------------------------------------------------------
==734== Memcheck, a memory error detector
==734== Copyright (C) 2002-2017, and GNU GPL'd, by Julian Seward et al.
==734== Using Valgrind-3.13.0 and LibVEX; rerun with -h for copyright info
==734== Command: /home/cs104/cs104/hw-kim503/hw1/hw1_tests/palindrome/palindrome_test --gtest_filter=Palindrome.NonPalindromeWordOddLength
==734== 
Running main() from gtest_main.cc
Note: Google Test filter = Palindrome.NonPalindromeWordOddLength
[==========] Running 1 test from 1 test case.
[----------] Global test environment set-up.
[----------] 1 test from Palindrome
[ RUN      ] Palindrome.NonPalindromeWordOddLength
This test is executing your program with the following command line: 
/usr/bin/valgrind --tool=memcheck -q --leak-check=yes --error-exitcode=113 /home/cs104/cs104/hw-kim503/hw1/hw1_tests/q4_palindrome abcddba
Your program's STDOUT and STDERR were written to: /home/cs104/cs104/hw-kim503/hw1/hw1_tests/palindrome/testFiles/non_palindrome_word_oddlength/output.log
[       OK ] Palindrome.NonPalindromeWordOddLength (589 ms)
[----------] 1 test from Palindrome (594 ms total)

[----------] Global test environment tear-down
[==========] 1 test from 1 test case ran. (616 ms total)
[  PASSED  ] 1 test.
==734== 
==734== HEAP SUMMARY:
==734==     in use at exit: 72,704 bytes in 1 blocks
==734==   total heap usage: 277 allocs, 276 frees, 143,158 bytes allocated
==734== 
==734== LEAK SUMMARY:
==734==    definitely lost: 0 bytes in 0 blocks
==734==    indirectly lost: 0 bytes in 0 blocks
==734==      possibly lost: 0 bytes in 0 blocks
==734==    still reachable: 0 bytes in 0 blocks
==734==         suppressed: 72,704 bytes in 1 blocks
==734== 
==734== For counts of detected and suppressed errors, rerun with: -v
==734== ERROR SUMMARY: 0 errors from 0 contexts (suppressed: 0 from 0)
<end of output>
Test time =   1.23 sec
----------------------------------------------------------
Test Passed.
"Palindrome.NonPalindromeWordOddLength" end time: Sep 26 13:26 PDT
"Palindrome.NonPalindromeWordOddLength" time elapsed: 00:00:01
----------------------------------------------------------

6/40 Testing: Palindrome.NonPalindromeWordEvenLength
6/40 Test: Palindrome.NonPalindromeWordEvenLength
Command: "/usr/bin/valgrind" "--tool=memcheck" "--leak-check=yes" "--error-exitcode=42" "--trace-children=no" "/home/cs104/cs104/hw-kim503/hw1/hw1_tests/palindrome/palindrome_test" "--gtest_filter=Palindrome.NonPalindromeWordEvenLength"
Directory: /home/cs104/cs104/hw-kim503/hw1/hw1_tests/palindrome
"Palindrome.NonPalindromeWordEvenLength" start time: Sep 26 13:26 PDT
Output:
----------------------------------------------------------
==736== Memcheck, a memory error detector
==736== Copyright (C) 2002-2017, and GNU GPL'd, by Julian Seward et al.
==736== Using Valgrind-3.13.0 and LibVEX; rerun with -h for copyright info
==736== Command: /home/cs104/cs104/hw-kim503/hw1/hw1_tests/palindrome/palindrome_test --gtest_filter=Palindrome.NonPalindromeWordEvenLength
==736== 
Running main() from gtest_main.cc
Note: Google Test filter = Palindrome.NonPalindromeWordEvenLength
[==========] Running 1 test from 1 test case.
[----------] Global test environment set-up.
[----------] 1 test from Palindrome
[ RUN      ] Palindrome.NonPalindromeWordEvenLength
This test is executing your program with the following command line: 
/usr/bin/valgrind --tool=memcheck -q --leak-check=yes --error-exitcode=113 /home/cs104/cs104/hw-kim503/hw1/hw1_tests/q4_palindrome amanaplanacanal
Your program's STDOUT and STDERR were written to: /home/cs104/cs104/hw-kim503/hw1/hw1_tests/palindrome/testFiles/non_palindrome_word_evenlength/output.log
[       OK ] Palindrome.NonPalindromeWordEvenLength (597 ms)
[----------] 1 test from Palindrome (602 ms total)

[----------] Global test environment tear-down
[==========] 1 test from 1 test case ran. (624 ms total)
[  PASSED  ] 1 test.
==736== 
==736== HEAP SUMMARY:
==736==     in use at exit: 72,704 bytes in 1 blocks
==736==   total heap usage: 277 allocs, 276 frees, 143,198 bytes allocated
==736== 
==736== LEAK SUMMARY:
==736==    definitely lost: 0 bytes in 0 blocks
==736==    indirectly lost: 0 bytes in 0 blocks
==736==      possibly lost: 0 bytes in 0 blocks
==736==    still reachable: 0 bytes in 0 blocks
==736==         suppressed: 72,704 bytes in 1 blocks
==736== 
==736== For counts of detected and suppressed errors, rerun with: -v
==736== ERROR SUMMARY: 0 errors from 0 contexts (suppressed: 0 from 0)
<end of output>
Test time =   1.25 sec
----------------------------------------------------------
Test Passed.
"Palindrome.NonPalindromeWordEvenLength" end time: Sep 26 13:26 PDT
"Palindrome.NonPalindromeWordEvenLength" time elapsed: 00:00:01
----------------------------------------------------------

7/40 Testing: Streams.NoWords
7/40 Test: Streams.NoWords
Command: "/usr/bin/valgrind" "--tool=memcheck" "--leak-check=yes" "--error-exitcode=42" "--trace-children=no" "/home/cs104/cs104/hw-kim503/hw1/hw1_tests/streams/streams_test" "--gtest_filter=Streams.NoWords"
Directory: /home/cs104/cs104/hw-kim503/hw1/hw1_tests/streams
"Streams.NoWords" start time: Sep 26 13:26 PDT
Output:
----------------------------------------------------------
==739== Memcheck, a memory error detector
==739== Copyright (C) 2002-2017, and GNU GPL'd, by Julian Seward et al.
==739== Using Valgrind-3.13.0 and LibVEX; rerun with -h for copyright info
==739== Command: /home/cs104/cs104/hw-kim503/hw1/hw1_tests/streams/streams_test --gtest_filter=Streams.NoWords
==739== 
Running main() from gtest_main.cc
Note: Google Test filter = Streams.NoWords
[==========] Running 1 test from 1 test case.
[----------] Global test environment set-up.
[----------] 1 test from Streams
[ RUN      ] Streams.NoWords
This test is executing your program with the following command line: 
/usr/bin/valgrind --tool=memcheck -q --leak-check=yes --error-exitcode=113 /home/cs104/cs104/hw-kim503/hw1/hw1_tests/q5_streams /home/cs104/cs104/hw-kim503/hw1/hw1_tests/streams/testFiles/no_words/input.txt
Your program's STDOUT and STDERR were written to: /home/cs104/cs104/hw-kim503/hw1/hw1_tests/streams/testFiles/no_words/output.log
[       OK ] Streams.NoWords (583 ms)
[----------] 1 test from Streams (588 ms total)

[----------] Global test environment tear-down
[==========] 1 test from 1 test case ran. (609 ms total)
[  PASSED  ] 1 test.
==739== 
==739== HEAP SUMMARY:
==739==     in use at exit: 72,704 bytes in 1 blocks
==739==   total heap usage: 270 allocs, 269 frees, 151,553 bytes allocated
==739== 
==739== LEAK SUMMARY:
==739==    definitely lost: 0 bytes in 0 blocks
==739==    indirectly lost: 0 bytes in 0 blocks
==739==      possibly lost: 0 bytes in 0 blocks
==739==    still reachable: 0 bytes in 0 blocks
==739==         suppressed: 72,704 bytes in 1 blocks
==739== 
==739== For counts of detected and suppressed errors, rerun with: -v
==739== ERROR SUMMARY: 0 errors from 0 contexts (suppressed: 0 from 0)
<end of output>
Test time =   1.24 sec
----------------------------------------------------------
Test Passed.
"Streams.NoWords" end time: Sep 26 13:26 PDT
"Streams.NoWords" time elapsed: 00:00:01
----------------------------------------------------------

8/40 Testing: Streams.OneWord
8/40 Test: Streams.OneWord
Command: "/usr/bin/valgrind" "--tool=memcheck" "--leak-check=yes" "--error-exitcode=42" "--trace-children=no" "/home/cs104/cs104/hw-kim503/hw1/hw1_tests/streams/streams_test" "--gtest_filter=Streams.OneWord"
Directory: /home/cs104/cs104/hw-kim503/hw1/hw1_tests/streams
"Streams.OneWord" start time: Sep 26 13:26 PDT
Output:
----------------------------------------------------------
==741== Memcheck, a memory error detector
==741== Copyright (C) 2002-2017, and GNU GPL'd, by Julian Seward et al.
==741== Using Valgrind-3.13.0 and LibVEX; rerun with -h for copyright info
==741== Command: /home/cs104/cs104/hw-kim503/hw1/hw1_tests/streams/streams_test --gtest_filter=Streams.OneWord
==741== 
Running main() from gtest_main.cc
Note: Google Test filter = Streams.OneWord
[==========] Running 1 test from 1 test case.
[----------] Global test environment set-up.
[----------] 1 test from Streams
[ RUN      ] Streams.OneWord
This test is executing your program with the following command line: 
/usr/bin/valgrind --tool=memcheck -q --leak-check=yes --error-exitcode=113 /home/cs104/cs104/hw-kim503/hw1/hw1_tests/q5_streams /home/cs104/cs104/hw-kim503/hw1/hw1_tests/streams/testFiles/one_word/input.txt
Your program's STDOUT and STDERR were written to: /home/cs104/cs104/hw-kim503/hw1/hw1_tests/streams/testFiles/one_word/output.log
[       OK ] Streams.OneWord (609 ms)
[----------] 1 test from Streams (615 ms total)

[----------] Global test environment tear-down
[==========] 1 test from 1 test case ran. (637 ms total)
[  PASSED  ] 1 test.
==741== 
==741== HEAP SUMMARY:
==741==     in use at exit: 72,704 bytes in 1 blocks
==741==   total heap usage: 272 allocs, 271 frees, 151,617 bytes allocated
==741== 
==741== LEAK SUMMARY:
==741==    definitely lost: 0 bytes in 0 blocks
==741==    indirectly lost: 0 bytes in 0 blocks
==741==      possibly lost: 0 bytes in 0 blocks
==741==    still reachable: 0 bytes in 0 blocks
==741==         suppressed: 72,704 bytes in 1 blocks
==741== 
==741== For counts of detected and suppressed errors, rerun with: -v
==741== ERROR SUMMARY: 0 errors from 0 contexts (suppressed: 0 from 0)
<end of output>
Test time =   1.26 sec
----------------------------------------------------------
Test Passed.
"Streams.OneWord" end time: Sep 26 13:26 PDT
"Streams.OneWord" time elapsed: 00:00:01
----------------------------------------------------------

9/40 Testing: Streams.FiveWordsSameLine
9/40 Test: Streams.FiveWordsSameLine
Command: "/usr/bin/valgrind" "--tool=memcheck" "--leak-check=yes" "--error-exitcode=42" "--trace-children=no" "/home/cs104/cs104/hw-kim503/hw1/hw1_tests/streams/streams_test" "--gtest_filter=Streams.FiveWordsSameLine"
Directory: /home/cs104/cs104/hw-kim503/hw1/hw1_tests/streams
"Streams.FiveWordsSameLine" start time: Sep 26 13:26 PDT
Output:
----------------------------------------------------------
==744== Memcheck, a memory error detector
==744== Copyright (C) 2002-2017, and GNU GPL'd, by Julian Seward et al.
==744== Using Valgrind-3.13.0 and LibVEX; rerun with -h for copyright info
==744== Command: /home/cs104/cs104/hw-kim503/hw1/hw1_tests/streams/streams_test --gtest_filter=Streams.FiveWordsSameLine
==744== 
Running main() from gtest_main.cc
Note: Google Test filter = Streams.FiveWordsSameLine
[==========] Running 1 test from 1 test case.
[----------] Global test environment set-up.
[----------] 1 test from Streams
[ RUN      ] Streams.FiveWordsSameLine
This test is executing your program with the following command line: 
/usr/bin/valgrind --tool=memcheck -q --leak-check=yes --error-exitcode=113 /home/cs104/cs104/hw-kim503/hw1/hw1_tests/q5_streams /home/cs104/cs104/hw-kim503/hw1/hw1_tests/streams/testFiles/five_words_same_line/input.txt
Your program's STDOUT and STDERR were written to: /home/cs104/cs104/hw-kim503/hw1/hw1_tests/streams/testFiles/five_words_same_line/output.log
[       OK ] Streams.FiveWordsSameLine (609 ms)
[----------] 1 test from Streams (614 ms total)

[----------] Global test environment tear-down
[==========] 1 test from 1 test case ran. (635 ms total)
[  PASSED  ] 1 test.
==744== 
==744== HEAP SUMMARY:
==744==     in use at exit: 72,704 bytes in 1 blocks
==744==   total heap usage: 285 allocs, 284 frees, 152,770 bytes allocated
==744== 
==744== LEAK SUMMARY:
==744==    definitely lost: 0 bytes in 0 blocks
==744==    indirectly lost: 0 bytes in 0 blocks
==744==      possibly lost: 0 bytes in 0 blocks
==744==    still reachable: 0 bytes in 0 blocks
==744==         suppressed: 72,704 bytes in 1 blocks
==744== 
==744== For counts of detected and suppressed errors, rerun with: -v
==744== ERROR SUMMARY: 0 errors from 0 contexts (suppressed: 0 from 0)
<end of output>
Test time =   1.25 sec
----------------------------------------------------------
Test Passed.
"Streams.FiveWordsSameLine" end time: Sep 26 13:26 PDT
"Streams.FiveWordsSameLine" time elapsed: 00:00:01
----------------------------------------------------------

10/40 Testing: Streams.FiveWordsSeparateLines
10/40 Test: Streams.FiveWordsSeparateLines
Command: "/usr/bin/valgrind" "--tool=memcheck" "--leak-check=yes" "--error-exitcode=42" "--trace-children=no" "/home/cs104/cs104/hw-kim503/hw1/hw1_tests/streams/streams_test" "--gtest_filter=Streams.FiveWordsSeparateLines"
Directory: /home/cs104/cs104/hw-kim503/hw1/hw1_tests/streams
"Streams.FiveWordsSeparateLines" start time: Sep 26 13:26 PDT
Output:
----------------------------------------------------------
==746== Memcheck, a memory error detector
==746== Copyright (C) 2002-2017, and GNU GPL'd, by Julian Seward et al.
==746== Using Valgrind-3.13.0 and LibVEX; rerun with -h for copyright info
==746== Command: /home/cs104/cs104/hw-kim503/hw1/hw1_tests/streams/streams_test --gtest_filter=Streams.FiveWordsSeparateLines
==746== 
Running main() from gtest_main.cc
Note: Google Test filter = Streams.FiveWordsSeparateLines
[==========] Running 1 test from 1 test case.
[----------] Global test environment set-up.
[----------] 1 test from Streams
[ RUN      ] Streams.FiveWordsSeparateLines
This test is executing your program with the following command line: 
/usr/bin/valgrind --tool=memcheck -q --leak-check=yes --error-exitcode=113 /home/cs104/cs104/hw-kim503/hw1/hw1_tests/q5_streams /home/cs104/cs104/hw-kim503/hw1/hw1_tests/streams/testFiles/five_words_separate_lines/input.txt
Your program's STDOUT and STDERR were written to: /home/cs104/cs104/hw-kim503/hw1/hw1_tests/streams/testFiles/five_words_separate_lines/output.log
[       OK ] Streams.FiveWordsSeparateLines (602 ms)
[----------] 1 test from Streams (608 ms total)

[----------] Global test environment tear-down
[==========] 1 test from 1 test case ran. (630 ms total)
[  PASSED  ] 1 test.
==746== 
==746== HEAP SUMMARY:
==746==     in use at exit: 72,704 bytes in 1 blocks
==746==   total heap usage: 286 allocs, 285 frees, 153,401 bytes allocated
==746== 
==746== LEAK SUMMARY:
==746==    definitely lost: 0 bytes in 0 blocks
==746==    indirectly lost: 0 bytes in 0 blocks
==746==      possibly lost: 0 bytes in 0 blocks
==746==    still reachable: 0 bytes in 0 blocks
==746==         suppressed: 72,704 bytes in 1 blocks
==746== 
==746== For counts of detected and suppressed errors, rerun with: -v
==746== ERROR SUMMARY: 0 errors from 0 contexts (suppressed: 0 from 0)
<end of output>
Test time =   1.25 sec
----------------------------------------------------------
Test Passed.
"Streams.FiveWordsSeparateLines" end time: Sep 26 13:26 PDT
"Streams.FiveWordsSeparateLines" time elapsed: 00:00:01
----------------------------------------------------------

11/40 Testing: Streams.MixedWhitespace
11/40 Test: Streams.MixedWhitespace
Command: "/usr/bin/valgrind" "--tool=memcheck" "--leak-check=yes" "--error-exitcode=42" "--trace-children=no" "/home/cs104/cs104/hw-kim503/hw1/hw1_tests/streams/streams_test" "--gtest_filter=Streams.MixedWhitespace"
Directory: /home/cs104/cs104/hw-kim503/hw1/hw1_tests/streams
"Streams.MixedWhitespace" start time: Sep 26 13:26 PDT
Output:
----------------------------------------------------------
==749== Memcheck, a memory error detector
==749== Copyright (C) 2002-2017, and GNU GPL'd, by Julian Seward et al.
==749== Using Valgrind-3.13.0 and LibVEX; rerun with -h for copyright info
==749== Command: /home/cs104/cs104/hw-kim503/hw1/hw1_tests/streams/streams_test --gtest_filter=Streams.MixedWhitespace
==749== 
Running main() from gtest_main.cc
Note: Google Test filter = Streams.MixedWhitespace
[==========] Running 1 test from 1 test case.
[----------] Global test environment set-up.
[----------] 1 test from Streams
[ RUN      ] Streams.MixedWhitespace
This test is executing your program with the following command line: 
/usr/bin/valgrind --tool=memcheck -q --leak-check=yes --error-exitcode=113 /home/cs104/cs104/hw-kim503/hw1/hw1_tests/q5_streams /home/cs104/cs104/hw-kim503/hw1/hw1_tests/streams/testFiles/mixed_whitespace/input.txt
Your program's STDOUT and STDERR were written to: /home/cs104/cs104/hw-kim503/hw1/hw1_tests/streams/testFiles/mixed_whitespace/output.log
[       OK ] Streams.MixedWhitespace (620 ms)
[----------] 1 test from Streams (625 ms total)

[----------] Global test environment tear-down
[==========] 1 test from 1 test case ran. (647 ms total)
[  PASSED  ] 1 test.
==749== 
==749== HEAP SUMMARY:
==749==     in use at exit: 72,704 bytes in 1 blocks
==749==   total heap usage: 286 allocs, 285 frees, 153,261 bytes allocated
==749== 
==749== LEAK SUMMARY:
==749==    definitely lost: 0 bytes in 0 blocks
==749==    indirectly lost: 0 bytes in 0 blocks
==749==      possibly lost: 0 bytes in 0 blocks
==749==    still reachable: 0 bytes in 0 blocks
==749==         suppressed: 72,704 bytes in 1 blocks
==749== 
==749== For counts of detected and suppressed errors, rerun with: -v
==749== ERROR SUMMARY: 0 errors from 0 contexts (suppressed: 0 from 0)
<end of output>
Test time =   1.30 sec
----------------------------------------------------------
Test Passed.
"Streams.MixedWhitespace" end time: Sep 26 13:26 PDT
"Streams.MixedWhitespace" time elapsed: 00:00:01
----------------------------------------------------------

12/40 Testing: Streams.ThousandWordStressTest
12/40 Test: Streams.ThousandWordStressTest
Command: "/usr/bin/valgrind" "--tool=memcheck" "--leak-check=yes" "--error-exitcode=42" "--trace-children=no" "/home/cs104/cs104/hw-kim503/hw1/hw1_tests/streams/streams_test" "--gtest_filter=Streams.ThousandWordStressTest"
Directory: /home/cs104/cs104/hw-kim503/hw1/hw1_tests/streams
"Streams.ThousandWordStressTest" start time: Sep 26 13:26 PDT
Output:
----------------------------------------------------------
==751== Memcheck, a memory error detector
==751== Copyright (C) 2002-2017, and GNU GPL'd, by Julian Seward et al.
==751== Using Valgrind-3.13.0 and LibVEX; rerun with -h for copyright info
==751== Command: /home/cs104/cs104/hw-kim503/hw1/hw1_tests/streams/streams_test --gtest_filter=Streams.ThousandWordStressTest
==751== 
Running main() from gtest_main.cc
Note: Google Test filter = Streams.ThousandWordStressTest
[==========] Running 1 test from 1 test case.
[----------] Global test environment set-up.
[----------] 1 test from Streams
[ RUN      ] Streams.ThousandWordStressTest
This test is executing your program with the following command line: 
/usr/bin/valgrind --tool=memcheck -q --leak-check=yes --error-exitcode=113 /home/cs104/cs104/hw-kim503/hw1/hw1_tests/q5_streams /home/cs104/cs104/hw-kim503/hw1/hw1_tests/streams/testFiles/thousand_word_stress_test/input.txt
Your program's STDOUT and STDERR were written to: /home/cs104/cs104/hw-kim503/hw1/hw1_tests/streams/testFiles/thousand_word_stress_test/output.log
[       OK ] Streams.ThousandWordStressTest (649 ms)
[----------] 1 test from Streams (654 ms total)

[----------] Global test environment tear-down
[==========] 1 test from 1 test case ran. (675 ms total)
[  PASSED  ] 1 test.
==751== 
==751== HEAP SUMMARY:
==751==     in use at exit: 72,704 bytes in 1 blocks
==751==   total heap usage: 298 allocs, 297 frees, 303,608 bytes allocated
==751== 
==751== LEAK SUMMARY:
==751==    definitely lost: 0 bytes in 0 blocks
==751==    indirectly lost: 0 bytes in 0 blocks
==751==      possibly lost: 0 bytes in 0 blocks
==751==    still reachable: 0 bytes in 0 blocks
==751==         suppressed: 72,704 bytes in 1 blocks
==751== 
==751== For counts of detected and suppressed errors, rerun with: -v
==751== ERROR SUMMARY: 0 errors from 0 contexts (suppressed: 0 from 0)
<end of output>
Test time =   1.28 sec
----------------------------------------------------------
Test Passed.
"Streams.ThousandWordStressTest" end time: Sep 26 13:26 PDT
"Streams.ThousandWordStressTest" time elapsed: 00:00:01
----------------------------------------------------------

13/40 Testing: FirstMemtest.Execution
13/40 Test: FirstMemtest.Execution
Command: "/usr/bin/valgrind" "--tool=memcheck" "--leak-check=yes" "--error-exitcode=42" "--trace-children=no" "/home/cs104/cs104/hw-kim503/hw1/hw1_tests/simple_char_manager/simple_char_manager_test" "--gtest_filter=FirstMemtest.Execution"
Directory: /home/cs104/cs104/hw-kim503/hw1/hw1_tests/simple_char_manager
"FirstMemtest.Execution" start time: Sep 26 13:26 PDT
Output:
----------------------------------------------------------
==753== Memcheck, a memory error detector
==753== Copyright (C) 2002-2017, and GNU GPL'd, by Julian Seward et al.
==753== Using Valgrind-3.13.0 and LibVEX; rerun with -h for copyright info
==753== Command: /home/cs104/cs104/hw-kim503/hw1/hw1_tests/simple_char_manager/simple_char_manager_test --gtest_filter=FirstMemtest.Execution
==753== 
Running main() from gtest_main.cc
Note: Google Test filter = FirstMemtest.Execution
[==========] Running 1 test from 1 test case.
[----------] Global test environment set-up.
[----------] 1 test from FirstMemtest
[ RUN      ] FirstMemtest.Execution
This test is executing your program with the following command line: 
/usr/bin/valgrind --tool=memcheck -q --leak-check=yes --error-exitcode=113 /home/cs104/cs104/hw-kim503/hw1/hw1_tests/first_memtest
Hello world!
[       OK ] FirstMemtest.Execution (535 ms)
[----------] 1 test from FirstMemtest (540 ms total)

[----------] Global test environment tear-down
[==========] 1 test from 1 test case ran. (564 ms total)
[  PASSED  ] 1 test.
==753== 
==753== HEAP SUMMARY:
==753==     in use at exit: 72,704 bytes in 1 blocks
==753==   total heap usage: 387 allocs, 386 frees, 137,178 bytes allocated
==753== 
==753== LEAK SUMMARY:
==753==    definitely lost: 0 bytes in 0 blocks
==753==    indirectly lost: 0 bytes in 0 blocks
==753==      possibly lost: 0 bytes in 0 blocks
==753==    still reachable: 0 bytes in 0 blocks
==753==         suppressed: 72,704 bytes in 1 blocks
==753== 
==753== For counts of detected and suppressed errors, rerun with: -v
==753== ERROR SUMMARY: 0 errors from 0 contexts (suppressed: 0 from 0)
<end of output>
Test time =   1.20 sec
----------------------------------------------------------
Test Passed.
"FirstMemtest.Execution" end time: Sep 26 13:26 PDT
"FirstMemtest.Execution" time elapsed: 00:00:01
----------------------------------------------------------

14/40 Testing: SimpleCharManager.ConstructionDestruction
14/40 Test: SimpleCharManager.ConstructionDestruction
Command: "/usr/bin/valgrind" "--tool=memcheck" "--leak-check=yes" "--error-exitcode=42" "--trace-children=no" "/home/cs104/cs104/hw-kim503/hw1/hw1_tests/simple_char_manager/simple_char_manager_test" "--gtest_filter=SimpleCharManager.ConstructionDestruction"
Directory: /home/cs104/cs104/hw-kim503/hw1/hw1_tests/simple_char_manager
"SimpleCharManager.ConstructionDestruction" start time: Sep 26 13:26 PDT
Output:
----------------------------------------------------------
==755== Memcheck, a memory error detector
==755== Copyright (C) 2002-2017, and GNU GPL'd, by Julian Seward et al.
==755== Using Valgrind-3.13.0 and LibVEX; rerun with -h for copyright info
==755== Command: /home/cs104/cs104/hw-kim503/hw1/hw1_tests/simple_char_manager/simple_char_manager_test --gtest_filter=SimpleCharManager.ConstructionDestruction
==755== 
Running main() from gtest_main.cc
Note: Google Test filter = SimpleCharManager.ConstructionDestruction
[==========] Running 1 test from 1 test case.
[----------] Global test environment set-up.
[----------] 1 test from SimpleCharManager
[ RUN      ] SimpleCharManager.ConstructionDestruction
[       OK ] SimpleCharManager.ConstructionDestruction (15 ms)
[----------] 1 test from SimpleCharManager (20 ms total)

[----------] Global test environment tear-down
[==========] 1 test from 1 test case ran. (44 ms total)
[  PASSED  ] 1 test.
==755== 
==755== HEAP SUMMARY:
==755==     in use at exit: 72,704 bytes in 1 blocks
==755==   total heap usage: 360 allocs, 359 frees, 138,146 bytes allocated
==755== 
==755== LEAK SUMMARY:
==755==    definitely lost: 0 bytes in 0 blocks
==755==    indirectly lost: 0 bytes in 0 blocks
==755==      possibly lost: 0 bytes in 0 blocks
==755==    still reachable: 0 bytes in 0 blocks
==755==         suppressed: 72,704 bytes in 1 blocks
==755== 
==755== For counts of detected and suppressed errors, rerun with: -v
==755== ERROR SUMMARY: 0 errors from 0 contexts (suppressed: 0 from 0)
<end of output>
Test time =   0.68 sec
----------------------------------------------------------
Test Passed.
"SimpleCharManager.ConstructionDestruction" end time: Sep 26 13:26 PDT
"SimpleCharManager.ConstructionDestruction" time elapsed: 00:00:00
----------------------------------------------------------

15/40 Testing: SimpleCharManager.OneCharAlloc
15/40 Test: SimpleCharManager.OneCharAlloc
Command: "/usr/bin/valgrind" "--tool=memcheck" "--leak-check=yes" "--error-exitcode=42" "--trace-children=no" "/home/cs104/cs104/hw-kim503/hw1/hw1_tests/simple_char_manager/simple_char_manager_test" "--gtest_filter=SimpleCharManager.OneCharAlloc"
Directory: /home/cs104/cs104/hw-kim503/hw1/hw1_tests/simple_char_manager
"SimpleCharManager.OneCharAlloc" start time: Sep 26 13:26 PDT
Output:
----------------------------------------------------------
==756== Memcheck, a memory error detector
==756== Copyright (C) 2002-2017, and GNU GPL'd, by Julian Seward et al.
==756== Using Valgrind-3.13.0 and LibVEX; rerun with -h for copyright info
==756== Command: /home/cs104/cs104/hw-kim503/hw1/hw1_tests/simple_char_manager/simple_char_manager_test --gtest_filter=SimpleCharManager.OneCharAlloc
==756== 
Running main() from gtest_main.cc
Note: Google Test filter = SimpleCharManager.OneCharAlloc
[==========] Running 1 test from 1 test case.
[----------] Global test environment set-up.
[----------] 1 test from SimpleCharManager
[ RUN      ] SimpleCharManager.OneCharAlloc
[       OK ] SimpleCharManager.OneCharAlloc (17 ms)
[----------] 1 test from SimpleCharManager (23 ms total)

[----------] Global test environment tear-down
[==========] 1 test from 1 test case ran. (42 ms total)
[  PASSED  ] 1 test.
==756== 
==756== HEAP SUMMARY:
==756==     in use at exit: 72,704 bytes in 1 blocks
==756==   total heap usage: 360 allocs, 359 frees, 137,937 bytes allocated
==756== 
==756== LEAK SUMMARY:
==756==    definitely lost: 0 bytes in 0 blocks
==756==    indirectly lost: 0 bytes in 0 blocks
==756==      possibly lost: 0 bytes in 0 blocks
==756==    still reachable: 0 bytes in 0 blocks
==756==         suppressed: 72,704 bytes in 1 blocks
==756== 
==756== For counts of detected and suppressed errors, rerun with: -v
==756== ERROR SUMMARY: 0 errors from 0 contexts (suppressed: 0 from 0)
<end of output>
Test time =   0.64 sec
----------------------------------------------------------
Test Passed.
"SimpleCharManager.OneCharAlloc" end time: Sep 26 13:26 PDT
"SimpleCharManager.OneCharAlloc" time elapsed: 00:00:00
----------------------------------------------------------

16/40 Testing: SimpleCharManager.OneCharFree
16/40 Test: SimpleCharManager.OneCharFree
Command: "/usr/bin/valgrind" "--tool=memcheck" "--leak-check=yes" "--error-exitcode=42" "--trace-children=no" "/home/cs104/cs104/hw-kim503/hw1/hw1_tests/simple_char_manager/simple_char_manager_test" "--gtest_filter=SimpleCharManager.OneCharFree"
Directory: /home/cs104/cs104/hw-kim503/hw1/hw1_tests/simple_char_manager
"SimpleCharManager.OneCharFree" start time: Sep 26 13:26 PDT
Output:
----------------------------------------------------------
==757== Memcheck, a memory error detector
==757== Copyright (C) 2002-2017, and GNU GPL'd, by Julian Seward et al.
==757== Using Valgrind-3.13.0 and LibVEX; rerun with -h for copyright info
==757== Command: /home/cs104/cs104/hw-kim503/hw1/hw1_tests/simple_char_manager/simple_char_manager_test --gtest_filter=SimpleCharManager.OneCharFree
==757== 
Running main() from gtest_main.cc
Note: Google Test filter = SimpleCharManager.OneCharFree
[==========] Running 1 test from 1 test case.
[----------] Global test environment set-up.
[----------] 1 test from SimpleCharManager
[ RUN      ] SimpleCharManager.OneCharFree
[       OK ] SimpleCharManager.OneCharFree (15 ms)
[----------] 1 test from SimpleCharManager (20 ms total)

[----------] Global test environment tear-down
[==========] 1 test from 1 test case ran. (44 ms total)
[  PASSED  ] 1 test.
==757== 
==757== HEAP SUMMARY:
==757==     in use at exit: 72,704 bytes in 1 blocks
==757==   total heap usage: 360 allocs, 359 frees, 137,930 bytes allocated
==757== 
==757== LEAK SUMMARY:
==757==    definitely lost: 0 bytes in 0 blocks
==757==    indirectly lost: 0 bytes in 0 blocks
==757==      possibly lost: 0 bytes in 0 blocks
==757==    still reachable: 0 bytes in 0 blocks
==757==         suppressed: 72,704 bytes in 1 blocks
==757== 
==757== For counts of detected and suppressed errors, rerun with: -v
==757== ERROR SUMMARY: 0 errors from 0 contexts (suppressed: 0 from 0)
<end of output>
Test time =   0.66 sec
----------------------------------------------------------
Test Passed.
"SimpleCharManager.OneCharFree" end time: Sep 26 13:26 PDT
"SimpleCharManager.OneCharFree" time elapsed: 00:00:00
----------------------------------------------------------

17/40 Testing: SimpleCharManager.FiveCharAlloc
17/40 Test: SimpleCharManager.FiveCharAlloc
Command: "/usr/bin/valgrind" "--tool=memcheck" "--leak-check=yes" "--error-exitcode=42" "--trace-children=no" "/home/cs104/cs104/hw-kim503/hw1/hw1_tests/simple_char_manager/simple_char_manager_test" "--gtest_filter=SimpleCharManager.FiveCharAlloc"
Directory: /home/cs104/cs104/hw-kim503/hw1/hw1_tests/simple_char_manager
"SimpleCharManager.FiveCharAlloc" start time: Sep 26 13:26 PDT
Output:
----------------------------------------------------------
==758== Memcheck, a memory error detector
==758== Copyright (C) 2002-2017, and GNU GPL'd, by Julian Seward et al.
==758== Using Valgrind-3.13.0 and LibVEX; rerun with -h for copyright info
==758== Command: /home/cs104/cs104/hw-kim503/hw1/hw1_tests/simple_char_manager/simple_char_manager_test --gtest_filter=SimpleCharManager.FiveCharAlloc
==758== 
Running main() from gtest_main.cc
Note: Google Test filter = SimpleCharManager.FiveCharAlloc
[==========] Running 1 test from 1 test case.
[----------] Global test environment set-up.
[----------] 1 test from SimpleCharManager
[ RUN      ] SimpleCharManager.FiveCharAlloc
[       OK ] SimpleCharManager.FiveCharAlloc (17 ms)
[----------] 1 test from SimpleCharManager (23 ms total)

[----------] Global test environment tear-down
[==========] 1 test from 1 test case ran. (42 ms total)
[  PASSED  ] 1 test.
==758== 
==758== HEAP SUMMARY:
==758==     in use at exit: 72,704 bytes in 1 blocks
==758==   total heap usage: 360 allocs, 359 frees, 137,956 bytes allocated
==758== 
==758== LEAK SUMMARY:
==758==    definitely lost: 0 bytes in 0 blocks
==758==    indirectly lost: 0 bytes in 0 blocks
==758==      possibly lost: 0 bytes in 0 blocks
==758==    still reachable: 0 bytes in 0 blocks
==758==         suppressed: 72,704 bytes in 1 blocks
==758== 
==758== For counts of detected and suppressed errors, rerun with: -v
==758== ERROR SUMMARY: 0 errors from 0 contexts (suppressed: 0 from 0)
<end of output>
Test time =   0.65 sec
----------------------------------------------------------
Test Passed.
"SimpleCharManager.FiveCharAlloc" end time: Sep 26 13:26 PDT
"SimpleCharManager.FiveCharAlloc" time elapsed: 00:00:00
----------------------------------------------------------

18/40 Testing: SimpleCharManager.FiveCharAllocFree
18/40 Test: SimpleCharManager.FiveCharAllocFree
Command: "/usr/bin/valgrind" "--tool=memcheck" "--leak-check=yes" "--error-exitcode=42" "--trace-children=no" "/home/cs104/cs104/hw-kim503/hw1/hw1_tests/simple_char_manager/simple_char_manager_test" "--gtest_filter=SimpleCharManager.FiveCharAllocFree"
Directory: /home/cs104/cs104/hw-kim503/hw1/hw1_tests/simple_char_manager
"SimpleCharManager.FiveCharAllocFree" start time: Sep 26 13:26 PDT
Output:
----------------------------------------------------------
==759== Memcheck, a memory error detector
==759== Copyright (C) 2002-2017, and GNU GPL'd, by Julian Seward et al.
==759== Using Valgrind-3.13.0 and LibVEX; rerun with -h for copyright info
==759== Command: /home/cs104/cs104/hw-kim503/hw1/hw1_tests/simple_char_manager/simple_char_manager_test --gtest_filter=SimpleCharManager.FiveCharAllocFree
==759== 
Running main() from gtest_main.cc
Note: Google Test filter = SimpleCharManager.FiveCharAllocFree
[==========] Running 1 test from 1 test case.
[----------] Global test environment set-up.
[----------] 1 test from SimpleCharManager
[ RUN      ] SimpleCharManager.FiveCharAllocFree
[       OK ] SimpleCharManager.FiveCharAllocFree (15 ms)
[----------] 1 test from SimpleCharManager (18 ms total)

[----------] Global test environment tear-down
[==========] 1 test from 1 test case ran. (39 ms total)
[  PASSED  ] 1 test.
==759== 
==759== HEAP SUMMARY:
==759==     in use at exit: 72,704 bytes in 1 blocks
==759==   total heap usage: 360 allocs, 359 frees, 138,032 bytes allocated
==759== 
==759== LEAK SUMMARY:
==759==    definitely lost: 0 bytes in 0 blocks
==759==    indirectly lost: 0 bytes in 0 blocks
==759==      possibly lost: 0 bytes in 0 blocks
==759==    still reachable: 0 bytes in 0 blocks
==759==         suppressed: 72,704 bytes in 1 blocks
==759== 
==759== For counts of detected and suppressed errors, rerun with: -v
==759== ERROR SUMMARY: 0 errors from 0 contexts (suppressed: 0 from 0)
<end of output>
Test time =   0.64 sec
----------------------------------------------------------
Test Passed.
"SimpleCharManager.FiveCharAllocFree" end time: Sep 26 13:26 PDT
"SimpleCharManager.FiveCharAllocFree" time elapsed: 00:00:00
----------------------------------------------------------

19/40 Testing: SimpleCharManager.AllocFree_x2
19/40 Test: SimpleCharManager.AllocFree_x2
Command: "/usr/bin/valgrind" "--tool=memcheck" "--leak-check=yes" "--error-exitcode=42" "--trace-children=no" "/home/cs104/cs104/hw-kim503/hw1/hw1_tests/simple_char_manager/simple_char_manager_test" "--gtest_filter=SimpleCharManager.AllocFree_x2"
Directory: /home/cs104/cs104/hw-kim503/hw1/hw1_tests/simple_char_manager
"SimpleCharManager.AllocFree_x2" start time: Sep 26 13:26 PDT
Output:
----------------------------------------------------------
==760== Memcheck, a memory error detector
==760== Copyright (C) 2002-2017, and GNU GPL'd, by Julian Seward et al.
==760== Using Valgrind-3.13.0 and LibVEX; rerun with -h for copyright info
==760== Command: /home/cs104/cs104/hw-kim503/hw1/hw1_tests/simple_char_manager/simple_char_manager_test --gtest_filter=SimpleCharManager.AllocFree_x2
==760== 
Running main() from gtest_main.cc
Note: Google Test filter = SimpleCharManager.AllocFree_x2
[==========] Running 1 test from 1 test case.
[----------] Global test environment set-up.
[----------] 1 test from SimpleCharManager
[ RUN      ] SimpleCharManager.AllocFree_x2
[       OK ] SimpleCharManager.AllocFree_x2 (15 ms)
[----------] 1 test from SimpleCharManager (20 ms total)

[----------] Global test environment tear-down
[==========] 1 test from 1 test case ran. (40 ms total)
[  PASSED  ] 1 test.
==760== 
==760== HEAP SUMMARY:
==760==     in use at exit: 72,704 bytes in 1 blocks
==760==   total heap usage: 360 allocs, 359 frees, 137,937 bytes allocated
==760== 
==760== LEAK SUMMARY:
==760==    definitely lost: 0 bytes in 0 blocks
==760==    indirectly lost: 0 bytes in 0 blocks
==760==      possibly lost: 0 bytes in 0 blocks
==760==    still reachable: 0 bytes in 0 blocks
==760==         suppressed: 72,704 bytes in 1 blocks
==760== 
==760== For counts of detected and suppressed errors, rerun with: -v
==760== ERROR SUMMARY: 0 errors from 0 contexts (suppressed: 0 from 0)
<end of output>
Test time =   0.65 sec
----------------------------------------------------------
Test Passed.
"SimpleCharManager.AllocFree_x2" end time: Sep 26 13:26 PDT
"SimpleCharManager.AllocFree_x2" time elapsed: 00:00:00
----------------------------------------------------------

20/40 Testing: SimpleCharManager.FreeAll
20/40 Test: SimpleCharManager.FreeAll
Command: "/usr/bin/valgrind" "--tool=memcheck" "--leak-check=yes" "--error-exitcode=42" "--trace-children=no" "/home/cs104/cs104/hw-kim503/hw1/hw1_tests/simple_char_manager/simple_char_manager_test" "--gtest_filter=SimpleCharManager.FreeAll"
Directory: /home/cs104/cs104/hw-kim503/hw1/hw1_tests/simple_char_manager
"SimpleCharManager.FreeAll" start time: Sep 26 13:26 PDT
Output:
----------------------------------------------------------
==761== Memcheck, a memory error detector
==761== Copyright (C) 2002-2017, and GNU GPL'd, by Julian Seward et al.
==761== Using Valgrind-3.13.0 and LibVEX; rerun with -h for copyright info
==761== Command: /home/cs104/cs104/hw-kim503/hw1/hw1_tests/simple_char_manager/simple_char_manager_test --gtest_filter=SimpleCharManager.FreeAll
==761== 
Running main() from gtest_main.cc
Note: Google Test filter = SimpleCharManager.FreeAll
[==========] Running 1 test from 1 test case.
[----------] Global test environment set-up.
[----------] 1 test from SimpleCharManager
[ RUN      ] SimpleCharManager.FreeAll
[       OK ] SimpleCharManager.FreeAll (16 ms)
[----------] 1 test from SimpleCharManager (21 ms total)

[----------] Global test environment tear-down
[==========] 1 test from 1 test case ran. (45 ms total)
[  PASSED  ] 1 test.
==761== 
==761== HEAP SUMMARY:
==761==     in use at exit: 72,704 bytes in 1 blocks
==761==   total heap usage: 360 allocs, 359 frees, 137,902 bytes allocated
==761== 
==761== LEAK SUMMARY:
==761==    definitely lost: 0 bytes in 0 blocks
==761==    indirectly lost: 0 bytes in 0 blocks
==761==      possibly lost: 0 bytes in 0 blocks
==761==    still reachable: 0 bytes in 0 blocks
==761==         suppressed: 72,704 bytes in 1 blocks
==761== 
==761== For counts of detected and suppressed errors, rerun with: -v
==761== ERROR SUMMARY: 0 errors from 0 contexts (suppressed: 0 from 0)
<end of output>
Test time =   0.64 sec
----------------------------------------------------------
Test Passed.
"SimpleCharManager.FreeAll" end time: Sep 26 13:26 PDT
"SimpleCharManager.FreeAll" time elapsed: 00:00:00
----------------------------------------------------------

21/40 Testing: SimpleCharManager.Alloc10000Chars
21/40 Test: SimpleCharManager.Alloc10000Chars
Command: "/usr/bin/valgrind" "--tool=memcheck" "--leak-check=yes" "--error-exitcode=42" "--trace-children=no" "/home/cs104/cs104/hw-kim503/hw1/hw1_tests/simple_char_manager/simple_char_manager_test" "--gtest_filter=SimpleCharManager.Alloc10000Chars"
Directory: /home/cs104/cs104/hw-kim503/hw1/hw1_tests/simple_char_manager
"SimpleCharManager.Alloc10000Chars" start time: Sep 26 13:26 PDT
Output:
----------------------------------------------------------
==762== Memcheck, a memory error detector
==762== Copyright (C) 2002-2017, and GNU GPL'd, by Julian Seward et al.
==762== Using Valgrind-3.13.0 and LibVEX; rerun with -h for copyright info
==762== Command: /home/cs104/cs104/hw-kim503/hw1/hw1_tests/simple_char_manager/simple_char_manager_test --gtest_filter=SimpleCharManager.Alloc10000Chars
==762== 
Running main() from gtest_main.cc
Note: Google Test filter = SimpleCharManager.Alloc10000Chars
[==========] Running 1 test from 1 test case.
[----------] Global test environment set-up.
[----------] 1 test from SimpleCharManager
[ RUN      ] SimpleCharManager.Alloc10000Chars
[       OK ] SimpleCharManager.Alloc10000Chars (17 ms)
[----------] 1 test from SimpleCharManager (23 ms total)

[----------] Global test environment tear-down
[==========] 1 test from 1 test case ran. (47 ms total)
[  PASSED  ] 1 test.
==762== 
==762== HEAP SUMMARY:
==762==     in use at exit: 72,704 bytes in 1 blocks
==762==   total heap usage: 360 allocs, 359 frees, 137,994 bytes allocated
==762== 
==762== LEAK SUMMARY:
==762==    definitely lost: 0 bytes in 0 blocks
==762==    indirectly lost: 0 bytes in 0 blocks
==762==      possibly lost: 0 bytes in 0 blocks
==762==    still reachable: 0 bytes in 0 blocks
==762==         suppressed: 72,704 bytes in 1 blocks
==762== 
==762== For counts of detected and suppressed errors, rerun with: -v
==762== ERROR SUMMARY: 0 errors from 0 contexts (suppressed: 0 from 0)
<end of output>
Test time =   0.64 sec
----------------------------------------------------------
Test Passed.
"SimpleCharManager.Alloc10000Chars" end time: Sep 26 13:26 PDT
"SimpleCharManager.Alloc10000Chars" time elapsed: 00:00:00
----------------------------------------------------------

22/40 Testing: SimpleCharManager.Alloc1Charx10000
22/40 Test: SimpleCharManager.Alloc1Charx10000
Command: "/usr/bin/valgrind" "--tool=memcheck" "--leak-check=yes" "--error-exitcode=42" "--trace-children=no" "/home/cs104/cs104/hw-kim503/hw1/hw1_tests/simple_char_manager/simple_char_manager_test" "--gtest_filter=SimpleCharManager.Alloc1Charx10000"
Directory: /home/cs104/cs104/hw-kim503/hw1/hw1_tests/simple_char_manager
"SimpleCharManager.Alloc1Charx10000" start time: Sep 26 13:26 PDT
Output:
----------------------------------------------------------
==763== Memcheck, a memory error detector
==763== Copyright (C) 2002-2017, and GNU GPL'd, by Julian Seward et al.
==763== Using Valgrind-3.13.0 and LibVEX; rerun with -h for copyright info
==763== Command: /home/cs104/cs104/hw-kim503/hw1/hw1_tests/simple_char_manager/simple_char_manager_test --gtest_filter=SimpleCharManager.Alloc1Charx10000
==763== 
Running main() from gtest_main.cc
Note: Google Test filter = SimpleCharManager.Alloc1Charx10000
[==========] Running 1 test from 1 test case.
[----------] Global test environment set-up.
[----------] 1 test from SimpleCharManager
[ RUN      ] SimpleCharManager.Alloc1Charx10000
[       OK ] SimpleCharManager.Alloc1Charx10000 (1049 ms)
[----------] 1 test from SimpleCharManager (1054 ms total)

[----------] Global test environment tear-down
[==========] 1 test from 1 test case ran. (1073 ms total)
[  PASSED  ] 1 test.
==763== 
==763== HEAP SUMMARY:
==763==     in use at exit: 72,704 bytes in 1 blocks
==763==   total heap usage: 360 allocs, 359 frees, 138,013 bytes allocated
==763== 
==763== LEAK SUMMARY:
==763==    definitely lost: 0 bytes in 0 blocks
==763==    indirectly lost: 0 bytes in 0 blocks
==763==      possibly lost: 0 bytes in 0 blocks
==763==    still reachable: 0 bytes in 0 blocks
==763==         suppressed: 72,704 bytes in 1 blocks
==763== 
==763== For counts of detected and suppressed errors, rerun with: -v
==763== ERROR SUMMARY: 0 errors from 0 contexts (suppressed: 0 from 0)
<end of output>
Test time =   1.67 sec
----------------------------------------------------------
Test Passed.
"SimpleCharManager.Alloc1Charx10000" end time: Sep 26 13:26 PDT
"SimpleCharManager.Alloc1Charx10000" time elapsed: 00:00:01
----------------------------------------------------------

23/40 Testing: SecondMemtest.Execution
23/40 Test: SecondMemtest.Execution
Command: "/usr/bin/valgrind" "--tool=memcheck" "--leak-check=yes" "--error-exitcode=42" "--trace-children=no" "/home/cs104/cs104/hw-kim503/hw1/hw1_tests/flex_char_manager/flex_char_manager_test" "--gtest_filter=SecondMemtest.Execution"
Directory: /home/cs104/cs104/hw-kim503/hw1/hw1_tests/flex_char_manager
"SecondMemtest.Execution" start time: Sep 26 13:26 PDT
Output:
----------------------------------------------------------
==764== Memcheck, a memory error detector
==764== Copyright (C) 2002-2017, and GNU GPL'd, by Julian Seward et al.
==764== Using Valgrind-3.13.0 and LibVEX; rerun with -h for copyright info
==764== Command: /home/cs104/cs104/hw-kim503/hw1/hw1_tests/flex_char_manager/flex_char_manager_test --gtest_filter=SecondMemtest.Execution
==764== 
Running main() from gtest_main.cc
Note: Google Test filter = SecondMemtest.Execution
[==========] Running 1 test from 1 test case.
[----------] Global test environment set-up.
[----------] 1 test from SecondMemtest
[ RUN      ] SecondMemtest.Execution
This test is executing your program with the following command line: 
/usr/bin/valgrind --tool=memcheck -q --leak-check=yes --error-exitcode=113 /home/cs104/cs104/hw-kim503/hw1/hw1_tests/second_memtest
Hello world!
[       OK ] SecondMemtest.Execution (524 ms)
[----------] 1 test from SecondMemtest (528 ms total)

[----------] Global test environment tear-down
[==========] 1 test from 1 test case ran. (548 ms total)
[  PASSED  ] 1 test.
==764== 
==764== HEAP SUMMARY:
==764==     in use at exit: 72,704 bytes in 1 blocks
==764==   total heap usage: 365 allocs, 364 frees, 138,969 bytes allocated
==764== 
==764== LEAK SUMMARY:
==764==    definitely lost: 0 bytes in 0 blocks
==764==    indirectly lost: 0 bytes in 0 blocks
==764==      possibly lost: 0 bytes in 0 blocks
==764==    still reachable: 0 bytes in 0 blocks
==764==         suppressed: 72,704 bytes in 1 blocks
==764== 
==764== For counts of detected and suppressed errors, rerun with: -v
==764== ERROR SUMMARY: 0 errors from 0 contexts (suppressed: 0 from 0)
<end of output>
Test time =   1.13 sec
----------------------------------------------------------
Test Passed.
"SecondMemtest.Execution" end time: Sep 26 13:26 PDT
"SecondMemtest.Execution" time elapsed: 00:00:01
----------------------------------------------------------

24/40 Testing: FlexCharManager.ConstructionDestruction
24/40 Test: FlexCharManager.ConstructionDestruction
Command: "/usr/bin/valgrind" "--tool=memcheck" "--leak-check=yes" "--error-exitcode=42" "--trace-children=no" "/home/cs104/cs104/hw-kim503/hw1/hw1_tests/flex_char_manager/flex_char_manager_test" "--gtest_filter=FlexCharManager.ConstructionDestruction"
Directory: /home/cs104/cs104/hw-kim503/hw1/hw1_tests/flex_char_manager
"FlexCharManager.ConstructionDestruction" start time: Sep 26 13:26 PDT
Output:
----------------------------------------------------------
==766== Memcheck, a memory error detector
==766== Copyright (C) 2002-2017, and GNU GPL'd, by Julian Seward et al.
==766== Using Valgrind-3.13.0 and LibVEX; rerun with -h for copyright info
==766== Command: /home/cs104/cs104/hw-kim503/hw1/hw1_tests/flex_char_manager/flex_char_manager_test --gtest_filter=FlexCharManager.ConstructionDestruction
==766== 
Running main() from gtest_main.cc
Note: Google Test filter = FlexCharManager.ConstructionDestruction
[==========] Running 1 test from 1 test case.
[----------] Global test environment set-up.
[----------] 1 test from FlexCharManager
[ RUN      ] FlexCharManager.ConstructionDestruction
[       OK ] FlexCharManager.ConstructionDestruction (13 ms)
[----------] 1 test from FlexCharManager (17 ms total)

[----------] Global test environment tear-down
[==========] 1 test from 1 test case ran. (37 ms total)
[  PASSED  ] 1 test.
==766== 
==766== HEAP SUMMARY:
==766==     in use at exit: 72,704 bytes in 1 blocks
==766==   total heap usage: 339 allocs, 338 frees, 139,999 bytes allocated
==766== 
==766== LEAK SUMMARY:
==766==    definitely lost: 0 bytes in 0 blocks
==766==    indirectly lost: 0 bytes in 0 blocks
==766==      possibly lost: 0 bytes in 0 blocks
==766==    still reachable: 0 bytes in 0 blocks
==766==         suppressed: 72,704 bytes in 1 blocks
==766== 
==766== For counts of detected and suppressed errors, rerun with: -v
==766== ERROR SUMMARY: 0 errors from 0 contexts (suppressed: 0 from 0)
<end of output>
Test time =   0.63 sec
----------------------------------------------------------
Test Passed.
"FlexCharManager.ConstructionDestruction" end time: Sep 26 13:26 PDT
"FlexCharManager.ConstructionDestruction" time elapsed: 00:00:00
----------------------------------------------------------

25/40 Testing: FlexCharManager.InvalidFree
25/40 Test: FlexCharManager.InvalidFree
Command: "/usr/bin/valgrind" "--tool=memcheck" "--leak-check=yes" "--error-exitcode=42" "--trace-children=no" "/home/cs104/cs104/hw-kim503/hw1/hw1_tests/flex_char_manager/flex_char_manager_test" "--gtest_filter=FlexCharManager.InvalidFree"
Directory: /home/cs104/cs104/hw-kim503/hw1/hw1_tests/flex_char_manager
"FlexCharManager.InvalidFree" start time: Sep 26 13:26 PDT
Output:
----------------------------------------------------------
==772== Memcheck, a memory error detector
==772== Copyright (C) 2002-2017, and GNU GPL'd, by Julian Seward et al.
==772== Using Valgrind-3.13.0 and LibVEX; rerun with -h for copyright info
==772== Command: /home/cs104/cs104/hw-kim503/hw1/hw1_tests/flex_char_manager/flex_char_manager_test --gtest_filter=FlexCharManager.InvalidFree
==772== 
Running main() from gtest_main.cc
Note: Google Test filter = FlexCharManager.InvalidFree
[==========] Running 1 test from 1 test case.
[----------] Global test environment set-up.
[----------] 1 test from FlexCharManager
[ RUN      ] FlexCharManager.InvalidFree
[       OK ] FlexCharManager.InvalidFree (13 ms)
[----------] 1 test from FlexCharManager (17 ms total)

[----------] Global test environment tear-down
[==========] 1 test from 1 test case ran. (37 ms total)
[  PASSED  ] 1 test.
==772== 
==772== HEAP SUMMARY:
==772==     in use at exit: 72,704 bytes in 1 blocks
==772==   total heap usage: 339 allocs, 338 frees, 139,735 bytes allocated
==772== 
==772== LEAK SUMMARY:
==772==    definitely lost: 0 bytes in 0 blocks
==772==    indirectly lost: 0 bytes in 0 blocks
==772==      possibly lost: 0 bytes in 0 blocks
==772==    still reachable: 0 bytes in 0 blocks
==772==         suppressed: 72,704 bytes in 1 blocks
==772== 
==772== For counts of detected and suppressed errors, rerun with: -v
==772== ERROR SUMMARY: 0 errors from 0 contexts (suppressed: 0 from 0)
<end of output>
Test time =   0.65 sec
----------------------------------------------------------
Test Passed.
"FlexCharManager.InvalidFree" end time: Sep 26 13:26 PDT
"FlexCharManager.InvalidFree" time elapsed: 00:00:00
----------------------------------------------------------

26/40 Testing: FlexCharManager.ZeroFill
26/40 Test: FlexCharManager.ZeroFill
Command: "/usr/bin/valgrind" "--tool=memcheck" "--leak-check=yes" "--error-exitcode=42" "--trace-children=no" "/home/cs104/cs104/hw-kim503/hw1/hw1_tests/flex_char_manager/flex_char_manager_test" "--gtest_filter=FlexCharManager.ZeroFill"
Directory: /home/cs104/cs104/hw-kim503/hw1/hw1_tests/flex_char_manager
"FlexCharManager.ZeroFill" start time: Sep 26 13:26 PDT
Output:
----------------------------------------------------------
==773== Memcheck, a memory error detector
==773== Copyright (C) 2002-2017, and GNU GPL'd, by Julian Seward et al.
==773== Using Valgrind-3.13.0 and LibVEX; rerun with -h for copyright info
==773== Command: /home/cs104/cs104/hw-kim503/hw1/hw1_tests/flex_char_manager/flex_char_manager_test --gtest_filter=FlexCharManager.ZeroFill
==773== 
Running main() from gtest_main.cc
Note: Google Test filter = FlexCharManager.ZeroFill
[==========] Running 1 test from 1 test case.
[----------] Global test environment set-up.
[----------] 1 test from FlexCharManager
[ RUN      ] FlexCharManager.ZeroFill
[       OK ] FlexCharManager.ZeroFill (15 ms)
[----------] 1 test from FlexCharManager (19 ms total)

[----------] Global test environment tear-down
[==========] 1 test from 1 test case ran. (39 ms total)
[  PASSED  ] 1 test.
==773== 
==773== HEAP SUMMARY:
==773==     in use at exit: 72,704 bytes in 1 blocks
==773==   total heap usage: 339 allocs, 338 frees, 139,714 bytes allocated
==773== 
==773== LEAK SUMMARY:
==773==    definitely lost: 0 bytes in 0 blocks
==773==    indirectly lost: 0 bytes in 0 blocks
==773==      possibly lost: 0 bytes in 0 blocks
==773==    still reachable: 0 bytes in 0 blocks
==773==         suppressed: 72,704 bytes in 1 blocks
==773== 
==773== For counts of detected and suppressed errors, rerun with: -v
==773== ERROR SUMMARY: 0 errors from 0 contexts (suppressed: 0 from 0)
<end of output>
Test time =   0.64 sec
----------------------------------------------------------
Test Passed.
"FlexCharManager.ZeroFill" end time: Sep 26 13:26 PDT
"FlexCharManager.ZeroFill" time elapsed: 00:00:00
----------------------------------------------------------

27/40 Testing: FlexCharManager.OneCharAlloc
27/40 Test: FlexCharManager.OneCharAlloc
Command: "/usr/bin/valgrind" "--tool=memcheck" "--leak-check=yes" "--error-exitcode=42" "--trace-children=no" "/home/cs104/cs104/hw-kim503/hw1/hw1_tests/flex_char_manager/flex_char_manager_test" "--gtest_filter=FlexCharManager.OneCharAlloc"
Directory: /home/cs104/cs104/hw-kim503/hw1/hw1_tests/flex_char_manager
"FlexCharManager.OneCharAlloc" start time: Sep 26 13:26 PDT
Output:
----------------------------------------------------------
==774== Memcheck, a memory error detector
==774== Copyright (C) 2002-2017, and GNU GPL'd, by Julian Seward et al.
==774== Using Valgrind-3.13.0 and LibVEX; rerun with -h for copyright info
==774== Command: /home/cs104/cs104/hw-kim503/hw1/hw1_tests/flex_char_manager/flex_char_manager_test --gtest_filter=FlexCharManager.OneCharAlloc
==774== 
Running main() from gtest_main.cc
Note: Google Test filter = FlexCharManager.OneCharAlloc
[==========] Running 1 test from 1 test case.
[----------] Global test environment set-up.
[----------] 1 test from FlexCharManager
[ RUN      ] FlexCharManager.OneCharAlloc
[       OK ] FlexCharManager.OneCharAlloc (15 ms)
[----------] 1 test from FlexCharManager (21 ms total)

[----------] Global test environment tear-down
[==========] 1 test from 1 test case ran. (46 ms total)
[  PASSED  ] 1 test.
==774== 
==774== HEAP SUMMARY:
==774==     in use at exit: 72,704 bytes in 1 blocks
==774==   total heap usage: 340 allocs, 339 frees, 139,758 bytes allocated
==774== 
==774== LEAK SUMMARY:
==774==    definitely lost: 0 bytes in 0 blocks
==774==    indirectly lost: 0 bytes in 0 blocks
==774==      possibly lost: 0 bytes in 0 blocks
==774==    still reachable: 0 bytes in 0 blocks
==774==         suppressed: 72,704 bytes in 1 blocks
==774== 
==774== For counts of detected and suppressed errors, rerun with: -v
==774== ERROR SUMMARY: 0 errors from 0 contexts (suppressed: 0 from 0)
<end of output>
Test time =   0.63 sec
----------------------------------------------------------
Test Passed.
"FlexCharManager.OneCharAlloc" end time: Sep 26 13:26 PDT
"FlexCharManager.OneCharAlloc" time elapsed: 00:00:00
----------------------------------------------------------

28/40 Testing: FlexCharManager.OneCharFree
28/40 Test: FlexCharManager.OneCharFree
Command: "/usr/bin/valgrind" "--tool=memcheck" "--leak-check=yes" "--error-exitcode=42" "--trace-children=no" "/home/cs104/cs104/hw-kim503/hw1/hw1_tests/flex_char_manager/flex_char_manager_test" "--gtest_filter=FlexCharManager.OneCharFree"
Directory: /home/cs104/cs104/hw-kim503/hw1/hw1_tests/flex_char_manager
"FlexCharManager.OneCharFree" start time: Sep 26 13:26 PDT
Output:
----------------------------------------------------------
==775== Memcheck, a memory error detector
==775== Copyright (C) 2002-2017, and GNU GPL'd, by Julian Seward et al.
==775== Using Valgrind-3.13.0 and LibVEX; rerun with -h for copyright info
==775== Command: /home/cs104/cs104/hw-kim503/hw1/hw1_tests/flex_char_manager/flex_char_manager_test --gtest_filter=FlexCharManager.OneCharFree
==775== 
Running main() from gtest_main.cc
Note: Google Test filter = FlexCharManager.OneCharFree
[==========] Running 1 test from 1 test case.
[----------] Global test environment set-up.
[----------] 1 test from FlexCharManager
[ RUN      ] FlexCharManager.OneCharFree
[       OK ] FlexCharManager.OneCharFree (18 ms)
[----------] 1 test from FlexCharManager (24 ms total)

[----------] Global test environment tear-down
[==========] 1 test from 1 test case ran. (46 ms total)
[  PASSED  ] 1 test.
==775== 
==775== HEAP SUMMARY:
==775==     in use at exit: 72,704 bytes in 1 blocks
==775==   total heap usage: 340 allocs, 339 frees, 139,751 bytes allocated
==775== 
==775== LEAK SUMMARY:
==775==    definitely lost: 0 bytes in 0 blocks
==775==    indirectly lost: 0 bytes in 0 blocks
==775==      possibly lost: 0 bytes in 0 blocks
==775==    still reachable: 0 bytes in 0 blocks
==775==         suppressed: 72,704 bytes in 1 blocks
==775== 
==775== For counts of detected and suppressed errors, rerun with: -v
==775== ERROR SUMMARY: 0 errors from 0 contexts (suppressed: 0 from 0)
<end of output>
Test time =   0.66 sec
----------------------------------------------------------
Test Passed.
"FlexCharManager.OneCharFree" end time: Sep 26 13:26 PDT
"FlexCharManager.OneCharFree" time elapsed: 00:00:00
----------------------------------------------------------

29/40 Testing: FlexCharManager.FiveCharAlloc
29/40 Test: FlexCharManager.FiveCharAlloc
Command: "/usr/bin/valgrind" "--tool=memcheck" "--leak-check=yes" "--error-exitcode=42" "--trace-children=no" "/home/cs104/cs104/hw-kim503/hw1/hw1_tests/flex_char_manager/flex_char_manager_test" "--gtest_filter=FlexCharManager.FiveCharAlloc"
Directory: /home/cs104/cs104/hw-kim503/hw1/hw1_tests/flex_char_manager
"FlexCharManager.FiveCharAlloc" start time: Sep 26 13:26 PDT
Output:
----------------------------------------------------------
==776== Memcheck, a memory error detector
==776== Copyright (C) 2002-2017, and GNU GPL'd, by Julian Seward et al.
==776== Using Valgrind-3.13.0 and LibVEX; rerun with -h for copyright info
==776== Command: /home/cs104/cs104/hw-kim503/hw1/hw1_tests/flex_char_manager/flex_char_manager_test --gtest_filter=FlexCharManager.FiveCharAlloc
==776== 
Running main() from gtest_main.cc
Note: Google Test filter = FlexCharManager.FiveCharAlloc
[==========] Running 1 test from 1 test case.
[----------] Global test environment set-up.
[----------] 1 test from FlexCharManager
[ RUN      ] FlexCharManager.FiveCharAlloc
[       OK ] FlexCharManager.FiveCharAlloc (17 ms)
[----------] 1 test from FlexCharManager (21 ms total)

[----------] Global test environment tear-down
[==========] 1 test from 1 test case ran. (43 ms total)
[  PASSED  ] 1 test.
==776== 
==776== HEAP SUMMARY:
==776==     in use at exit: 72,704 bytes in 1 blocks
==776==   total heap usage: 340 allocs, 339 frees, 139,765 bytes allocated
==776== 
==776== LEAK SUMMARY:
==776==    definitely lost: 0 bytes in 0 blocks
==776==    indirectly lost: 0 bytes in 0 blocks
==776==      possibly lost: 0 bytes in 0 blocks
==776==    still reachable: 0 bytes in 0 blocks
==776==         suppressed: 72,704 bytes in 1 blocks
==776== 
==776== For counts of detected and suppressed errors, rerun with: -v
==776== ERROR SUMMARY: 0 errors from 0 contexts (suppressed: 0 from 0)
<end of output>
Test time =   0.66 sec
----------------------------------------------------------
Test Passed.
"FlexCharManager.FiveCharAlloc" end time: Sep 26 13:26 PDT
"FlexCharManager.FiveCharAlloc" time elapsed: 00:00:00
----------------------------------------------------------

30/40 Testing: FlexCharManager.FiveCharAllocFree
30/40 Test: FlexCharManager.FiveCharAllocFree
Command: "/usr/bin/valgrind" "--tool=memcheck" "--leak-check=yes" "--error-exitcode=42" "--trace-children=no" "/home/cs104/cs104/hw-kim503/hw1/hw1_tests/flex_char_manager/flex_char_manager_test" "--gtest_filter=FlexCharManager.FiveCharAllocFree"
Directory: /home/cs104/cs104/hw-kim503/hw1/hw1_tests/flex_char_manager
"FlexCharManager.FiveCharAllocFree" start time: Sep 26 13:26 PDT
Output:
----------------------------------------------------------
==778== Memcheck, a memory error detector
==778== Copyright (C) 2002-2017, and GNU GPL'd, by Julian Seward et al.
==778== Using Valgrind-3.13.0 and LibVEX; rerun with -h for copyright info
==778== Command: /home/cs104/cs104/hw-kim503/hw1/hw1_tests/flex_char_manager/flex_char_manager_test --gtest_filter=FlexCharManager.FiveCharAllocFree
==778== 
Running main() from gtest_main.cc
Note: Google Test filter = FlexCharManager.FiveCharAllocFree
[==========] Running 1 test from 1 test case.
[----------] Global test environment set-up.
[----------] 1 test from FlexCharManager
[ RUN      ] FlexCharManager.FiveCharAllocFree
[       OK ] FlexCharManager.FiveCharAllocFree (19 ms)
[----------] 1 test from FlexCharManager (25 ms total)

[----------] Global test environment tear-down
[==========] 1 test from 1 test case ran. (46 ms total)
[  PASSED  ] 1 test.
==778== 
==778== HEAP SUMMARY:
==778==     in use at exit: 72,704 bytes in 1 blocks
==778==   total heap usage: 340 allocs, 339 frees, 139,853 bytes allocated
==778== 
==778== LEAK SUMMARY:
==778==    definitely lost: 0 bytes in 0 blocks
==778==    indirectly lost: 0 bytes in 0 blocks
==778==      possibly lost: 0 bytes in 0 blocks
==778==    still reachable: 0 bytes in 0 blocks
==778==         suppressed: 72,704 bytes in 1 blocks
==778== 
==778== For counts of detected and suppressed errors, rerun with: -v
==778== ERROR SUMMARY: 0 errors from 0 contexts (suppressed: 0 from 0)
<end of output>
Test time =   0.63 sec
----------------------------------------------------------
Test Passed.
"FlexCharManager.FiveCharAllocFree" end time: Sep 26 13:26 PDT
"FlexCharManager.FiveCharAllocFree" time elapsed: 00:00:00
----------------------------------------------------------

31/40 Testing: FlexCharManager.Alloc_x2
31/40 Test: FlexCharManager.Alloc_x2
Command: "/usr/bin/valgrind" "--tool=memcheck" "--leak-check=yes" "--error-exitcode=42" "--trace-children=no" "/home/cs104/cs104/hw-kim503/hw1/hw1_tests/flex_char_manager/flex_char_manager_test" "--gtest_filter=FlexCharManager.Alloc_x2"
Directory: /home/cs104/cs104/hw-kim503/hw1/hw1_tests/flex_char_manager
"FlexCharManager.Alloc_x2" start time: Sep 26 13:26 PDT
Output:
----------------------------------------------------------
==779== Memcheck, a memory error detector
==779== Copyright (C) 2002-2017, and GNU GPL'd, by Julian Seward et al.
==779== Using Valgrind-3.13.0 and LibVEX; rerun with -h for copyright info
==779== Command: /home/cs104/cs104/hw-kim503/hw1/hw1_tests/flex_char_manager/flex_char_manager_test --gtest_filter=FlexCharManager.Alloc_x2
==779== 
Running main() from gtest_main.cc
Note: Google Test filter = FlexCharManager.Alloc_x2
[==========] Running 1 test from 1 test case.
[----------] Global test environment set-up.
[----------] 1 test from FlexCharManager
[ RUN      ] FlexCharManager.Alloc_x2
[       OK ] FlexCharManager.Alloc_x2 (18 ms)
[----------] 1 test from FlexCharManager (23 ms total)

[----------] Global test environment tear-down
[==========] 1 test from 1 test case ran. (44 ms total)
[  PASSED  ] 1 test.
==779== 
==779== HEAP SUMMARY:
==779==     in use at exit: 72,704 bytes in 1 blocks
==779==   total heap usage: 341 allocs, 340 frees, 139,746 bytes allocated
==779== 
==779== LEAK SUMMARY:
==779==    definitely lost: 0 bytes in 0 blocks
==779==    indirectly lost: 0 bytes in 0 blocks
==779==      possibly lost: 0 bytes in 0 blocks
==779==    still reachable: 0 bytes in 0 blocks
==779==         suppressed: 72,704 bytes in 1 blocks
==779== 
==779== For counts of detected and suppressed errors, rerun with: -v
==779== ERROR SUMMARY: 0 errors from 0 contexts (suppressed: 0 from 0)
<end of output>
Test time =   0.68 sec
----------------------------------------------------------
Test Passed.
"FlexCharManager.Alloc_x2" end time: Sep 26 13:26 PDT
"FlexCharManager.Alloc_x2" time elapsed: 00:00:00
----------------------------------------------------------

32/40 Testing: FlexCharManager.AllocFree_x2_RevOrder
32/40 Test: FlexCharManager.AllocFree_x2_RevOrder
Command: "/usr/bin/valgrind" "--tool=memcheck" "--leak-check=yes" "--error-exitcode=42" "--trace-children=no" "/home/cs104/cs104/hw-kim503/hw1/hw1_tests/flex_char_manager/flex_char_manager_test" "--gtest_filter=FlexCharManager.AllocFree_x2_RevOrder"
Directory: /home/cs104/cs104/hw-kim503/hw1/hw1_tests/flex_char_manager
"FlexCharManager.AllocFree_x2_RevOrder" start time: Sep 26 13:26 PDT
Output:
----------------------------------------------------------
==780== Memcheck, a memory error detector
==780== Copyright (C) 2002-2017, and GNU GPL'd, by Julian Seward et al.
==780== Using Valgrind-3.13.0 and LibVEX; rerun with -h for copyright info
==780== Command: /home/cs104/cs104/hw-kim503/hw1/hw1_tests/flex_char_manager/flex_char_manager_test --gtest_filter=FlexCharManager.AllocFree_x2_RevOrder
==780== 
Running main() from gtest_main.cc
Note: Google Test filter = FlexCharManager.AllocFree_x2_RevOrder
[==========] Running 1 test from 1 test case.
[----------] Global test environment set-up.
[----------] 1 test from FlexCharManager
[ RUN      ] FlexCharManager.AllocFree_x2_RevOrder
[       OK ] FlexCharManager.AllocFree_x2_RevOrder (21 ms)
[----------] 1 test from FlexCharManager (25 ms total)

[----------] Global test environment tear-down
[==========] 1 test from 1 test case ran. (46 ms total)
[  PASSED  ] 1 test.
==780== 
==780== HEAP SUMMARY:
==780==     in use at exit: 72,704 bytes in 1 blocks
==780==   total heap usage: 341 allocs, 340 frees, 139,977 bytes allocated
==780== 
==780== LEAK SUMMARY:
==780==    definitely lost: 0 bytes in 0 blocks
==780==    indirectly lost: 0 bytes in 0 blocks
==780==      possibly lost: 0 bytes in 0 blocks
==780==    still reachable: 0 bytes in 0 blocks
==780==         suppressed: 72,704 bytes in 1 blocks
==780== 
==780== For counts of detected and suppressed errors, rerun with: -v
==780== ERROR SUMMARY: 0 errors from 0 contexts (suppressed: 0 from 0)
<end of output>
Test time =   0.65 sec
----------------------------------------------------------
Test Passed.
"FlexCharManager.AllocFree_x2_RevOrder" end time: Sep 26 13:26 PDT
"FlexCharManager.AllocFree_x2_RevOrder" time elapsed: 00:00:00
----------------------------------------------------------

33/40 Testing: FlexCharManager.AllocFree_x2_FwdOrder
33/40 Test: FlexCharManager.AllocFree_x2_FwdOrder
Command: "/usr/bin/valgrind" "--tool=memcheck" "--leak-check=yes" "--error-exitcode=42" "--trace-children=no" "/home/cs104/cs104/hw-kim503/hw1/hw1_tests/flex_char_manager/flex_char_manager_test" "--gtest_filter=FlexCharManager.AllocFree_x2_FwdOrder"
Directory: /home/cs104/cs104/hw-kim503/hw1/hw1_tests/flex_char_manager
"FlexCharManager.AllocFree_x2_FwdOrder" start time: Sep 26 13:26 PDT
Output:
----------------------------------------------------------
==783== Memcheck, a memory error detector
==783== Copyright (C) 2002-2017, and GNU GPL'd, by Julian Seward et al.
==783== Using Valgrind-3.13.0 and LibVEX; rerun with -h for copyright info
==783== Command: /home/cs104/cs104/hw-kim503/hw1/hw1_tests/flex_char_manager/flex_char_manager_test --gtest_filter=FlexCharManager.AllocFree_x2_FwdOrder
==783== 
Running main() from gtest_main.cc
Note: Google Test filter = FlexCharManager.AllocFree_x2_FwdOrder
[==========] Running 1 test from 1 test case.
[----------] Global test environment set-up.
[----------] 1 test from FlexCharManager
[ RUN      ] FlexCharManager.AllocFree_x2_FwdOrder
[       OK ] FlexCharManager.AllocFree_x2_FwdOrder (24 ms)
[----------] 1 test from FlexCharManager (29 ms total)

[----------] Global test environment tear-down
[==========] 1 test from 1 test case ran. (53 ms total)
[  PASSED  ] 1 test.
==783== 
==783== HEAP SUMMARY:
==783==     in use at exit: 72,704 bytes in 1 blocks
==783==   total heap usage: 341 allocs, 340 frees, 139,977 bytes allocated
==783== 
==783== LEAK SUMMARY:
==783==    definitely lost: 0 bytes in 0 blocks
==783==    indirectly lost: 0 bytes in 0 blocks
==783==      possibly lost: 0 bytes in 0 blocks
==783==    still reachable: 0 bytes in 0 blocks
==783==         suppressed: 72,704 bytes in 1 blocks
==783== 
==783== For counts of detected and suppressed errors, rerun with: -v
==783== ERROR SUMMARY: 0 errors from 0 contexts (suppressed: 0 from 0)
<end of output>
Test time =   0.66 sec
----------------------------------------------------------
Test Passed.
"FlexCharManager.AllocFree_x2_FwdOrder" end time: Sep 26 13:26 PDT
"FlexCharManager.AllocFree_x2_FwdOrder" time elapsed: 00:00:00
----------------------------------------------------------

34/40 Testing: FlexCharManager.MemoryReuse
34/40 Test: FlexCharManager.MemoryReuse
Command: "/usr/bin/valgrind" "--tool=memcheck" "--leak-check=yes" "--error-exitcode=42" "--trace-children=no" "/home/cs104/cs104/hw-kim503/hw1/hw1_tests/flex_char_manager/flex_char_manager_test" "--gtest_filter=FlexCharManager.MemoryReuse"
Directory: /home/cs104/cs104/hw-kim503/hw1/hw1_tests/flex_char_manager
"FlexCharManager.MemoryReuse" start time: Sep 26 13:26 PDT
Output:
----------------------------------------------------------
==784== Memcheck, a memory error detector
==784== Copyright (C) 2002-2017, and GNU GPL'd, by Julian Seward et al.
==784== Using Valgrind-3.13.0 and LibVEX; rerun with -h for copyright info
==784== Command: /home/cs104/cs104/hw-kim503/hw1/hw1_tests/flex_char_manager/flex_char_manager_test --gtest_filter=FlexCharManager.MemoryReuse
==784== 
Running main() from gtest_main.cc
Note: Google Test filter = FlexCharManager.MemoryReuse
[==========] Running 1 test from 1 test case.
[----------] Global test environment set-up.
[----------] 1 test from FlexCharManager
[ RUN      ] FlexCharManager.MemoryReuse
[       OK ] FlexCharManager.MemoryReuse (54 ms)
[----------] 1 test from FlexCharManager (58 ms total)

[----------] Global test environment tear-down
[==========] 1 test from 1 test case ran. (79 ms total)
[  PASSED  ] 1 test.
==784== 
==784== HEAP SUMMARY:
==784==     in use at exit: 72,704 bytes in 1 blocks
==784==   total heap usage: 383 allocs, 382 frees, 140,855 bytes allocated
==784== 
==784== LEAK SUMMARY:
==784==    definitely lost: 0 bytes in 0 blocks
==784==    indirectly lost: 0 bytes in 0 blocks
==784==      possibly lost: 0 bytes in 0 blocks
==784==    still reachable: 0 bytes in 0 blocks
==784==         suppressed: 72,704 bytes in 1 blocks
==784== 
==784== For counts of detected and suppressed errors, rerun with: -v
==784== ERROR SUMMARY: 0 errors from 0 contexts (suppressed: 0 from 0)
<end of output>
Test time =   0.69 sec
----------------------------------------------------------
Test Passed.
"FlexCharManager.MemoryReuse" end time: Sep 26 13:26 PDT
"FlexCharManager.MemoryReuse" time elapsed: 00:00:00
----------------------------------------------------------

35/40 Testing: FlexCharManager.Alloc10000Chars
35/40 Test: FlexCharManager.Alloc10000Chars
Command: "/usr/bin/valgrind" "--tool=memcheck" "--leak-check=yes" "--error-exitcode=42" "--trace-children=no" "/home/cs104/cs104/hw-kim503/hw1/hw1_tests/flex_char_manager/flex_char_manager_test" "--gtest_filter=FlexCharManager.Alloc10000Chars"
Directory: /home/cs104/cs104/hw-kim503/hw1/hw1_tests/flex_char_manager
"FlexCharManager.Alloc10000Chars" start time: Sep 26 13:26 PDT
Output:
----------------------------------------------------------
==785== Memcheck, a memory error detector
==785== Copyright (C) 2002-2017, and GNU GPL'd, by Julian Seward et al.
==785== Using Valgrind-3.13.0 and LibVEX; rerun with -h for copyright info
==785== Command: /home/cs104/cs104/hw-kim503/hw1/hw1_tests/flex_char_manager/flex_char_manager_test --gtest_filter=FlexCharManager.Alloc10000Chars
==785== 
Running main() from gtest_main.cc
Note: Google Test filter = FlexCharManager.Alloc10000Chars
[==========] Running 1 test from 1 test case.
[----------] Global test environment set-up.
[----------] 1 test from FlexCharManager
[ RUN      ] FlexCharManager.Alloc10000Chars
[       OK ] FlexCharManager.Alloc10000Chars (20 ms)
[----------] 1 test from FlexCharManager (24 ms total)

[----------] Global test environment tear-down
[==========] 1 test from 1 test case ran. (43 ms total)
[  PASSED  ] 1 test.
==785== 
==785== HEAP SUMMARY:
==785==     in use at exit: 72,704 bytes in 1 blocks
==785==   total heap usage: 340 allocs, 339 frees, 139,799 bytes allocated
==785== 
==785== LEAK SUMMARY:
==785==    definitely lost: 0 bytes in 0 blocks
==785==    indirectly lost: 0 bytes in 0 blocks
==785==      possibly lost: 0 bytes in 0 blocks
==785==    still reachable: 0 bytes in 0 blocks
==785==         suppressed: 72,704 bytes in 1 blocks
==785== 
==785== For counts of detected and suppressed errors, rerun with: -v
==785== ERROR SUMMARY: 0 errors from 0 contexts (suppressed: 0 from 0)
<end of output>
Test time =   0.65 sec
----------------------------------------------------------
Test Passed.
"FlexCharManager.Alloc10000Chars" end time: Sep 26 13:26 PDT
"FlexCharManager.Alloc10000Chars" time elapsed: 00:00:00
----------------------------------------------------------

36/40 Testing: FlexCharManager.Alloc5Charx2000
36/40 Test: FlexCharManager.Alloc5Charx2000
Command: "/usr/bin/valgrind" "--tool=memcheck" "--leak-check=yes" "--error-exitcode=42" "--trace-children=no" "/home/cs104/cs104/hw-kim503/hw1/hw1_tests/flex_char_manager/flex_char_manager_test" "--gtest_filter=FlexCharManager.Alloc5Charx2000"
Directory: /home/cs104/cs104/hw-kim503/hw1/hw1_tests/flex_char_manager
"FlexCharManager.Alloc5Charx2000" start time: Sep 26 13:26 PDT
Output:
----------------------------------------------------------
==786== Memcheck, a memory error detector
==786== Copyright (C) 2002-2017, and GNU GPL'd, by Julian Seward et al.
==786== Using Valgrind-3.13.0 and LibVEX; rerun with -h for copyright info
==786== Command: /home/cs104/cs104/hw-kim503/hw1/hw1_tests/flex_char_manager/flex_char_manager_test --gtest_filter=FlexCharManager.Alloc5Charx2000
==786== 
Running main() from gtest_main.cc
Note: Google Test filter = FlexCharManager.Alloc5Charx2000
[==========] Running 1 test from 1 test case.
[----------] Global test environment set-up.
[----------] 1 test from FlexCharManager
[ RUN      ] FlexCharManager.Alloc5Charx2000
[       OK ] FlexCharManager.Alloc5Charx2000 (1103 ms)
[----------] 1 test from FlexCharManager (1107 ms total)

[----------] Global test environment tear-down
[==========] 1 test from 1 test case ran. (1128 ms total)
[  PASSED  ] 1 test.
==786== 
==786== HEAP SUMMARY:
==786==     in use at exit: 72,704 bytes in 1 blocks
==786==   total heap usage: 2,361 allocs, 2,360 frees, 237,279 bytes allocated
==786== 
==786== LEAK SUMMARY:
==786==    definitely lost: 0 bytes in 0 blocks
==786==    indirectly lost: 0 bytes in 0 blocks
==786==      possibly lost: 0 bytes in 0 blocks
==786==    still reachable: 0 bytes in 0 blocks
==786==         suppressed: 72,704 bytes in 1 blocks
==786== 
==786== For counts of detected and suppressed errors, rerun with: -v
==786== ERROR SUMMARY: 0 errors from 0 contexts (suppressed: 0 from 0)
<end of output>
Test time =   1.71 sec
----------------------------------------------------------
Test Passed.
"FlexCharManager.Alloc5Charx2000" end time: Sep 26 13:26 PDT
"FlexCharManager.Alloc5Charx2000" time elapsed: 00:00:01
----------------------------------------------------------

37/40 Testing: FlexCharManager.AllocDealloc10Charx1000
37/40 Test: FlexCharManager.AllocDealloc10Charx1000
Command: "/usr/bin/valgrind" "--tool=memcheck" "--leak-check=yes" "--error-exitcode=42" "--trace-children=no" "/home/cs104/cs104/hw-kim503/hw1/hw1_tests/flex_char_manager/flex_char_manager_test" "--gtest_filter=FlexCharManager.AllocDealloc10Charx1000"
Directory: /home/cs104/cs104/hw-kim503/hw1/hw1_tests/flex_char_manager
"FlexCharManager.AllocDealloc10Charx1000" start time: Sep 26 13:26 PDT
Output:
----------------------------------------------------------
==787== Memcheck, a memory error detector
==787== Copyright (C) 2002-2017, and GNU GPL'd, by Julian Seward et al.
==787== Using Valgrind-3.13.0 and LibVEX; rerun with -h for copyright info
==787== Command: /home/cs104/cs104/hw-kim503/hw1/hw1_tests/flex_char_manager/flex_char_manager_test --gtest_filter=FlexCharManager.AllocDealloc10Charx1000
==787== 
Running main() from gtest_main.cc
Note: Google Test filter = FlexCharManager.AllocDealloc10Charx1000
[==========] Running 1 test from 1 test case.
[----------] Global test environment set-up.
[----------] 1 test from FlexCharManager
[ RUN      ] FlexCharManager.AllocDealloc10Charx1000
[       OK ] FlexCharManager.AllocDealloc10Charx1000 (50414 ms)
[----------] 1 test from FlexCharManager (50418 ms total)

[----------] Global test environment tear-down
[==========] 1 test from 1 test case ran. (50440 ms total)
[  PASSED  ] 1 test.
==787== 
==787== HEAP SUMMARY:
==787==     in use at exit: 72,704 bytes in 1 blocks
==787==   total heap usage: 1,368 allocs, 1,367 frees, 196,903 bytes allocated
==787== 
==787== LEAK SUMMARY:
==787==    definitely lost: 0 bytes in 0 blocks
==787==    indirectly lost: 0 bytes in 0 blocks
==787==      possibly lost: 0 bytes in 0 blocks
==787==    still reachable: 0 bytes in 0 blocks
==787==         suppressed: 72,704 bytes in 1 blocks
==787== 
==787== For counts of detected and suppressed errors, rerun with: -v
==787== ERROR SUMMARY: 0 errors from 0 contexts (suppressed: 0 from 0)
<end of output>
Test time =  51.03 sec
----------------------------------------------------------
Test Passed.
"FlexCharManager.AllocDealloc10Charx1000" end time: Sep 26 13:27 PDT
"FlexCharManager.AllocDealloc10Charx1000" time elapsed: 00:00:51
----------------------------------------------------------

38/40 Testing: FlexCharManager.RandomOrderDealloc
38/40 Test: FlexCharManager.RandomOrderDealloc
Command: "/usr/bin/valgrind" "--tool=memcheck" "--leak-check=yes" "--error-exitcode=42" "--trace-children=no" "/home/cs104/cs104/hw-kim503/hw1/hw1_tests/flex_char_manager/flex_char_manager_test" "--gtest_filter=FlexCharManager.RandomOrderDealloc"
Directory: /home/cs104/cs104/hw-kim503/hw1/hw1_tests/flex_char_manager
"FlexCharManager.RandomOrderDealloc" start time: Sep 26 13:27 PDT
Output:
----------------------------------------------------------
==788== Memcheck, a memory error detector
==788== Copyright (C) 2002-2017, and GNU GPL'd, by Julian Seward et al.
==788== Using Valgrind-3.13.0 and LibVEX; rerun with -h for copyright info
==788== Command: /home/cs104/cs104/hw-kim503/hw1/hw1_tests/flex_char_manager/flex_char_manager_test --gtest_filter=FlexCharManager.RandomOrderDealloc
==788== 
Running main() from gtest_main.cc
Note: Google Test filter = FlexCharManager.RandomOrderDealloc
[==========] Running 1 test from 1 test case.
[----------] Global test environment set-up.
[----------] 1 test from FlexCharManager
[ RUN      ] FlexCharManager.RandomOrderDealloc
[       OK ] FlexCharManager.RandomOrderDealloc (109 ms)
[----------] 1 test from FlexCharManager (114 ms total)

[----------] Global test environment tear-down
[==========] 1 test from 1 test case ran. (136 ms total)
[  PASSED  ] 1 test.
==788== 
==788== HEAP SUMMARY:
==788==     in use at exit: 72,704 bytes in 1 blocks
==788==   total heap usage: 865 allocs, 864 frees, 168,288 bytes allocated
==788== 
==788== LEAK SUMMARY:
==788==    definitely lost: 0 bytes in 0 blocks
==788==    indirectly lost: 0 bytes in 0 blocks
==788==      possibly lost: 0 bytes in 0 blocks
==788==    still reachable: 0 bytes in 0 blocks
==788==         suppressed: 72,704 bytes in 1 blocks
==788== 
==788== For counts of detected and suppressed errors, rerun with: -v
==788== ERROR SUMMARY: 0 errors from 0 contexts (suppressed: 0 from 0)
<end of output>
Test time =   0.73 sec
----------------------------------------------------------
Test Passed.
"FlexCharManager.RandomOrderDealloc" end time: Sep 26 13:27 PDT
"FlexCharManager.RandomOrderDealloc" time elapsed: 00:00:00
----------------------------------------------------------

39/40 Testing: FlexCharManager.BasicFirstFit
39/40 Test: FlexCharManager.BasicFirstFit
Command: "/usr/bin/valgrind" "--tool=memcheck" "--leak-check=yes" "--error-exitcode=42" "--trace-children=no" "/home/cs104/cs104/hw-kim503/hw1/hw1_tests/flex_char_manager/flex_char_manager_test" "--gtest_filter=FlexCharManager.BasicFirstFit"
Directory: /home/cs104/cs104/hw-kim503/hw1/hw1_tests/flex_char_manager
"FlexCharManager.BasicFirstFit" start time: Sep 26 13:27 PDT
Output:
----------------------------------------------------------
==789== Memcheck, a memory error detector
==789== Copyright (C) 2002-2017, and GNU GPL'd, by Julian Seward et al.
==789== Using Valgrind-3.13.0 and LibVEX; rerun with -h for copyright info
==789== Command: /home/cs104/cs104/hw-kim503/hw1/hw1_tests/flex_char_manager/flex_char_manager_test --gtest_filter=FlexCharManager.BasicFirstFit
==789== 
Running main() from gtest_main.cc
Note: Google Test filter = FlexCharManager.BasicFirstFit
[==========] Running 1 test from 1 test case.
[----------] Global test environment set-up.
[----------] 1 test from FlexCharManager
[ RUN      ] FlexCharManager.BasicFirstFit
[       OK ] FlexCharManager.BasicFirstFit (25 ms)
[----------] 1 test from FlexCharManager (30 ms total)

[----------] Global test environment tear-down
[==========] 1 test from 1 test case ran. (52 ms total)
[  PASSED  ] 1 test.
==789== 
==789== HEAP SUMMARY:
==789==     in use at exit: 72,704 bytes in 1 blocks
==789==   total heap usage: 342 allocs, 341 frees, 139,797 bytes allocated
==789== 
==789== LEAK SUMMARY:
==789==    definitely lost: 0 bytes in 0 blocks
==789==    indirectly lost: 0 bytes in 0 blocks
==789==      possibly lost: 0 bytes in 0 blocks
==789==    still reachable: 0 bytes in 0 blocks
==789==         suppressed: 72,704 bytes in 1 blocks
==789== 
==789== For counts of detected and suppressed errors, rerun with: -v
==789== ERROR SUMMARY: 0 errors from 0 contexts (suppressed: 0 from 0)
<end of output>
Test time =   0.66 sec
----------------------------------------------------------
Test Passed.
"FlexCharManager.BasicFirstFit" end time: Sep 26 13:27 PDT
"FlexCharManager.BasicFirstFit" time elapsed: 00:00:00
----------------------------------------------------------

40/40 Testing: FlexCharManager.IntermediateFirstFit
40/40 Test: FlexCharManager.IntermediateFirstFit
Command: "/usr/bin/valgrind" "--tool=memcheck" "--leak-check=yes" "--error-exitcode=42" "--trace-children=no" "/home/cs104/cs104/hw-kim503/hw1/hw1_tests/flex_char_manager/flex_char_manager_test" "--gtest_filter=FlexCharManager.IntermediateFirstFit"
Directory: /home/cs104/cs104/hw-kim503/hw1/hw1_tests/flex_char_manager
"FlexCharManager.IntermediateFirstFit" start time: Sep 26 13:27 PDT
Output:
----------------------------------------------------------
==790== Memcheck, a memory error detector
==790== Copyright (C) 2002-2017, and GNU GPL'd, by Julian Seward et al.
==790== Using Valgrind-3.13.0 and LibVEX; rerun with -h for copyright info
==790== Command: /home/cs104/cs104/hw-kim503/hw1/hw1_tests/flex_char_manager/flex_char_manager_test --gtest_filter=FlexCharManager.IntermediateFirstFit
==790== 
Running main() from gtest_main.cc
Note: Google Test filter = FlexCharManager.IntermediateFirstFit
[==========] Running 1 test from 1 test case.
[----------] Global test environment set-up.
[----------] 1 test from FlexCharManager
[ RUN      ] FlexCharManager.IntermediateFirstFit
[       OK ] FlexCharManager.IntermediateFirstFit (28 ms)
[----------] 1 test from FlexCharManager (33 ms total)

[----------] Global test environment tear-down
[==========] 1 test from 1 test case ran. (55 ms total)
[  PASSED  ] 1 test.
==790== 
==790== HEAP SUMMARY:
==790==     in use at exit: 72,704 bytes in 1 blocks
==790==   total heap usage: 355 allocs, 354 frees, 140,350 bytes allocated
==790== 
==790== LEAK SUMMARY:
==790==    definitely lost: 0 bytes in 0 blocks
==790==    indirectly lost: 0 bytes in 0 blocks
==790==      possibly lost: 0 bytes in 0 blocks
==790==    still reachable: 0 bytes in 0 blocks
==790==         suppressed: 72,704 bytes in 1 blocks
==790== 
==790== For counts of detected and suppressed errors, rerun with: -v
==790== ERROR SUMMARY: 0 errors from 0 contexts (suppressed: 0 from 0)
<end of output>
Test time =   0.66 sec
----------------------------------------------------------
Test Passed.
"FlexCharManager.IntermediateFirstFit" end time: Sep 26 13:27 PDT
"FlexCharManager.IntermediateFirstFit" time elapsed: 00:00:00
----------------------------------------------------------

End testing: Sep 26 13:27 PDT
