<?xml version="1.0" encoding="UTF-8"?>
<Site BuildName="(empty)"
	BuildStamp="20181204-2233-Experimental"
	Name="(empty)"
	Generator="ctest-3.5.1"
	CompilerName=""
	CompilerVersion=""
	OSName="Linux"
	Hostname="studentVM"
	OSRelease="4.4.0-104-generic"
	OSVersion="#127-Ubuntu SMP Mon Dec 11 12:16:42 UTC 2017"
	OSPlatform="x86_64"
	Is64Bits="1"
	VendorString="GenuineIntel"
	VendorID="Intel Corporation"
	FamilyID="6"
	ModelID="158"
	ProcessorCacheSize="6144"
	NumberOfLogicalCPU="1"
	NumberOfPhysicalCPU="1"
	TotalVirtualMemory="2045"
	TotalPhysicalMemory="2000"
	LogicalProcessorsPerPhysical="1"
	ProcessorClockFrequency="2808"
	>
	<Testing>
		<StartDateTime>Dec 04 14:33 PST</StartDateTime>
		<StartTestTime>1543962826</StartTestTime>
		<TestList>
			<Test>./search_tests/Search.OneSquare</Test>
			<Test>./search_tests/Search.MicroHorizontal</Test>
			<Test>./search_tests/Search.MicroVertical</Test>
			<Test>./search_tests/Search.Discontiguous</Test>
			<Test>./search_tests/Search.Ring</Test>
			<Test>./search_tests/Search.EqualSmallerCountries</Test>
			<Test>./search_tests/Search.26Letters</Test>
			<Test>./search_tests/Search.DiagonalCountries</Test>
			<Test>./search_tests/Search.ProvidedMap</Test>
			<Test>./search_tests/Search.WindingRing</Test>
			<Test>./search_tests/Search.Concentric</Test>
			<Test>./search_tests/Search.Checkerboard</Test>
			<Test>./coloring_tests/Coloring.OneCountry</Test>
			<Test>./coloring_tests/Coloring.SmallGivenMap</Test>
			<Test>./coloring_tests/Coloring.MediumGivenMap</Test>
			<Test>./coloring_tests/Coloring.LargeGivenMap</Test>
			<Test>./coloring_tests/Coloring.Backtracking1</Test>
			<Test>./coloring_tests/Coloring.Backtracking2</Test>
			<Test>./coloring_tests/Coloring.WikipediaExample</Test>
			<Test>./coloring_tests/Coloring.MaxLetters</Test>
			<Test>./coloring_tests/Coloring.MaxSize</Test>
			<Test>./heap_tests/HeapTest.ConstructionDestruction</Test>
			<Test>./heap_tests/HeapTest.InitiallyEmpty</Test>
			<Test>./heap_tests/HeapTest.EmptyPeekException</Test>
			<Test>./heap_tests/HeapTest.EmptyRemoveException</Test>
			<Test>./heap_tests/HeapTest.SingleItemNonempty</Test>
			<Test>./heap_tests/HeapTest.SingleItemPush</Test>
			<Test>./heap_tests/HeapTest.SingleItemPushPop</Test>
			<Test>./heap_tests/HeapTest.TwoElementPush_LowPriFirst</Test>
			<Test>./heap_tests/HeapTest.TwoElementPush_HighPriFirst</Test>
			<Test>./heap_tests/HeapTest.TwoElementsSamePriority</Test>
			<Test>./heap_tests/HeapTest.NegativePriorities</Test>
			<Test>./heap_tests/HeapTest.ThreeElementPush_10_20_30</Test>
			<Test>./heap_tests/HeapTest.ThreeElementPush_10_30_20</Test>
			<Test>./heap_tests/HeapTest.ThreeElementPush_20_10_30</Test>
			<Test>./heap_tests/HeapTest.ThreeElementPush_20_30_10</Test>
			<Test>./heap_tests/HeapTest.ThreeElementPush_30_10_20</Test>
			<Test>./heap_tests/HeapTest.ThreeElementPush_30_20_10</Test>
			<Test>./heap_tests/HeapTest.StringStorage</Test>
			<Test>./heap_tests/HeapTest.ThreeElementPush_TrinaryHeap</Test>
			<Test>./heap_tests/HeapTest.ThreeElementPush_QuaternaryHeap</Test>
			<Test>./heap_tests/HeapStress.50x50RandomElements_BinaryHeap</Test>
			<Test>./heap_tests/HeapStress.50x50RandomElements_QuaternaryHeap</Test>
			<Test>./heap_tests/HeapStress.50x50RandomElements_DodecenaryHeap</Test>
			<Test>./heap_tests/HeapStress.2x10000RandomElements_Binary</Test>
			<Test>./heap_tests/HeapRuntime.Add</Test>
			<Test>./heap_tests/HeapRuntime.Peek</Test>
			<Test>./heap_tests/HeapRuntime.Remove</Test>
		</TestList>
		<Test Status="passed">
			<Name>Search.OneSquare</Name>
			<Path>./search_tests</Path>
			<FullName>./search_tests/Search.OneSquare</FullName>
			<FullCommandLine>/home/cs104/cs104/hw-kim503/hw6/hw6_tests/search_tests/search_test "--gtest_filter=Search.OneSquare"</FullCommandLine>
			<Results>
				<NamedMeasurement type="numeric/double" name="Execution Time">
					<Value>0.488439</Value>
				</NamedMeasurement>
				<NamedMeasurement type="text/string" name="Completion Status">
					<Value>Completed</Value>
				</NamedMeasurement>
				<NamedMeasurement type="text/string" name="Command Line">
					<Value>/home/cs104/cs104/hw-kim503/hw6/hw6_tests/search_tests/search_test "--gtest_filter=Search.OneSquare"</Value>
				</NamedMeasurement>
				<Measurement>
					<Value>Running main() from gtest_main.cc
Note: Google Test filter = Search.OneSquare
[==========] Running 1 test from 1 test case.
[----------] Global test environment set-up.
[----------] 1 test from Search
[ RUN      ] Search.OneSquare
This test is executing your program with the following command line: 
/usr/bin/valgrind --tool=memcheck -q --leak-check=yes --error-exitcode=113 /home/cs104/cs104/hw-kim503/hw6/search /home/cs104/cs104/hw-kim503/hw6/hw6_tests/search_tests/testFiles/OneSquare/input.txt
Your program's STDOUT was written to: /home/cs104/cs104/hw-kim503/hw6/hw6_tests/search_tests/testFiles/OneSquare/output.txt
[       OK ] Search.OneSquare (487 ms)
[----------] 1 test from Search (487 ms total)

[----------] Global test environment tear-down
[==========] 1 test from 1 test case ran. (487 ms total)
[  PASSED  ] 1 test.
</Value>
				</Measurement>
			</Results>
		</Test>
		<Test Status="passed">
			<Name>Search.MicroHorizontal</Name>
			<Path>./search_tests</Path>
			<FullName>./search_tests/Search.MicroHorizontal</FullName>
			<FullCommandLine>/home/cs104/cs104/hw-kim503/hw6/hw6_tests/search_tests/search_test "--gtest_filter=Search.MicroHorizontal"</FullCommandLine>
			<Results>
				<NamedMeasurement type="numeric/double" name="Execution Time">
					<Value>0.507412</Value>
				</NamedMeasurement>
				<NamedMeasurement type="text/string" name="Completion Status">
					<Value>Completed</Value>
				</NamedMeasurement>
				<NamedMeasurement type="text/string" name="Command Line">
					<Value>/home/cs104/cs104/hw-kim503/hw6/hw6_tests/search_tests/search_test "--gtest_filter=Search.MicroHorizontal"</Value>
				</NamedMeasurement>
				<Measurement>
					<Value>Running main() from gtest_main.cc
Note: Google Test filter = Search.MicroHorizontal
[==========] Running 1 test from 1 test case.
[----------] Global test environment set-up.
[----------] 1 test from Search
[ RUN      ] Search.MicroHorizontal
This test is executing your program with the following command line: 
/usr/bin/valgrind --tool=memcheck -q --leak-check=yes --error-exitcode=113 /home/cs104/cs104/hw-kim503/hw6/search /home/cs104/cs104/hw-kim503/hw6/hw6_tests/search_tests/testFiles/Micro/input.txt
Your program's STDOUT was written to: /home/cs104/cs104/hw-kim503/hw6/hw6_tests/search_tests/testFiles/Micro/output.txt
[       OK ] Search.MicroHorizontal (506 ms)
[----------] 1 test from Search (506 ms total)

[----------] Global test environment tear-down
[==========] 1 test from 1 test case ran. (506 ms total)
[  PASSED  ] 1 test.
</Value>
				</Measurement>
			</Results>
		</Test>
		<Test Status="passed">
			<Name>Search.MicroVertical</Name>
			<Path>./search_tests</Path>
			<FullName>./search_tests/Search.MicroVertical</FullName>
			<FullCommandLine>/home/cs104/cs104/hw-kim503/hw6/hw6_tests/search_tests/search_test "--gtest_filter=Search.MicroVertical"</FullCommandLine>
			<Results>
				<NamedMeasurement type="numeric/double" name="Execution Time">
					<Value>0.506258</Value>
				</NamedMeasurement>
				<NamedMeasurement type="text/string" name="Completion Status">
					<Value>Completed</Value>
				</NamedMeasurement>
				<NamedMeasurement type="text/string" name="Command Line">
					<Value>/home/cs104/cs104/hw-kim503/hw6/hw6_tests/search_tests/search_test "--gtest_filter=Search.MicroVertical"</Value>
				</NamedMeasurement>
				<Measurement>
					<Value>Running main() from gtest_main.cc
Note: Google Test filter = Search.MicroVertical
[==========] Running 1 test from 1 test case.
[----------] Global test environment set-up.
[----------] 1 test from Search
[ RUN      ] Search.MicroVertical
This test is executing your program with the following command line: 
/usr/bin/valgrind --tool=memcheck -q --leak-check=yes --error-exitcode=113 /home/cs104/cs104/hw-kim503/hw6/search /home/cs104/cs104/hw-kim503/hw6/hw6_tests/search_tests/testFiles/MicroVertical/input.txt
Your program's STDOUT was written to: /home/cs104/cs104/hw-kim503/hw6/hw6_tests/search_tests/testFiles/MicroVertical/output.txt
[       OK ] Search.MicroVertical (504 ms)
[----------] 1 test from Search (504 ms total)

[----------] Global test environment tear-down
[==========] 1 test from 1 test case ran. (504 ms total)
[  PASSED  ] 1 test.
</Value>
				</Measurement>
			</Results>
		</Test>
		<Test Status="passed">
			<Name>Search.Discontiguous</Name>
			<Path>./search_tests</Path>
			<FullName>./search_tests/Search.Discontiguous</FullName>
			<FullCommandLine>/home/cs104/cs104/hw-kim503/hw6/hw6_tests/search_tests/search_test "--gtest_filter=Search.Discontiguous"</FullCommandLine>
			<Results>
				<NamedMeasurement type="numeric/double" name="Execution Time">
					<Value>0.525709</Value>
				</NamedMeasurement>
				<NamedMeasurement type="text/string" name="Completion Status">
					<Value>Completed</Value>
				</NamedMeasurement>
				<NamedMeasurement type="text/string" name="Command Line">
					<Value>/home/cs104/cs104/hw-kim503/hw6/hw6_tests/search_tests/search_test "--gtest_filter=Search.Discontiguous"</Value>
				</NamedMeasurement>
				<Measurement>
					<Value>Running main() from gtest_main.cc
Note: Google Test filter = Search.Discontiguous
[==========] Running 1 test from 1 test case.
[----------] Global test environment set-up.
[----------] 1 test from Search
[ RUN      ] Search.Discontiguous
This test is executing your program with the following command line: 
/usr/bin/valgrind --tool=memcheck -q --leak-check=yes --error-exitcode=113 /home/cs104/cs104/hw-kim503/hw6/search /home/cs104/cs104/hw-kim503/hw6/hw6_tests/search_tests/testFiles/Discontiguous/input.txt
Your program's STDOUT was written to: /home/cs104/cs104/hw-kim503/hw6/hw6_tests/search_tests/testFiles/Discontiguous/output.txt
[       OK ] Search.Discontiguous (523 ms)
[----------] 1 test from Search (523 ms total)

[----------] Global test environment tear-down
[==========] 1 test from 1 test case ran. (523 ms total)
[  PASSED  ] 1 test.
</Value>
				</Measurement>
			</Results>
		</Test>
		<Test Status="passed">
			<Name>Search.Ring</Name>
			<Path>./search_tests</Path>
			<FullName>./search_tests/Search.Ring</FullName>
			<FullCommandLine>/home/cs104/cs104/hw-kim503/hw6/hw6_tests/search_tests/search_test "--gtest_filter=Search.Ring"</FullCommandLine>
			<Results>
				<NamedMeasurement type="numeric/double" name="Execution Time">
					<Value>0.514699</Value>
				</NamedMeasurement>
				<NamedMeasurement type="text/string" name="Completion Status">
					<Value>Completed</Value>
				</NamedMeasurement>
				<NamedMeasurement type="text/string" name="Command Line">
					<Value>/home/cs104/cs104/hw-kim503/hw6/hw6_tests/search_tests/search_test "--gtest_filter=Search.Ring"</Value>
				</NamedMeasurement>
				<Measurement>
					<Value>Running main() from gtest_main.cc
Note: Google Test filter = Search.Ring
[==========] Running 1 test from 1 test case.
[----------] Global test environment set-up.
[----------] 1 test from Search
[ RUN      ] Search.Ring
This test is executing your program with the following command line: 
/usr/bin/valgrind --tool=memcheck -q --leak-check=yes --error-exitcode=113 /home/cs104/cs104/hw-kim503/hw6/search /home/cs104/cs104/hw-kim503/hw6/hw6_tests/search_tests/testFiles/Ring/input.txt
Your program's STDOUT was written to: /home/cs104/cs104/hw-kim503/hw6/hw6_tests/search_tests/testFiles/Ring/output.txt
[       OK ] Search.Ring (513 ms)
[----------] 1 test from Search (513 ms total)

[----------] Global test environment tear-down
[==========] 1 test from 1 test case ran. (513 ms total)
[  PASSED  ] 1 test.
</Value>
				</Measurement>
			</Results>
		</Test>
		<Test Status="passed">
			<Name>Search.EqualSmallerCountries</Name>
			<Path>./search_tests</Path>
			<FullName>./search_tests/Search.EqualSmallerCountries</FullName>
			<FullCommandLine>/home/cs104/cs104/hw-kim503/hw6/hw6_tests/search_tests/search_test "--gtest_filter=Search.EqualSmallerCountries"</FullCommandLine>
			<Results>
				<NamedMeasurement type="numeric/double" name="Execution Time">
					<Value>0.512174</Value>
				</NamedMeasurement>
				<NamedMeasurement type="text/string" name="Completion Status">
					<Value>Completed</Value>
				</NamedMeasurement>
				<NamedMeasurement type="text/string" name="Command Line">
					<Value>/home/cs104/cs104/hw-kim503/hw6/hw6_tests/search_tests/search_test "--gtest_filter=Search.EqualSmallerCountries"</Value>
				</NamedMeasurement>
				<Measurement>
					<Value>Running main() from gtest_main.cc
Note: Google Test filter = Search.EqualSmallerCountries
[==========] Running 1 test from 1 test case.
[----------] Global test environment set-up.
[----------] 1 test from Search
[ RUN      ] Search.EqualSmallerCountries
This test is executing your program with the following command line: 
/usr/bin/valgrind --tool=memcheck -q --leak-check=yes --error-exitcode=113 /home/cs104/cs104/hw-kim503/hw6/search /home/cs104/cs104/hw-kim503/hw6/hw6_tests/search_tests/testFiles/EqualSmallerCountries/input.txt
Your program's STDOUT was written to: /home/cs104/cs104/hw-kim503/hw6/hw6_tests/search_tests/testFiles/EqualSmallerCountries/output.txt
[       OK ] Search.EqualSmallerCountries (511 ms)
[----------] 1 test from Search (511 ms total)

[----------] Global test environment tear-down
[==========] 1 test from 1 test case ran. (511 ms total)
[  PASSED  ] 1 test.
</Value>
				</Measurement>
			</Results>
		</Test>
		<Test Status="passed">
			<Name>Search.26Letters</Name>
			<Path>./search_tests</Path>
			<FullName>./search_tests/Search.26Letters</FullName>
			<FullCommandLine>/home/cs104/cs104/hw-kim503/hw6/hw6_tests/search_tests/search_test "--gtest_filter=Search.26Letters"</FullCommandLine>
			<Results>
				<NamedMeasurement type="numeric/double" name="Execution Time">
					<Value>0.516907</Value>
				</NamedMeasurement>
				<NamedMeasurement type="text/string" name="Completion Status">
					<Value>Completed</Value>
				</NamedMeasurement>
				<NamedMeasurement type="text/string" name="Command Line">
					<Value>/home/cs104/cs104/hw-kim503/hw6/hw6_tests/search_tests/search_test "--gtest_filter=Search.26Letters"</Value>
				</NamedMeasurement>
				<Measurement>
					<Value>Running main() from gtest_main.cc
Note: Google Test filter = Search.26Letters
[==========] Running 1 test from 1 test case.
[----------] Global test environment set-up.
[----------] 1 test from Search
[ RUN      ] Search.26Letters
This test is executing your program with the following command line: 
/usr/bin/valgrind --tool=memcheck -q --leak-check=yes --error-exitcode=113 /home/cs104/cs104/hw-kim503/hw6/search /home/cs104/cs104/hw-kim503/hw6/hw6_tests/search_tests/testFiles/26Letters/input.txt
Your program's STDOUT was written to: /home/cs104/cs104/hw-kim503/hw6/hw6_tests/search_tests/testFiles/26Letters/output.txt
[       OK ] Search.26Letters (515 ms)
[----------] 1 test from Search (515 ms total)

[----------] Global test environment tear-down
[==========] 1 test from 1 test case ran. (515 ms total)
[  PASSED  ] 1 test.
</Value>
				</Measurement>
			</Results>
		</Test>
		<Test Status="passed">
			<Name>Search.DiagonalCountries</Name>
			<Path>./search_tests</Path>
			<FullName>./search_tests/Search.DiagonalCountries</FullName>
			<FullCommandLine>/home/cs104/cs104/hw-kim503/hw6/hw6_tests/search_tests/search_test "--gtest_filter=Search.DiagonalCountries"</FullCommandLine>
			<Results>
				<NamedMeasurement type="numeric/double" name="Execution Time">
					<Value>0.487481</Value>
				</NamedMeasurement>
				<NamedMeasurement type="text/string" name="Completion Status">
					<Value>Completed</Value>
				</NamedMeasurement>
				<NamedMeasurement type="text/string" name="Command Line">
					<Value>/home/cs104/cs104/hw-kim503/hw6/hw6_tests/search_tests/search_test "--gtest_filter=Search.DiagonalCountries"</Value>
				</NamedMeasurement>
				<Measurement>
					<Value>Running main() from gtest_main.cc
Note: Google Test filter = Search.DiagonalCountries
[==========] Running 1 test from 1 test case.
[----------] Global test environment set-up.
[----------] 1 test from Search
[ RUN      ] Search.DiagonalCountries
This test is executing your program with the following command line: 
/usr/bin/valgrind --tool=memcheck -q --leak-check=yes --error-exitcode=113 /home/cs104/cs104/hw-kim503/hw6/search /home/cs104/cs104/hw-kim503/hw6/hw6_tests/search_tests/testFiles/DiagonalCountries/input.txt
Your program's STDOUT was written to: /home/cs104/cs104/hw-kim503/hw6/hw6_tests/search_tests/testFiles/DiagonalCountries/output.txt
[       OK ] Search.DiagonalCountries (486 ms)
[----------] 1 test from Search (486 ms total)

[----------] Global test environment tear-down
[==========] 1 test from 1 test case ran. (486 ms total)
[  PASSED  ] 1 test.
</Value>
				</Measurement>
			</Results>
		</Test>
		<Test Status="passed">
			<Name>Search.ProvidedMap</Name>
			<Path>./search_tests</Path>
			<FullName>./search_tests/Search.ProvidedMap</FullName>
			<FullCommandLine>/home/cs104/cs104/hw-kim503/hw6/hw6_tests/search_tests/search_test "--gtest_filter=Search.ProvidedMap"</FullCommandLine>
			<Results>
				<NamedMeasurement type="numeric/double" name="Execution Time">
					<Value>0.509636</Value>
				</NamedMeasurement>
				<NamedMeasurement type="text/string" name="Completion Status">
					<Value>Completed</Value>
				</NamedMeasurement>
				<NamedMeasurement type="text/string" name="Command Line">
					<Value>/home/cs104/cs104/hw-kim503/hw6/hw6_tests/search_tests/search_test "--gtest_filter=Search.ProvidedMap"</Value>
				</NamedMeasurement>
				<Measurement>
					<Value>Running main() from gtest_main.cc
Note: Google Test filter = Search.ProvidedMap
[==========] Running 1 test from 1 test case.
[----------] Global test environment set-up.
[----------] 1 test from Search
[ RUN      ] Search.ProvidedMap
This test is executing your program with the following command line: 
/usr/bin/valgrind --tool=memcheck -q --leak-check=yes --error-exitcode=113 /home/cs104/cs104/hw-kim503/hw6/search /home/cs104/cs104/hw-kim503/hw6/hw6_tests/search_tests/testFiles/ProvidedMap/input.txt
Your program's STDOUT was written to: /home/cs104/cs104/hw-kim503/hw6/hw6_tests/search_tests/testFiles/ProvidedMap/output.txt
[       OK ] Search.ProvidedMap (508 ms)
[----------] 1 test from Search (508 ms total)

[----------] Global test environment tear-down
[==========] 1 test from 1 test case ran. (508 ms total)
[  PASSED  ] 1 test.
</Value>
				</Measurement>
			</Results>
		</Test>
		<Test Status="passed">
			<Name>Search.WindingRing</Name>
			<Path>./search_tests</Path>
			<FullName>./search_tests/Search.WindingRing</FullName>
			<FullCommandLine>/home/cs104/cs104/hw-kim503/hw6/hw6_tests/search_tests/search_test "--gtest_filter=Search.WindingRing"</FullCommandLine>
			<Results>
				<NamedMeasurement type="numeric/double" name="Execution Time">
					<Value>0.513983</Value>
				</NamedMeasurement>
				<NamedMeasurement type="text/string" name="Completion Status">
					<Value>Completed</Value>
				</NamedMeasurement>
				<NamedMeasurement type="text/string" name="Command Line">
					<Value>/home/cs104/cs104/hw-kim503/hw6/hw6_tests/search_tests/search_test "--gtest_filter=Search.WindingRing"</Value>
				</NamedMeasurement>
				<Measurement>
					<Value>Running main() from gtest_main.cc
Note: Google Test filter = Search.WindingRing
[==========] Running 1 test from 1 test case.
[----------] Global test environment set-up.
[----------] 1 test from Search
[ RUN      ] Search.WindingRing
This test is executing your program with the following command line: 
/usr/bin/valgrind --tool=memcheck -q --leak-check=yes --error-exitcode=113 /home/cs104/cs104/hw-kim503/hw6/search /home/cs104/cs104/hw-kim503/hw6/hw6_tests/search_tests/testFiles/WindingRing/input.txt
Your program's STDOUT was written to: /home/cs104/cs104/hw-kim503/hw6/hw6_tests/search_tests/testFiles/WindingRing/output.txt
[       OK ] Search.WindingRing (512 ms)
[----------] 1 test from Search (512 ms total)

[----------] Global test environment tear-down
[==========] 1 test from 1 test case ran. (512 ms total)
[  PASSED  ] 1 test.
</Value>
				</Measurement>
			</Results>
		</Test>
		<Test Status="passed">
			<Name>Search.Concentric</Name>
			<Path>./search_tests</Path>
			<FullName>./search_tests/Search.Concentric</FullName>
			<FullCommandLine>/home/cs104/cs104/hw-kim503/hw6/hw6_tests/search_tests/search_test "--gtest_filter=Search.Concentric"</FullCommandLine>
			<Results>
				<NamedMeasurement type="numeric/double" name="Execution Time">
					<Value>0.510688</Value>
				</NamedMeasurement>
				<NamedMeasurement type="text/string" name="Completion Status">
					<Value>Completed</Value>
				</NamedMeasurement>
				<NamedMeasurement type="text/string" name="Command Line">
					<Value>/home/cs104/cs104/hw-kim503/hw6/hw6_tests/search_tests/search_test "--gtest_filter=Search.Concentric"</Value>
				</NamedMeasurement>
				<Measurement>
					<Value>Running main() from gtest_main.cc
Note: Google Test filter = Search.Concentric
[==========] Running 1 test from 1 test case.
[----------] Global test environment set-up.
[----------] 1 test from Search
[ RUN      ] Search.Concentric
This test is executing your program with the following command line: 
/usr/bin/valgrind --tool=memcheck -q --leak-check=yes --error-exitcode=113 /home/cs104/cs104/hw-kim503/hw6/search /home/cs104/cs104/hw-kim503/hw6/hw6_tests/search_tests/testFiles/Concentric/input.txt
Your program's STDOUT was written to: /home/cs104/cs104/hw-kim503/hw6/hw6_tests/search_tests/testFiles/Concentric/output.txt
[       OK ] Search.Concentric (509 ms)
[----------] 1 test from Search (509 ms total)

[----------] Global test environment tear-down
[==========] 1 test from 1 test case ran. (509 ms total)
[  PASSED  ] 1 test.
</Value>
				</Measurement>
			</Results>
		</Test>
		<Test Status="passed">
			<Name>Search.Checkerboard</Name>
			<Path>./search_tests</Path>
			<FullName>./search_tests/Search.Checkerboard</FullName>
			<FullCommandLine>/home/cs104/cs104/hw-kim503/hw6/hw6_tests/search_tests/search_test "--gtest_filter=Search.Checkerboard"</FullCommandLine>
			<Results>
				<NamedMeasurement type="numeric/double" name="Execution Time">
					<Value>0.532535</Value>
				</NamedMeasurement>
				<NamedMeasurement type="text/string" name="Completion Status">
					<Value>Completed</Value>
				</NamedMeasurement>
				<NamedMeasurement type="text/string" name="Command Line">
					<Value>/home/cs104/cs104/hw-kim503/hw6/hw6_tests/search_tests/search_test "--gtest_filter=Search.Checkerboard"</Value>
				</NamedMeasurement>
				<Measurement>
					<Value>Running main() from gtest_main.cc
Note: Google Test filter = Search.Checkerboard
[==========] Running 1 test from 1 test case.
[----------] Global test environment set-up.
[----------] 1 test from Search
[ RUN      ] Search.Checkerboard
This test is executing your program with the following command line: 
/usr/bin/valgrind --tool=memcheck -q --leak-check=yes --error-exitcode=113 /home/cs104/cs104/hw-kim503/hw6/search /home/cs104/cs104/hw-kim503/hw6/hw6_tests/search_tests/testFiles/Checkerboard/input.txt
Your program's STDOUT was written to: /home/cs104/cs104/hw-kim503/hw6/hw6_tests/search_tests/testFiles/Checkerboard/output.txt
[       OK ] Search.Checkerboard (531 ms)
[----------] 1 test from Search (531 ms total)

[----------] Global test environment tear-down
[==========] 1 test from 1 test case ran. (531 ms total)
[  PASSED  ] 1 test.
</Value>
				</Measurement>
			</Results>
		</Test>
		<Test Status="passed">
			<Name>Coloring.OneCountry</Name>
			<Path>./coloring_tests</Path>
			<FullName>./coloring_tests/Coloring.OneCountry</FullName>
			<FullCommandLine>/home/cs104/cs104/hw-kim503/hw6/hw6_tests/coloring_tests/coloring_test "--gtest_filter=Coloring.OneCountry"</FullCommandLine>
			<Results>
				<NamedMeasurement type="numeric/double" name="Execution Time">
					<Value>0.598316</Value>
				</NamedMeasurement>
				<NamedMeasurement type="text/string" name="Completion Status">
					<Value>Completed</Value>
				</NamedMeasurement>
				<NamedMeasurement type="text/string" name="Command Line">
					<Value>/home/cs104/cs104/hw-kim503/hw6/hw6_tests/coloring_tests/coloring_test "--gtest_filter=Coloring.OneCountry"</Value>
				</NamedMeasurement>
				<Measurement>
					<Value>Running main() from gtest_main.cc
Note: Google Test filter = Coloring.OneCountry
[==========] Running 1 test from 1 test case.
[----------] Global test environment set-up.
[----------] 1 test from Coloring
[ RUN      ] Coloring.OneCountry
This test is executing your program with the following command line: 
/usr/bin/valgrind --tool=memcheck -q --leak-check=yes --error-exitcode=113 /home/cs104/cs104/hw-kim503/hw6/coloring /home/cs104/cs104/hw-kim503/hw6/hw6_tests/coloring_tests/testFiles/OneCountry/input.txt
Your program's STDOUT was written to: /home/cs104/cs104/hw-kim503/hw6/hw6_tests/coloring_tests/testFiles/OneCountry/output.txt
Test suite: all coloring solutions validated!
[       OK ] Coloring.OneCountry (596 ms)
[----------] 1 test from Coloring (596 ms total)

[----------] Global test environment tear-down
[==========] 1 test from 1 test case ran. (596 ms total)
[  PASSED  ] 1 test.
</Value>
				</Measurement>
			</Results>
		</Test>
		<Test Status="passed">
			<Name>Coloring.SmallGivenMap</Name>
			<Path>./coloring_tests</Path>
			<FullName>./coloring_tests/Coloring.SmallGivenMap</FullName>
			<FullCommandLine>/home/cs104/cs104/hw-kim503/hw6/hw6_tests/coloring_tests/coloring_test "--gtest_filter=Coloring.SmallGivenMap"</FullCommandLine>
			<Results>
				<NamedMeasurement type="numeric/double" name="Execution Time">
					<Value>0.857403</Value>
				</NamedMeasurement>
				<NamedMeasurement type="text/string" name="Completion Status">
					<Value>Completed</Value>
				</NamedMeasurement>
				<NamedMeasurement type="text/string" name="Command Line">
					<Value>/home/cs104/cs104/hw-kim503/hw6/hw6_tests/coloring_tests/coloring_test "--gtest_filter=Coloring.SmallGivenMap"</Value>
				</NamedMeasurement>
				<Measurement>
					<Value>Running main() from gtest_main.cc
Note: Google Test filter = Coloring.SmallGivenMap
[==========] Running 1 test from 1 test case.
[----------] Global test environment set-up.
[----------] 1 test from Coloring
[ RUN      ] Coloring.SmallGivenMap
This test is executing your program with the following command line: 
/usr/bin/valgrind --tool=memcheck -q --leak-check=yes --error-exitcode=113 /home/cs104/cs104/hw-kim503/hw6/coloring /home/cs104/cs104/hw-kim503/hw6/hw6_tests/coloring_tests/testFiles/SmallGivenMap/input.txt
Your program's STDOUT was written to: /home/cs104/cs104/hw-kim503/hw6/hw6_tests/coloring_tests/testFiles/SmallGivenMap/output.txt
Test suite: all coloring solutions validated!
[       OK ] Coloring.SmallGivenMap (856 ms)
[----------] 1 test from Coloring (856 ms total)

[----------] Global test environment tear-down
[==========] 1 test from 1 test case ran. (856 ms total)
[  PASSED  ] 1 test.
</Value>
				</Measurement>
			</Results>
		</Test>
		<Test Status="passed">
			<Name>Coloring.MediumGivenMap</Name>
			<Path>./coloring_tests</Path>
			<FullName>./coloring_tests/Coloring.MediumGivenMap</FullName>
			<FullCommandLine>/home/cs104/cs104/hw-kim503/hw6/hw6_tests/coloring_tests/coloring_test "--gtest_filter=Coloring.MediumGivenMap"</FullCommandLine>
			<Results>
				<NamedMeasurement type="numeric/double" name="Execution Time">
					<Value>0.547595</Value>
				</NamedMeasurement>
				<NamedMeasurement type="text/string" name="Completion Status">
					<Value>Completed</Value>
				</NamedMeasurement>
				<NamedMeasurement type="text/string" name="Command Line">
					<Value>/home/cs104/cs104/hw-kim503/hw6/hw6_tests/coloring_tests/coloring_test "--gtest_filter=Coloring.MediumGivenMap"</Value>
				</NamedMeasurement>
				<Measurement>
					<Value>Running main() from gtest_main.cc
Note: Google Test filter = Coloring.MediumGivenMap
[==========] Running 1 test from 1 test case.
[----------] Global test environment set-up.
[----------] 1 test from Coloring
[ RUN      ] Coloring.MediumGivenMap
This test is executing your program with the following command line: 
/usr/bin/valgrind --tool=memcheck -q --leak-check=yes --error-exitcode=113 /home/cs104/cs104/hw-kim503/hw6/coloring /home/cs104/cs104/hw-kim503/hw6/hw6_tests/coloring_tests/testFiles/MediumGivenMap/input.txt
Your program's STDOUT was written to: /home/cs104/cs104/hw-kim503/hw6/hw6_tests/coloring_tests/testFiles/MediumGivenMap/output.txt
Test suite: all coloring solutions validated!
[       OK ] Coloring.MediumGivenMap (546 ms)
[----------] 1 test from Coloring (546 ms total)

[----------] Global test environment tear-down
[==========] 1 test from 1 test case ran. (546 ms total)
[  PASSED  ] 1 test.
</Value>
				</Measurement>
			</Results>
		</Test>
		<Test Status="passed">
			<Name>Coloring.LargeGivenMap</Name>
			<Path>./coloring_tests</Path>
			<FullName>./coloring_tests/Coloring.LargeGivenMap</FullName>
			<FullCommandLine>/home/cs104/cs104/hw-kim503/hw6/hw6_tests/coloring_tests/coloring_test "--gtest_filter=Coloring.LargeGivenMap"</FullCommandLine>
			<Results>
				<NamedMeasurement type="numeric/double" name="Execution Time">
					<Value>0.565662</Value>
				</NamedMeasurement>
				<NamedMeasurement type="text/string" name="Completion Status">
					<Value>Completed</Value>
				</NamedMeasurement>
				<NamedMeasurement type="text/string" name="Command Line">
					<Value>/home/cs104/cs104/hw-kim503/hw6/hw6_tests/coloring_tests/coloring_test "--gtest_filter=Coloring.LargeGivenMap"</Value>
				</NamedMeasurement>
				<Measurement>
					<Value>Running main() from gtest_main.cc
Note: Google Test filter = Coloring.LargeGivenMap
[==========] Running 1 test from 1 test case.
[----------] Global test environment set-up.
[----------] 1 test from Coloring
[ RUN      ] Coloring.LargeGivenMap
This test is executing your program with the following command line: 
/usr/bin/valgrind --tool=memcheck -q --leak-check=yes --error-exitcode=113 /home/cs104/cs104/hw-kim503/hw6/coloring /home/cs104/cs104/hw-kim503/hw6/hw6_tests/coloring_tests/testFiles/LargeGivenMap/input.txt
Your program's STDOUT was written to: /home/cs104/cs104/hw-kim503/hw6/hw6_tests/coloring_tests/testFiles/LargeGivenMap/output.txt
Test suite: all coloring solutions validated!
[       OK ] Coloring.LargeGivenMap (565 ms)
[----------] 1 test from Coloring (565 ms total)

[----------] Global test environment tear-down
[==========] 1 test from 1 test case ran. (565 ms total)
[  PASSED  ] 1 test.
</Value>
				</Measurement>
			</Results>
		</Test>
		<Test Status="passed">
			<Name>Coloring.Backtracking1</Name>
			<Path>./coloring_tests</Path>
			<FullName>./coloring_tests/Coloring.Backtracking1</FullName>
			<FullCommandLine>/home/cs104/cs104/hw-kim503/hw6/hw6_tests/coloring_tests/coloring_test "--gtest_filter=Coloring.Backtracking1"</FullCommandLine>
			<Results>
				<NamedMeasurement type="numeric/double" name="Execution Time">
					<Value>0.00366902</Value>
				</NamedMeasurement>
				<NamedMeasurement type="text/string" name="Completion Status">
					<Value>Completed</Value>
				</NamedMeasurement>
				<NamedMeasurement type="text/string" name="Command Line">
					<Value>/home/cs104/cs104/hw-kim503/hw6/hw6_tests/coloring_tests/coloring_test "--gtest_filter=Coloring.Backtracking1"</Value>
				</NamedMeasurement>
				<Measurement>
					<Value>Running main() from gtest_main.cc
Note: Google Test filter = Coloring.Backtracking1
[==========] Running 1 test from 1 test case.
[----------] Global test environment set-up.
[----------] 1 test from Coloring
[ RUN      ] Coloring.Backtracking1
This test is executing your program with the following command line: 
/home/cs104/cs104/hw-kim503/hw6/coloring /home/cs104/cs104/hw-kim503/hw6/hw6_tests/coloring_tests/testFiles/Backtracking1/input.txt
Your program's STDOUT was written to: /home/cs104/cs104/hw-kim503/hw6/hw6_tests/coloring_tests/testFiles/Backtracking1/output.txt
Test suite: all coloring solutions validated!
[       OK ] Coloring.Backtracking1 (2 ms)
[----------] 1 test from Coloring (2 ms total)

[----------] Global test environment tear-down
[==========] 1 test from 1 test case ran. (2 ms total)
[  PASSED  ] 1 test.
</Value>
				</Measurement>
			</Results>
		</Test>
		<Test Status="passed">
			<Name>Coloring.Backtracking2</Name>
			<Path>./coloring_tests</Path>
			<FullName>./coloring_tests/Coloring.Backtracking2</FullName>
			<FullCommandLine>/home/cs104/cs104/hw-kim503/hw6/hw6_tests/coloring_tests/coloring_test "--gtest_filter=Coloring.Backtracking2"</FullCommandLine>
			<Results>
				<NamedMeasurement type="numeric/double" name="Execution Time">
					<Value>0.566652</Value>
				</NamedMeasurement>
				<NamedMeasurement type="text/string" name="Completion Status">
					<Value>Completed</Value>
				</NamedMeasurement>
				<NamedMeasurement type="text/string" name="Command Line">
					<Value>/home/cs104/cs104/hw-kim503/hw6/hw6_tests/coloring_tests/coloring_test "--gtest_filter=Coloring.Backtracking2"</Value>
				</NamedMeasurement>
				<Measurement>
					<Value>Running main() from gtest_main.cc
Note: Google Test filter = Coloring.Backtracking2
[==========] Running 1 test from 1 test case.
[----------] Global test environment set-up.
[----------] 1 test from Coloring
[ RUN      ] Coloring.Backtracking2
This test is executing your program with the following command line: 
/usr/bin/valgrind --tool=memcheck -q --leak-check=yes --error-exitcode=113 /home/cs104/cs104/hw-kim503/hw6/coloring /home/cs104/cs104/hw-kim503/hw6/hw6_tests/coloring_tests/testFiles/Backtracking2/input.txt
Your program's STDOUT was written to: /home/cs104/cs104/hw-kim503/hw6/hw6_tests/coloring_tests/testFiles/Backtracking2/output.txt
Test suite: all coloring solutions validated!
[       OK ] Coloring.Backtracking2 (565 ms)
[----------] 1 test from Coloring (565 ms total)

[----------] Global test environment tear-down
[==========] 1 test from 1 test case ran. (565 ms total)
[  PASSED  ] 1 test.
</Value>
				</Measurement>
			</Results>
		</Test>
		<Test Status="passed">
			<Name>Coloring.WikipediaExample</Name>
			<Path>./coloring_tests</Path>
			<FullName>./coloring_tests/Coloring.WikipediaExample</FullName>
			<FullCommandLine>/home/cs104/cs104/hw-kim503/hw6/hw6_tests/coloring_tests/coloring_test "--gtest_filter=Coloring.WikipediaExample"</FullCommandLine>
			<Results>
				<NamedMeasurement type="numeric/double" name="Execution Time">
					<Value>0.579799</Value>
				</NamedMeasurement>
				<NamedMeasurement type="text/string" name="Completion Status">
					<Value>Completed</Value>
				</NamedMeasurement>
				<NamedMeasurement type="text/string" name="Command Line">
					<Value>/home/cs104/cs104/hw-kim503/hw6/hw6_tests/coloring_tests/coloring_test "--gtest_filter=Coloring.WikipediaExample"</Value>
				</NamedMeasurement>
				<Measurement>
					<Value>Running main() from gtest_main.cc
Note: Google Test filter = Coloring.WikipediaExample
[==========] Running 1 test from 1 test case.
[----------] Global test environment set-up.
[----------] 1 test from Coloring
[ RUN      ] Coloring.WikipediaExample
This test is executing your program with the following command line: 
/usr/bin/valgrind --tool=memcheck -q --leak-check=yes --error-exitcode=113 /home/cs104/cs104/hw-kim503/hw6/coloring /home/cs104/cs104/hw-kim503/hw6/hw6_tests/coloring_tests/testFiles/WikipediaExample/input.txt
Your program's STDOUT was written to: /home/cs104/cs104/hw-kim503/hw6/hw6_tests/coloring_tests/testFiles/WikipediaExample/output.txt
Test suite: all coloring solutions validated!
[       OK ] Coloring.WikipediaExample (578 ms)
[----------] 1 test from Coloring (578 ms total)

[----------] Global test environment tear-down
[==========] 1 test from 1 test case ran. (578 ms total)
[  PASSED  ] 1 test.
</Value>
				</Measurement>
			</Results>
		</Test>
		<Test Status="passed">
			<Name>Coloring.MaxLetters</Name>
			<Path>./coloring_tests</Path>
			<FullName>./coloring_tests/Coloring.MaxLetters</FullName>
			<FullCommandLine>/home/cs104/cs104/hw-kim503/hw6/hw6_tests/coloring_tests/coloring_test "--gtest_filter=Coloring.MaxLetters"</FullCommandLine>
			<Results>
				<NamedMeasurement type="numeric/double" name="Execution Time">
					<Value>0.569142</Value>
				</NamedMeasurement>
				<NamedMeasurement type="text/string" name="Completion Status">
					<Value>Completed</Value>
				</NamedMeasurement>
				<NamedMeasurement type="text/string" name="Command Line">
					<Value>/home/cs104/cs104/hw-kim503/hw6/hw6_tests/coloring_tests/coloring_test "--gtest_filter=Coloring.MaxLetters"</Value>
				</NamedMeasurement>
				<Measurement>
					<Value>Running main() from gtest_main.cc
Note: Google Test filter = Coloring.MaxLetters
[==========] Running 1 test from 1 test case.
[----------] Global test environment set-up.
[----------] 1 test from Coloring
[ RUN      ] Coloring.MaxLetters
This test is executing your program with the following command line: 
/usr/bin/valgrind --tool=memcheck -q --leak-check=yes --error-exitcode=113 /home/cs104/cs104/hw-kim503/hw6/coloring /home/cs104/cs104/hw-kim503/hw6/hw6_tests/coloring_tests/testFiles/MaxLetters/input.txt
Your program's STDOUT was written to: /home/cs104/cs104/hw-kim503/hw6/hw6_tests/coloring_tests/testFiles/MaxLetters/output.txt
Test suite: all coloring solutions validated!
[       OK ] Coloring.MaxLetters (567 ms)
[----------] 1 test from Coloring (567 ms total)

[----------] Global test environment tear-down
[==========] 1 test from 1 test case ran. (567 ms total)
[  PASSED  ] 1 test.
</Value>
				</Measurement>
			</Results>
		</Test>
		<Test Status="passed">
			<Name>Coloring.MaxSize</Name>
			<Path>./coloring_tests</Path>
			<FullName>./coloring_tests/Coloring.MaxSize</FullName>
			<FullCommandLine>/home/cs104/cs104/hw-kim503/hw6/hw6_tests/coloring_tests/coloring_test "--gtest_filter=Coloring.MaxSize"</FullCommandLine>
			<Results>
				<NamedMeasurement type="numeric/double" name="Execution Time">
					<Value>0.596243</Value>
				</NamedMeasurement>
				<NamedMeasurement type="text/string" name="Completion Status">
					<Value>Completed</Value>
				</NamedMeasurement>
				<NamedMeasurement type="text/string" name="Command Line">
					<Value>/home/cs104/cs104/hw-kim503/hw6/hw6_tests/coloring_tests/coloring_test "--gtest_filter=Coloring.MaxSize"</Value>
				</NamedMeasurement>
				<Measurement>
					<Value>Running main() from gtest_main.cc
Note: Google Test filter = Coloring.MaxSize
[==========] Running 1 test from 1 test case.
[----------] Global test environment set-up.
[----------] 1 test from Coloring
[ RUN      ] Coloring.MaxSize
This test is executing your program with the following command line: 
/usr/bin/valgrind --tool=memcheck -q --leak-check=yes --error-exitcode=113 /home/cs104/cs104/hw-kim503/hw6/coloring /home/cs104/cs104/hw-kim503/hw6/hw6_tests/coloring_tests/testFiles/MaxSize/input.txt
Your program's STDOUT was written to: /home/cs104/cs104/hw-kim503/hw6/hw6_tests/coloring_tests/testFiles/MaxSize/output.txt
Test suite: all coloring solutions validated!
[       OK ] Coloring.MaxSize (595 ms)
[----------] 1 test from Coloring (595 ms total)

[----------] Global test environment tear-down
[==========] 1 test from 1 test case ran. (595 ms total)
[  PASSED  ] 1 test.
</Value>
				</Measurement>
			</Results>
		</Test>
		<Test Status="passed">
			<Name>HeapTest.ConstructionDestruction</Name>
			<Path>./heap_tests</Path>
			<FullName>./heap_tests/HeapTest.ConstructionDestruction</FullName>
			<FullCommandLine>/usr/bin/valgrind "--tool=memcheck" "--leak-check=yes" "--trace-children=no" "/home/cs104/cs104/hw-kim503/hw6/hw6_tests/heap_tests/heap_test" "--gtest_filter=HeapTest.ConstructionDestruction"</FullCommandLine>
			<Results>
				<NamedMeasurement type="numeric/double" name="Execution Time">
					<Value>0.607365</Value>
				</NamedMeasurement>
				<NamedMeasurement type="text/string" name="Completion Status">
					<Value>Completed</Value>
				</NamedMeasurement>
				<NamedMeasurement type="text/string" name="Command Line">
					<Value>/usr/bin/valgrind "--tool=memcheck" "--leak-check=yes" "--trace-children=no" "/home/cs104/cs104/hw-kim503/hw6/hw6_tests/heap_tests/heap_test" "--gtest_filter=HeapTest.ConstructionDestruction"</Value>
				</NamedMeasurement>
				<Measurement>
					<Value>==21006== Memcheck, a memory error detector
==21006== Copyright (C) 2002-2017, and GNU GPL'd, by Julian Seward et al.
==21006== Using Valgrind-3.13.0 and LibVEX; rerun with -h for copyright info
==21006== Command: /home/cs104/cs104/hw-kim503/hw6/hw6_tests/heap_tests/heap_test --gtest_filter=HeapTest.ConstructionDestruction
==21006== 
Running main() from gtest_main.cc
Note: Google Test filter = HeapTest.ConstructionDestruction
[==========] Running 1 test from 1 test case.
[----------] Global test environment set-up.
[----------] 1 test from HeapTest
[ RUN      ] HeapTest.ConstructionDestruction
[       OK ] HeapTest.ConstructionDestruction (6 ms)
[----------] 1 test from HeapTest (10 ms total)

[----------] Global test environment tear-down
[==========] 1 test from 1 test case ran. (33 ms total)
[  PASSED  ] 1 test.
==21006== 
==21006== HEAP SUMMARY:
==21006==     in use at exit: 72,704 bytes in 1 blocks
==21006==   total heap usage: 356 allocs, 355 frees, 130,867 bytes allocated
==21006== 
==21006== LEAK SUMMARY:
==21006==    definitely lost: 0 bytes in 0 blocks
==21006==    indirectly lost: 0 bytes in 0 blocks
==21006==      possibly lost: 0 bytes in 0 blocks
==21006==    still reachable: 0 bytes in 0 blocks
==21006==         suppressed: 72,704 bytes in 1 blocks
==21006== 
==21006== For counts of detected and suppressed errors, rerun with: -v
==21006== ERROR SUMMARY: 0 errors from 0 contexts (suppressed: 0 from 0)
</Value>
				</Measurement>
			</Results>
		</Test>
		<Test Status="passed">
			<Name>HeapTest.InitiallyEmpty</Name>
			<Path>./heap_tests</Path>
			<FullName>./heap_tests/HeapTest.InitiallyEmpty</FullName>
			<FullCommandLine>/usr/bin/valgrind "--tool=memcheck" "--leak-check=yes" "--trace-children=no" "/home/cs104/cs104/hw-kim503/hw6/hw6_tests/heap_tests/heap_test" "--gtest_filter=HeapTest.InitiallyEmpty"</FullCommandLine>
			<Results>
				<NamedMeasurement type="numeric/double" name="Execution Time">
					<Value>0.586716</Value>
				</NamedMeasurement>
				<NamedMeasurement type="text/string" name="Completion Status">
					<Value>Completed</Value>
				</NamedMeasurement>
				<NamedMeasurement type="text/string" name="Command Line">
					<Value>/usr/bin/valgrind "--tool=memcheck" "--leak-check=yes" "--trace-children=no" "/home/cs104/cs104/hw-kim503/hw6/hw6_tests/heap_tests/heap_test" "--gtest_filter=HeapTest.InitiallyEmpty"</Value>
				</NamedMeasurement>
				<Measurement>
					<Value>==21007== Memcheck, a memory error detector
==21007== Copyright (C) 2002-2017, and GNU GPL'd, by Julian Seward et al.
==21007== Using Valgrind-3.13.0 and LibVEX; rerun with -h for copyright info
==21007== Command: /home/cs104/cs104/hw-kim503/hw6/hw6_tests/heap_tests/heap_test --gtest_filter=HeapTest.InitiallyEmpty
==21007== 
Running main() from gtest_main.cc
Note: Google Test filter = HeapTest.InitiallyEmpty
[==========] Running 1 test from 1 test case.
[----------] Global test environment set-up.
[----------] 1 test from HeapTest
[ RUN      ] HeapTest.InitiallyEmpty
[       OK ] HeapTest.InitiallyEmpty (7 ms)
[----------] 1 test from HeapTest (11 ms total)

[----------] Global test environment tear-down
[==========] 1 test from 1 test case ran. (32 ms total)
[  PASSED  ] 1 test.
==21007== 
==21007== HEAP SUMMARY:
==21007==     in use at exit: 72,704 bytes in 1 blocks
==21007==   total heap usage: 356 allocs, 355 frees, 130,752 bytes allocated
==21007== 
==21007== LEAK SUMMARY:
==21007==    definitely lost: 0 bytes in 0 blocks
==21007==    indirectly lost: 0 bytes in 0 blocks
==21007==      possibly lost: 0 bytes in 0 blocks
==21007==    still reachable: 0 bytes in 0 blocks
==21007==         suppressed: 72,704 bytes in 1 blocks
==21007== 
==21007== For counts of detected and suppressed errors, rerun with: -v
==21007== ERROR SUMMARY: 0 errors from 0 contexts (suppressed: 0 from 0)
</Value>
				</Measurement>
			</Results>
		</Test>
		<Test Status="passed">
			<Name>HeapTest.EmptyPeekException</Name>
			<Path>./heap_tests</Path>
			<FullName>./heap_tests/HeapTest.EmptyPeekException</FullName>
			<FullCommandLine>/usr/bin/valgrind "--tool=memcheck" "--leak-check=yes" "--trace-children=no" "/home/cs104/cs104/hw-kim503/hw6/hw6_tests/heap_tests/heap_test" "--gtest_filter=HeapTest.EmptyPeekException"</FullCommandLine>
			<Results>
				<NamedMeasurement type="numeric/double" name="Execution Time">
					<Value>0.618901</Value>
				</NamedMeasurement>
				<NamedMeasurement type="text/string" name="Completion Status">
					<Value>Completed</Value>
				</NamedMeasurement>
				<NamedMeasurement type="text/string" name="Command Line">
					<Value>/usr/bin/valgrind "--tool=memcheck" "--leak-check=yes" "--trace-children=no" "/home/cs104/cs104/hw-kim503/hw6/hw6_tests/heap_tests/heap_test" "--gtest_filter=HeapTest.EmptyPeekException"</Value>
				</NamedMeasurement>
				<Measurement>
					<Value>==21008== Memcheck, a memory error detector
==21008== Copyright (C) 2002-2017, and GNU GPL'd, by Julian Seward et al.
==21008== Using Valgrind-3.13.0 and LibVEX; rerun with -h for copyright info
==21008== Command: /home/cs104/cs104/hw-kim503/hw6/hw6_tests/heap_tests/heap_test --gtest_filter=HeapTest.EmptyPeekException
==21008== 
Running main() from gtest_main.cc
Note: Google Test filter = HeapTest.EmptyPeekException
[==========] Running 1 test from 1 test case.
[----------] Global test environment set-up.
[----------] 1 test from HeapTest
[ RUN      ] HeapTest.EmptyPeekException
[       OK ] HeapTest.EmptyPeekException (32 ms)
[----------] 1 test from HeapTest (37 ms total)

[----------] Global test environment tear-down
[==========] 1 test from 1 test case ran. (59 ms total)
[  PASSED  ] 1 test.
==21008== 
==21008== HEAP SUMMARY:
==21008==     in use at exit: 72,704 bytes in 1 blocks
==21008==   total heap usage: 358 allocs, 357 frees, 130,962 bytes allocated
==21008== 
==21008== LEAK SUMMARY:
==21008==    definitely lost: 0 bytes in 0 blocks
==21008==    indirectly lost: 0 bytes in 0 blocks
==21008==      possibly lost: 0 bytes in 0 blocks
==21008==    still reachable: 0 bytes in 0 blocks
==21008==         suppressed: 72,704 bytes in 1 blocks
==21008== 
==21008== For counts of detected and suppressed errors, rerun with: -v
==21008== ERROR SUMMARY: 0 errors from 0 contexts (suppressed: 0 from 0)
</Value>
				</Measurement>
			</Results>
		</Test>
		<Test Status="passed">
			<Name>HeapTest.EmptyRemoveException</Name>
			<Path>./heap_tests</Path>
			<FullName>./heap_tests/HeapTest.EmptyRemoveException</FullName>
			<FullCommandLine>/usr/bin/valgrind "--tool=memcheck" "--leak-check=yes" "--trace-children=no" "/home/cs104/cs104/hw-kim503/hw6/hw6_tests/heap_tests/heap_test" "--gtest_filter=HeapTest.EmptyRemoveException"</FullCommandLine>
			<Results>
				<NamedMeasurement type="numeric/double" name="Execution Time">
					<Value>0.641285</Value>
				</NamedMeasurement>
				<NamedMeasurement type="text/string" name="Completion Status">
					<Value>Completed</Value>
				</NamedMeasurement>
				<NamedMeasurement type="text/string" name="Command Line">
					<Value>/usr/bin/valgrind "--tool=memcheck" "--leak-check=yes" "--trace-children=no" "/home/cs104/cs104/hw-kim503/hw6/hw6_tests/heap_tests/heap_test" "--gtest_filter=HeapTest.EmptyRemoveException"</Value>
				</NamedMeasurement>
				<Measurement>
					<Value>==21009== Memcheck, a memory error detector
==21009== Copyright (C) 2002-2017, and GNU GPL'd, by Julian Seward et al.
==21009== Using Valgrind-3.13.0 and LibVEX; rerun with -h for copyright info
==21009== Command: /home/cs104/cs104/hw-kim503/hw6/hw6_tests/heap_tests/heap_test --gtest_filter=HeapTest.EmptyRemoveException
==21009== 
Running main() from gtest_main.cc
Note: Google Test filter = HeapTest.EmptyRemoveException
[==========] Running 1 test from 1 test case.
[----------] Global test environment set-up.
[----------] 1 test from HeapTest
[ RUN      ] HeapTest.EmptyRemoveException
[       OK ] HeapTest.EmptyRemoveException (32 ms)
[----------] 1 test from HeapTest (37 ms total)

[----------] Global test environment tear-down
[==========] 1 test from 1 test case ran. (61 ms total)
[  PASSED  ] 1 test.
==21009== 
==21009== HEAP SUMMARY:
==21009==     in use at exit: 72,704 bytes in 1 blocks
==21009==   total heap usage: 358 allocs, 357 frees, 130,976 bytes allocated
==21009== 
==21009== LEAK SUMMARY:
==21009==    definitely lost: 0 bytes in 0 blocks
==21009==    indirectly lost: 0 bytes in 0 blocks
==21009==      possibly lost: 0 bytes in 0 blocks
==21009==    still reachable: 0 bytes in 0 blocks
==21009==         suppressed: 72,704 bytes in 1 blocks
==21009== 
==21009== For counts of detected and suppressed errors, rerun with: -v
==21009== ERROR SUMMARY: 0 errors from 0 contexts (suppressed: 0 from 0)
</Value>
				</Measurement>
			</Results>
		</Test>
		<Test Status="passed">
			<Name>HeapTest.SingleItemNonempty</Name>
			<Path>./heap_tests</Path>
			<FullName>./heap_tests/HeapTest.SingleItemNonempty</FullName>
			<FullCommandLine>/usr/bin/valgrind "--tool=memcheck" "--leak-check=yes" "--trace-children=no" "/home/cs104/cs104/hw-kim503/hw6/hw6_tests/heap_tests/heap_test" "--gtest_filter=HeapTest.SingleItemNonempty"</FullCommandLine>
			<Results>
				<NamedMeasurement type="numeric/double" name="Execution Time">
					<Value>0.58332</Value>
				</NamedMeasurement>
				<NamedMeasurement type="text/string" name="Completion Status">
					<Value>Completed</Value>
				</NamedMeasurement>
				<NamedMeasurement type="text/string" name="Command Line">
					<Value>/usr/bin/valgrind "--tool=memcheck" "--leak-check=yes" "--trace-children=no" "/home/cs104/cs104/hw-kim503/hw6/hw6_tests/heap_tests/heap_test" "--gtest_filter=HeapTest.SingleItemNonempty"</Value>
				</NamedMeasurement>
				<Measurement>
					<Value>==21010== Memcheck, a memory error detector
==21010== Copyright (C) 2002-2017, and GNU GPL'd, by Julian Seward et al.
==21010== Using Valgrind-3.13.0 and LibVEX; rerun with -h for copyright info
==21010== Command: /home/cs104/cs104/hw-kim503/hw6/hw6_tests/heap_tests/heap_test --gtest_filter=HeapTest.SingleItemNonempty
==21010== 
Running main() from gtest_main.cc
Note: Google Test filter = HeapTest.SingleItemNonempty
[==========] Running 1 test from 1 test case.
[----------] Global test environment set-up.
[----------] 1 test from HeapTest
[ RUN      ] HeapTest.SingleItemNonempty
[       OK ] HeapTest.SingleItemNonempty (14 ms)
[----------] 1 test from HeapTest (20 ms total)

[----------] Global test environment tear-down
[==========] 1 test from 1 test case ran. (43 ms total)
[  PASSED  ] 1 test.
==21010== 
==21010== HEAP SUMMARY:
==21010==     in use at exit: 72,704 bytes in 1 blocks
==21010==   total heap usage: 357 allocs, 356 frees, 130,788 bytes allocated
==21010== 
==21010== LEAK SUMMARY:
==21010==    definitely lost: 0 bytes in 0 blocks
==21010==    indirectly lost: 0 bytes in 0 blocks
==21010==      possibly lost: 0 bytes in 0 blocks
==21010==    still reachable: 0 bytes in 0 blocks
==21010==         suppressed: 72,704 bytes in 1 blocks
==21010== 
==21010== For counts of detected and suppressed errors, rerun with: -v
==21010== ERROR SUMMARY: 0 errors from 0 contexts (suppressed: 0 from 0)
</Value>
				</Measurement>
			</Results>
		</Test>
		<Test Status="passed">
			<Name>HeapTest.SingleItemPush</Name>
			<Path>./heap_tests</Path>
			<FullName>./heap_tests/HeapTest.SingleItemPush</FullName>
			<FullCommandLine>/usr/bin/valgrind "--tool=memcheck" "--leak-check=yes" "--trace-children=no" "/home/cs104/cs104/hw-kim503/hw6/hw6_tests/heap_tests/heap_test" "--gtest_filter=HeapTest.SingleItemPush"</FullCommandLine>
			<Results>
				<NamedMeasurement type="numeric/double" name="Execution Time">
					<Value>0.589806</Value>
				</NamedMeasurement>
				<NamedMeasurement type="text/string" name="Completion Status">
					<Value>Completed</Value>
				</NamedMeasurement>
				<NamedMeasurement type="text/string" name="Command Line">
					<Value>/usr/bin/valgrind "--tool=memcheck" "--leak-check=yes" "--trace-children=no" "/home/cs104/cs104/hw-kim503/hw6/hw6_tests/heap_tests/heap_test" "--gtest_filter=HeapTest.SingleItemPush"</Value>
				</NamedMeasurement>
				<Measurement>
					<Value>==21011== Memcheck, a memory error detector
==21011== Copyright (C) 2002-2017, and GNU GPL'd, by Julian Seward et al.
==21011== Using Valgrind-3.13.0 and LibVEX; rerun with -h for copyright info
==21011== Command: /home/cs104/cs104/hw-kim503/hw6/hw6_tests/heap_tests/heap_test --gtest_filter=HeapTest.SingleItemPush
==21011== 
Running main() from gtest_main.cc
Note: Google Test filter = HeapTest.SingleItemPush
[==========] Running 1 test from 1 test case.
[----------] Global test environment set-up.
[----------] 1 test from HeapTest
[ RUN      ] HeapTest.SingleItemPush
[       OK ] HeapTest.SingleItemPush (13 ms)
[----------] 1 test from HeapTest (17 ms total)

[----------] Global test environment tear-down
[==========] 1 test from 1 test case ran. (39 ms total)
[  PASSED  ] 1 test.
==21011== 
==21011== HEAP SUMMARY:
==21011==     in use at exit: 72,704 bytes in 1 blocks
==21011==   total heap usage: 357 allocs, 356 frees, 130,760 bytes allocated
==21011== 
==21011== LEAK SUMMARY:
==21011==    definitely lost: 0 bytes in 0 blocks
==21011==    indirectly lost: 0 bytes in 0 blocks
==21011==      possibly lost: 0 bytes in 0 blocks
==21011==    still reachable: 0 bytes in 0 blocks
==21011==         suppressed: 72,704 bytes in 1 blocks
==21011== 
==21011== For counts of detected and suppressed errors, rerun with: -v
==21011== ERROR SUMMARY: 0 errors from 0 contexts (suppressed: 0 from 0)
</Value>
				</Measurement>
			</Results>
		</Test>
		<Test Status="passed">
			<Name>HeapTest.SingleItemPushPop</Name>
			<Path>./heap_tests</Path>
			<FullName>./heap_tests/HeapTest.SingleItemPushPop</FullName>
			<FullCommandLine>/usr/bin/valgrind "--tool=memcheck" "--leak-check=yes" "--trace-children=no" "/home/cs104/cs104/hw-kim503/hw6/hw6_tests/heap_tests/heap_test" "--gtest_filter=HeapTest.SingleItemPushPop"</FullCommandLine>
			<Results>
				<NamedMeasurement type="numeric/double" name="Execution Time">
					<Value>0.586001</Value>
				</NamedMeasurement>
				<NamedMeasurement type="text/string" name="Completion Status">
					<Value>Completed</Value>
				</NamedMeasurement>
				<NamedMeasurement type="text/string" name="Command Line">
					<Value>/usr/bin/valgrind "--tool=memcheck" "--leak-check=yes" "--trace-children=no" "/home/cs104/cs104/hw-kim503/hw6/hw6_tests/heap_tests/heap_test" "--gtest_filter=HeapTest.SingleItemPushPop"</Value>
				</NamedMeasurement>
				<Measurement>
					<Value>==21012== Memcheck, a memory error detector
==21012== Copyright (C) 2002-2017, and GNU GPL'd, by Julian Seward et al.
==21012== Using Valgrind-3.13.0 and LibVEX; rerun with -h for copyright info
==21012== Command: /home/cs104/cs104/hw-kim503/hw6/hw6_tests/heap_tests/heap_test --gtest_filter=HeapTest.SingleItemPushPop
==21012== 
Running main() from gtest_main.cc
Note: Google Test filter = HeapTest.SingleItemPushPop
[==========] Running 1 test from 1 test case.
[----------] Global test environment set-up.
[----------] 1 test from HeapTest
[ RUN      ] HeapTest.SingleItemPushPop
[       OK ] HeapTest.SingleItemPushPop (15 ms)
[----------] 1 test from HeapTest (18 ms total)

[----------] Global test environment tear-down
[==========] 1 test from 1 test case ran. (39 ms total)
[  PASSED  ] 1 test.
==21012== 
==21012== HEAP SUMMARY:
==21012==     in use at exit: 72,704 bytes in 1 blocks
==21012==   total heap usage: 357 allocs, 356 frees, 130,781 bytes allocated
==21012== 
==21012== LEAK SUMMARY:
==21012==    definitely lost: 0 bytes in 0 blocks
==21012==    indirectly lost: 0 bytes in 0 blocks
==21012==      possibly lost: 0 bytes in 0 blocks
==21012==    still reachable: 0 bytes in 0 blocks
==21012==         suppressed: 72,704 bytes in 1 blocks
==21012== 
==21012== For counts of detected and suppressed errors, rerun with: -v
==21012== ERROR SUMMARY: 0 errors from 0 contexts (suppressed: 0 from 0)
</Value>
				</Measurement>
			</Results>
		</Test>
		<Test Status="passed">
			<Name>HeapTest.TwoElementPush_LowPriFirst</Name>
			<Path>./heap_tests</Path>
			<FullName>./heap_tests/HeapTest.TwoElementPush_LowPriFirst</FullName>
			<FullCommandLine>/usr/bin/valgrind "--tool=memcheck" "--leak-check=yes" "--trace-children=no" "/home/cs104/cs104/hw-kim503/hw6/hw6_tests/heap_tests/heap_test" "--gtest_filter=HeapTest.TwoElementPush_LowPriFirst"</FullCommandLine>
			<Results>
				<NamedMeasurement type="numeric/double" name="Execution Time">
					<Value>0.59854</Value>
				</NamedMeasurement>
				<NamedMeasurement type="text/string" name="Completion Status">
					<Value>Completed</Value>
				</NamedMeasurement>
				<NamedMeasurement type="text/string" name="Command Line">
					<Value>/usr/bin/valgrind "--tool=memcheck" "--leak-check=yes" "--trace-children=no" "/home/cs104/cs104/hw-kim503/hw6/hw6_tests/heap_tests/heap_test" "--gtest_filter=HeapTest.TwoElementPush_LowPriFirst"</Value>
				</NamedMeasurement>
				<Measurement>
					<Value>==21013== Memcheck, a memory error detector
==21013== Copyright (C) 2002-2017, and GNU GPL'd, by Julian Seward et al.
==21013== Using Valgrind-3.13.0 and LibVEX; rerun with -h for copyright info
==21013== Command: /home/cs104/cs104/hw-kim503/hw6/hw6_tests/heap_tests/heap_test --gtest_filter=HeapTest.TwoElementPush_LowPriFirst
==21013== 
Running main() from gtest_main.cc
Note: Google Test filter = HeapTest.TwoElementPush_LowPriFirst
[==========] Running 1 test from 1 test case.
[----------] Global test environment set-up.
[----------] 1 test from HeapTest
[ RUN      ] HeapTest.TwoElementPush_LowPriFirst
[       OK ] HeapTest.TwoElementPush_LowPriFirst (19 ms)
[----------] 1 test from HeapTest (23 ms total)

[----------] Global test environment tear-down
[==========] 1 test from 1 test case ran. (45 ms total)
[  PASSED  ] 1 test.
==21013== 
==21013== HEAP SUMMARY:
==21013==     in use at exit: 72,704 bytes in 1 blocks
==21013==   total heap usage: 358 allocs, 357 frees, 130,990 bytes allocated
==21013== 
==21013== LEAK SUMMARY:
==21013==    definitely lost: 0 bytes in 0 blocks
==21013==    indirectly lost: 0 bytes in 0 blocks
==21013==      possibly lost: 0 bytes in 0 blocks
==21013==    still reachable: 0 bytes in 0 blocks
==21013==         suppressed: 72,704 bytes in 1 blocks
==21013== 
==21013== For counts of detected and suppressed errors, rerun with: -v
==21013== ERROR SUMMARY: 0 errors from 0 contexts (suppressed: 0 from 0)
</Value>
				</Measurement>
			</Results>
		</Test>
		<Test Status="passed">
			<Name>HeapTest.TwoElementPush_HighPriFirst</Name>
			<Path>./heap_tests</Path>
			<FullName>./heap_tests/HeapTest.TwoElementPush_HighPriFirst</FullName>
			<FullCommandLine>/usr/bin/valgrind "--tool=memcheck" "--leak-check=yes" "--trace-children=no" "/home/cs104/cs104/hw-kim503/hw6/hw6_tests/heap_tests/heap_test" "--gtest_filter=HeapTest.TwoElementPush_HighPriFirst"</FullCommandLine>
			<Results>
				<NamedMeasurement type="numeric/double" name="Execution Time">
					<Value>0.598661</Value>
				</NamedMeasurement>
				<NamedMeasurement type="text/string" name="Completion Status">
					<Value>Completed</Value>
				</NamedMeasurement>
				<NamedMeasurement type="text/string" name="Command Line">
					<Value>/usr/bin/valgrind "--tool=memcheck" "--leak-check=yes" "--trace-children=no" "/home/cs104/cs104/hw-kim503/hw6/hw6_tests/heap_tests/heap_test" "--gtest_filter=HeapTest.TwoElementPush_HighPriFirst"</Value>
				</NamedMeasurement>
				<Measurement>
					<Value>==21014== Memcheck, a memory error detector
==21014== Copyright (C) 2002-2017, and GNU GPL'd, by Julian Seward et al.
==21014== Using Valgrind-3.13.0 and LibVEX; rerun with -h for copyright info
==21014== Command: /home/cs104/cs104/hw-kim503/hw6/hw6_tests/heap_tests/heap_test --gtest_filter=HeapTest.TwoElementPush_HighPriFirst
==21014== 
Running main() from gtest_main.cc
Note: Google Test filter = HeapTest.TwoElementPush_HighPriFirst
[==========] Running 1 test from 1 test case.
[----------] Global test environment set-up.
[----------] 1 test from HeapTest
[ RUN      ] HeapTest.TwoElementPush_HighPriFirst
[       OK ] HeapTest.TwoElementPush_HighPriFirst (20 ms)
[----------] 1 test from HeapTest (25 ms total)

[----------] Global test environment tear-down
[==========] 1 test from 1 test case ran. (46 ms total)
[  PASSED  ] 1 test.
==21014== 
==21014== HEAP SUMMARY:
==21014==     in use at exit: 72,704 bytes in 1 blocks
==21014==   total heap usage: 358 allocs, 357 frees, 131,023 bytes allocated
==21014== 
==21014== LEAK SUMMARY:
==21014==    definitely lost: 0 bytes in 0 blocks
==21014==    indirectly lost: 0 bytes in 0 blocks
==21014==      possibly lost: 0 bytes in 0 blocks
==21014==    still reachable: 0 bytes in 0 blocks
==21014==         suppressed: 72,704 bytes in 1 blocks
==21014== 
==21014== For counts of detected and suppressed errors, rerun with: -v
==21014== ERROR SUMMARY: 0 errors from 0 contexts (suppressed: 0 from 0)
</Value>
				</Measurement>
			</Results>
		</Test>
		<Test Status="passed">
			<Name>HeapTest.TwoElementsSamePriority</Name>
			<Path>./heap_tests</Path>
			<FullName>./heap_tests/HeapTest.TwoElementsSamePriority</FullName>
			<FullCommandLine>/usr/bin/valgrind "--tool=memcheck" "--leak-check=yes" "--trace-children=no" "/home/cs104/cs104/hw-kim503/hw6/hw6_tests/heap_tests/heap_test" "--gtest_filter=HeapTest.TwoElementsSamePriority"</FullCommandLine>
			<Results>
				<NamedMeasurement type="numeric/double" name="Execution Time">
					<Value>0.606034</Value>
				</NamedMeasurement>
				<NamedMeasurement type="text/string" name="Completion Status">
					<Value>Completed</Value>
				</NamedMeasurement>
				<NamedMeasurement type="text/string" name="Command Line">
					<Value>/usr/bin/valgrind "--tool=memcheck" "--leak-check=yes" "--trace-children=no" "/home/cs104/cs104/hw-kim503/hw6/hw6_tests/heap_tests/heap_test" "--gtest_filter=HeapTest.TwoElementsSamePriority"</Value>
				</NamedMeasurement>
				<Measurement>
					<Value>==21015== Memcheck, a memory error detector
==21015== Copyright (C) 2002-2017, and GNU GPL'd, by Julian Seward et al.
==21015== Using Valgrind-3.13.0 and LibVEX; rerun with -h for copyright info
==21015== Command: /home/cs104/cs104/hw-kim503/hw6/hw6_tests/heap_tests/heap_test --gtest_filter=HeapTest.TwoElementsSamePriority
==21015== 
Running main() from gtest_main.cc
Note: Google Test filter = HeapTest.TwoElementsSamePriority
[==========] Running 1 test from 1 test case.
[----------] Global test environment set-up.
[----------] 1 test from HeapTest
[ RUN      ] HeapTest.TwoElementsSamePriority
[       OK ] HeapTest.TwoElementsSamePriority (13 ms)
[----------] 1 test from HeapTest (17 ms total)

[----------] Global test environment tear-down
[==========] 1 test from 1 test case ran. (38 ms total)
[  PASSED  ] 1 test.
==21015== 
==21015== HEAP SUMMARY:
==21015==     in use at exit: 72,704 bytes in 1 blocks
==21015==   total heap usage: 358 allocs, 357 frees, 130,891 bytes allocated
==21015== 
==21015== LEAK SUMMARY:
==21015==    definitely lost: 0 bytes in 0 blocks
==21015==    indirectly lost: 0 bytes in 0 blocks
==21015==      possibly lost: 0 bytes in 0 blocks
==21015==    still reachable: 0 bytes in 0 blocks
==21015==         suppressed: 72,704 bytes in 1 blocks
==21015== 
==21015== For counts of detected and suppressed errors, rerun with: -v
==21015== ERROR SUMMARY: 0 errors from 0 contexts (suppressed: 0 from 0)
</Value>
				</Measurement>
			</Results>
		</Test>
		<Test Status="passed">
			<Name>HeapTest.NegativePriorities</Name>
			<Path>./heap_tests</Path>
			<FullName>./heap_tests/HeapTest.NegativePriorities</FullName>
			<FullCommandLine>/usr/bin/valgrind "--tool=memcheck" "--leak-check=yes" "--trace-children=no" "/home/cs104/cs104/hw-kim503/hw6/hw6_tests/heap_tests/heap_test" "--gtest_filter=HeapTest.NegativePriorities"</FullCommandLine>
			<Results>
				<NamedMeasurement type="numeric/double" name="Execution Time">
					<Value>0.594524</Value>
				</NamedMeasurement>
				<NamedMeasurement type="text/string" name="Completion Status">
					<Value>Completed</Value>
				</NamedMeasurement>
				<NamedMeasurement type="text/string" name="Command Line">
					<Value>/usr/bin/valgrind "--tool=memcheck" "--leak-check=yes" "--trace-children=no" "/home/cs104/cs104/hw-kim503/hw6/hw6_tests/heap_tests/heap_test" "--gtest_filter=HeapTest.NegativePriorities"</Value>
				</NamedMeasurement>
				<Measurement>
					<Value>==21016== Memcheck, a memory error detector
==21016== Copyright (C) 2002-2017, and GNU GPL'd, by Julian Seward et al.
==21016== Using Valgrind-3.13.0 and LibVEX; rerun with -h for copyright info
==21016== Command: /home/cs104/cs104/hw-kim503/hw6/hw6_tests/heap_tests/heap_test --gtest_filter=HeapTest.NegativePriorities
==21016== 
Running main() from gtest_main.cc
Note: Google Test filter = HeapTest.NegativePriorities
[==========] Running 1 test from 1 test case.
[----------] Global test environment set-up.
[----------] 1 test from HeapTest
[ RUN      ] HeapTest.NegativePriorities
[       OK ] HeapTest.NegativePriorities (18 ms)
[----------] 1 test from HeapTest (21 ms total)

[----------] Global test environment tear-down
[==========] 1 test from 1 test case ran. (46 ms total)
[  PASSED  ] 1 test.
==21016== 
==21016== HEAP SUMMARY:
==21016==     in use at exit: 72,704 bytes in 1 blocks
==21016==   total heap usage: 358 allocs, 357 frees, 130,804 bytes allocated
==21016== 
==21016== LEAK SUMMARY:
==21016==    definitely lost: 0 bytes in 0 blocks
==21016==    indirectly lost: 0 bytes in 0 blocks
==21016==      possibly lost: 0 bytes in 0 blocks
==21016==    still reachable: 0 bytes in 0 blocks
==21016==         suppressed: 72,704 bytes in 1 blocks
==21016== 
==21016== For counts of detected and suppressed errors, rerun with: -v
==21016== ERROR SUMMARY: 0 errors from 0 contexts (suppressed: 0 from 0)
</Value>
				</Measurement>
			</Results>
		</Test>
		<Test Status="passed">
			<Name>HeapTest.ThreeElementPush_10_20_30</Name>
			<Path>./heap_tests</Path>
			<FullName>./heap_tests/HeapTest.ThreeElementPush_10_20_30</FullName>
			<FullCommandLine>/usr/bin/valgrind "--tool=memcheck" "--leak-check=yes" "--trace-children=no" "/home/cs104/cs104/hw-kim503/hw6/hw6_tests/heap_tests/heap_test" "--gtest_filter=HeapTest.ThreeElementPush_10_20_30"</FullCommandLine>
			<Results>
				<NamedMeasurement type="numeric/double" name="Execution Time">
					<Value>0.59681</Value>
				</NamedMeasurement>
				<NamedMeasurement type="text/string" name="Completion Status">
					<Value>Completed</Value>
				</NamedMeasurement>
				<NamedMeasurement type="text/string" name="Command Line">
					<Value>/usr/bin/valgrind "--tool=memcheck" "--leak-check=yes" "--trace-children=no" "/home/cs104/cs104/hw-kim503/hw6/hw6_tests/heap_tests/heap_test" "--gtest_filter=HeapTest.ThreeElementPush_10_20_30"</Value>
				</NamedMeasurement>
				<Measurement>
					<Value>==21017== Memcheck, a memory error detector
==21017== Copyright (C) 2002-2017, and GNU GPL'd, by Julian Seward et al.
==21017== Using Valgrind-3.13.0 and LibVEX; rerun with -h for copyright info
==21017== Command: /home/cs104/cs104/hw-kim503/hw6/hw6_tests/heap_tests/heap_test --gtest_filter=HeapTest.ThreeElementPush_10_20_30
==21017== 
Running main() from gtest_main.cc
Note: Google Test filter = HeapTest.ThreeElementPush_10_20_30
[==========] Running 1 test from 1 test case.
[----------] Global test environment set-up.
[----------] 1 test from HeapTest
[ RUN      ] HeapTest.ThreeElementPush_10_20_30
[       OK ] HeapTest.ThreeElementPush_10_20_30 (21 ms)
[----------] 1 test from HeapTest (26 ms total)

[----------] Global test environment tear-down
[==========] 1 test from 1 test case ran. (46 ms total)
[  PASSED  ] 1 test.
==21017== 
==21017== HEAP SUMMARY:
==21017==     in use at exit: 72,704 bytes in 1 blocks
==21017==   total heap usage: 359 allocs, 358 frees, 130,989 bytes allocated
==21017== 
==21017== LEAK SUMMARY:
==21017==    definitely lost: 0 bytes in 0 blocks
==21017==    indirectly lost: 0 bytes in 0 blocks
==21017==      possibly lost: 0 bytes in 0 blocks
==21017==    still reachable: 0 bytes in 0 blocks
==21017==         suppressed: 72,704 bytes in 1 blocks
==21017== 
==21017== For counts of detected and suppressed errors, rerun with: -v
==21017== ERROR SUMMARY: 0 errors from 0 contexts (suppressed: 0 from 0)
</Value>
				</Measurement>
			</Results>
		</Test>
		<Test Status="passed">
			<Name>HeapTest.ThreeElementPush_10_30_20</Name>
			<Path>./heap_tests</Path>
			<FullName>./heap_tests/HeapTest.ThreeElementPush_10_30_20</FullName>
			<FullCommandLine>/usr/bin/valgrind "--tool=memcheck" "--leak-check=yes" "--trace-children=no" "/home/cs104/cs104/hw-kim503/hw6/hw6_tests/heap_tests/heap_test" "--gtest_filter=HeapTest.ThreeElementPush_10_30_20"</FullCommandLine>
			<Results>
				<NamedMeasurement type="numeric/double" name="Execution Time">
					<Value>0.613455</Value>
				</NamedMeasurement>
				<NamedMeasurement type="text/string" name="Completion Status">
					<Value>Completed</Value>
				</NamedMeasurement>
				<NamedMeasurement type="text/string" name="Command Line">
					<Value>/usr/bin/valgrind "--tool=memcheck" "--leak-check=yes" "--trace-children=no" "/home/cs104/cs104/hw-kim503/hw6/hw6_tests/heap_tests/heap_test" "--gtest_filter=HeapTest.ThreeElementPush_10_30_20"</Value>
				</NamedMeasurement>
				<Measurement>
					<Value>==21018== Memcheck, a memory error detector
==21018== Copyright (C) 2002-2017, and GNU GPL'd, by Julian Seward et al.
==21018== Using Valgrind-3.13.0 and LibVEX; rerun with -h for copyright info
==21018== Command: /home/cs104/cs104/hw-kim503/hw6/hw6_tests/heap_tests/heap_test --gtest_filter=HeapTest.ThreeElementPush_10_30_20
==21018== 
Running main() from gtest_main.cc
Note: Google Test filter = HeapTest.ThreeElementPush_10_30_20
[==========] Running 1 test from 1 test case.
[----------] Global test environment set-up.
[----------] 1 test from HeapTest
[ RUN      ] HeapTest.ThreeElementPush_10_30_20
[       OK ] HeapTest.ThreeElementPush_10_30_20 (19 ms)
[----------] 1 test from HeapTest (25 ms total)

[----------] Global test environment tear-down
[==========] 1 test from 1 test case ran. (45 ms total)
[  PASSED  ] 1 test.
==21018== 
==21018== HEAP SUMMARY:
==21018==     in use at exit: 72,704 bytes in 1 blocks
==21018==   total heap usage: 359 allocs, 358 frees, 130,989 bytes allocated
==21018== 
==21018== LEAK SUMMARY:
==21018==    definitely lost: 0 bytes in 0 blocks
==21018==    indirectly lost: 0 bytes in 0 blocks
==21018==      possibly lost: 0 bytes in 0 blocks
==21018==    still reachable: 0 bytes in 0 blocks
==21018==         suppressed: 72,704 bytes in 1 blocks
==21018== 
==21018== For counts of detected and suppressed errors, rerun with: -v
==21018== ERROR SUMMARY: 0 errors from 0 contexts (suppressed: 0 from 0)
</Value>
				</Measurement>
			</Results>
		</Test>
		<Test Status="passed">
			<Name>HeapTest.ThreeElementPush_20_10_30</Name>
			<Path>./heap_tests</Path>
			<FullName>./heap_tests/HeapTest.ThreeElementPush_20_10_30</FullName>
			<FullCommandLine>/usr/bin/valgrind "--tool=memcheck" "--leak-check=yes" "--trace-children=no" "/home/cs104/cs104/hw-kim503/hw6/hw6_tests/heap_tests/heap_test" "--gtest_filter=HeapTest.ThreeElementPush_20_10_30"</FullCommandLine>
			<Results>
				<NamedMeasurement type="numeric/double" name="Execution Time">
					<Value>0.592671</Value>
				</NamedMeasurement>
				<NamedMeasurement type="text/string" name="Completion Status">
					<Value>Completed</Value>
				</NamedMeasurement>
				<NamedMeasurement type="text/string" name="Command Line">
					<Value>/usr/bin/valgrind "--tool=memcheck" "--leak-check=yes" "--trace-children=no" "/home/cs104/cs104/hw-kim503/hw6/hw6_tests/heap_tests/heap_test" "--gtest_filter=HeapTest.ThreeElementPush_20_10_30"</Value>
				</NamedMeasurement>
				<Measurement>
					<Value>==21019== Memcheck, a memory error detector
==21019== Copyright (C) 2002-2017, and GNU GPL'd, by Julian Seward et al.
==21019== Using Valgrind-3.13.0 and LibVEX; rerun with -h for copyright info
==21019== Command: /home/cs104/cs104/hw-kim503/hw6/hw6_tests/heap_tests/heap_test --gtest_filter=HeapTest.ThreeElementPush_20_10_30
==21019== 
Running main() from gtest_main.cc
Note: Google Test filter = HeapTest.ThreeElementPush_20_10_30
[==========] Running 1 test from 1 test case.
[----------] Global test environment set-up.
[----------] 1 test from HeapTest
[ RUN      ] HeapTest.ThreeElementPush_20_10_30
[       OK ] HeapTest.ThreeElementPush_20_10_30 (22 ms)
[----------] 1 test from HeapTest (26 ms total)

[----------] Global test environment tear-down
[==========] 1 test from 1 test case ran. (51 ms total)
[  PASSED  ] 1 test.
==21019== 
==21019== HEAP SUMMARY:
==21019==     in use at exit: 72,704 bytes in 1 blocks
==21019==   total heap usage: 359 allocs, 358 frees, 130,989 bytes allocated
==21019== 
==21019== LEAK SUMMARY:
==21019==    definitely lost: 0 bytes in 0 blocks
==21019==    indirectly lost: 0 bytes in 0 blocks
==21019==      possibly lost: 0 bytes in 0 blocks
==21019==    still reachable: 0 bytes in 0 blocks
==21019==         suppressed: 72,704 bytes in 1 blocks
==21019== 
==21019== For counts of detected and suppressed errors, rerun with: -v
==21019== ERROR SUMMARY: 0 errors from 0 contexts (suppressed: 0 from 0)
</Value>
				</Measurement>
			</Results>
		</Test>
		<Test Status="passed">
			<Name>HeapTest.ThreeElementPush_20_30_10</Name>
			<Path>./heap_tests</Path>
			<FullName>./heap_tests/HeapTest.ThreeElementPush_20_30_10</FullName>
			<FullCommandLine>/usr/bin/valgrind "--tool=memcheck" "--leak-check=yes" "--trace-children=no" "/home/cs104/cs104/hw-kim503/hw6/hw6_tests/heap_tests/heap_test" "--gtest_filter=HeapTest.ThreeElementPush_20_30_10"</FullCommandLine>
			<Results>
				<NamedMeasurement type="numeric/double" name="Execution Time">
					<Value>0.607634</Value>
				</NamedMeasurement>
				<NamedMeasurement type="text/string" name="Completion Status">
					<Value>Completed</Value>
				</NamedMeasurement>
				<NamedMeasurement type="text/string" name="Command Line">
					<Value>/usr/bin/valgrind "--tool=memcheck" "--leak-check=yes" "--trace-children=no" "/home/cs104/cs104/hw-kim503/hw6/hw6_tests/heap_tests/heap_test" "--gtest_filter=HeapTest.ThreeElementPush_20_30_10"</Value>
				</NamedMeasurement>
				<Measurement>
					<Value>==21020== Memcheck, a memory error detector
==21020== Copyright (C) 2002-2017, and GNU GPL'd, by Julian Seward et al.
==21020== Using Valgrind-3.13.0 and LibVEX; rerun with -h for copyright info
==21020== Command: /home/cs104/cs104/hw-kim503/hw6/hw6_tests/heap_tests/heap_test --gtest_filter=HeapTest.ThreeElementPush_20_30_10
==21020== 
Running main() from gtest_main.cc
Note: Google Test filter = HeapTest.ThreeElementPush_20_30_10
[==========] Running 1 test from 1 test case.
[----------] Global test environment set-up.
[----------] 1 test from HeapTest
[ RUN      ] HeapTest.ThreeElementPush_20_30_10
[       OK ] HeapTest.ThreeElementPush_20_30_10 (21 ms)
[----------] 1 test from HeapTest (26 ms total)

[----------] Global test environment tear-down
[==========] 1 test from 1 test case ran. (47 ms total)
[  PASSED  ] 1 test.
==21020== 
==21020== HEAP SUMMARY:
==21020==     in use at exit: 72,704 bytes in 1 blocks
==21020==   total heap usage: 359 allocs, 358 frees, 130,989 bytes allocated
==21020== 
==21020== LEAK SUMMARY:
==21020==    definitely lost: 0 bytes in 0 blocks
==21020==    indirectly lost: 0 bytes in 0 blocks
==21020==      possibly lost: 0 bytes in 0 blocks
==21020==    still reachable: 0 bytes in 0 blocks
==21020==         suppressed: 72,704 bytes in 1 blocks
==21020== 
==21020== For counts of detected and suppressed errors, rerun with: -v
==21020== ERROR SUMMARY: 0 errors from 0 contexts (suppressed: 0 from 0)
</Value>
				</Measurement>
			</Results>
		</Test>
		<Test Status="passed">
			<Name>HeapTest.ThreeElementPush_30_10_20</Name>
			<Path>./heap_tests</Path>
			<FullName>./heap_tests/HeapTest.ThreeElementPush_30_10_20</FullName>
			<FullCommandLine>/usr/bin/valgrind "--tool=memcheck" "--leak-check=yes" "--trace-children=no" "/home/cs104/cs104/hw-kim503/hw6/hw6_tests/heap_tests/heap_test" "--gtest_filter=HeapTest.ThreeElementPush_30_10_20"</FullCommandLine>
			<Results>
				<NamedMeasurement type="numeric/double" name="Execution Time">
					<Value>0.607724</Value>
				</NamedMeasurement>
				<NamedMeasurement type="text/string" name="Completion Status">
					<Value>Completed</Value>
				</NamedMeasurement>
				<NamedMeasurement type="text/string" name="Command Line">
					<Value>/usr/bin/valgrind "--tool=memcheck" "--leak-check=yes" "--trace-children=no" "/home/cs104/cs104/hw-kim503/hw6/hw6_tests/heap_tests/heap_test" "--gtest_filter=HeapTest.ThreeElementPush_30_10_20"</Value>
				</NamedMeasurement>
				<Measurement>
					<Value>==21021== Memcheck, a memory error detector
==21021== Copyright (C) 2002-2017, and GNU GPL'd, by Julian Seward et al.
==21021== Using Valgrind-3.13.0 and LibVEX; rerun with -h for copyright info
==21021== Command: /home/cs104/cs104/hw-kim503/hw6/hw6_tests/heap_tests/heap_test --gtest_filter=HeapTest.ThreeElementPush_30_10_20
==21021== 
Running main() from gtest_main.cc
Note: Google Test filter = HeapTest.ThreeElementPush_30_10_20
[==========] Running 1 test from 1 test case.
[----------] Global test environment set-up.
[----------] 1 test from HeapTest
[ RUN      ] HeapTest.ThreeElementPush_30_10_20
[       OK ] HeapTest.ThreeElementPush_30_10_20 (21 ms)
[----------] 1 test from HeapTest (26 ms total)

[----------] Global test environment tear-down
[==========] 1 test from 1 test case ran. (49 ms total)
[  PASSED  ] 1 test.
==21021== 
==21021== HEAP SUMMARY:
==21021==     in use at exit: 72,704 bytes in 1 blocks
==21021==   total heap usage: 359 allocs, 358 frees, 130,989 bytes allocated
==21021== 
==21021== LEAK SUMMARY:
==21021==    definitely lost: 0 bytes in 0 blocks
==21021==    indirectly lost: 0 bytes in 0 blocks
==21021==      possibly lost: 0 bytes in 0 blocks
==21021==    still reachable: 0 bytes in 0 blocks
==21021==         suppressed: 72,704 bytes in 1 blocks
==21021== 
==21021== For counts of detected and suppressed errors, rerun with: -v
==21021== ERROR SUMMARY: 0 errors from 0 contexts (suppressed: 0 from 0)
</Value>
				</Measurement>
			</Results>
		</Test>
		<Test Status="passed">
			<Name>HeapTest.ThreeElementPush_30_20_10</Name>
			<Path>./heap_tests</Path>
			<FullName>./heap_tests/HeapTest.ThreeElementPush_30_20_10</FullName>
			<FullCommandLine>/usr/bin/valgrind "--tool=memcheck" "--leak-check=yes" "--trace-children=no" "/home/cs104/cs104/hw-kim503/hw6/hw6_tests/heap_tests/heap_test" "--gtest_filter=HeapTest.ThreeElementPush_30_20_10"</FullCommandLine>
			<Results>
				<NamedMeasurement type="numeric/double" name="Execution Time">
					<Value>0.599709</Value>
				</NamedMeasurement>
				<NamedMeasurement type="text/string" name="Completion Status">
					<Value>Completed</Value>
				</NamedMeasurement>
				<NamedMeasurement type="text/string" name="Command Line">
[...]
Testing with 2^14 (16384) elements (trial 1/40)[NON-XML-CHAR-0x8][NON-XML-CHAR-0x8][NON-XML-CHAR-0x8][NON-XML-CHAR-0x8][NON-XML-CHAR-0x8]2/40)[NON-XML-CHAR-0x8][NON-XML-CHAR-0x8][NON-XML-CHAR-0x8][NON-XML-CHAR-0x8][NON-XML-CHAR-0x8]3/40)[NON-XML-CHAR-0x8][NON-XML-CHAR-0x8][NON-XML-CHAR-0x8][NON-XML-CHAR-0x8][NON-XML-CHAR-0x8]4/40)[NON-XML-CHAR-0x8][NON-XML-CHAR-0x8][NON-XML-CHAR-0x8][NON-XML-CHAR-0x8][NON-XML-CHAR-0x8]5/40)[NON-XML-CHAR-0x8][NON-XML-CHAR-0x8][NON-XML-CHAR-0x8][NON-XML-CHAR-0x8][NON-XML-CHAR-0x8]6/40)[NON-XML-CHAR-0x8][NON-XML-CHAR-0x8][NON-XML-CHAR-0x8][NON-XML-CHAR-0x8][NON-XML-CHAR-0x8]7/40)[NON-XML-CHAR-0x8][NON-XML-CHAR-0x8][NON-XML-CHAR-0x8][NON-XML-CHAR-0x8][NON-XML-CHAR-0x8]8/40)[NON-XML-CHAR-0x8][NON-XML-CHAR-0x8][NON-XML-CHAR-0x8][NON-XML-CHAR-0x8][NON-XML-CHAR-0x8]9/40)[NON-XML-CHAR-0x8][NON-XML-CHAR-0x8][NON-XML-CHAR-0x8][NON-XML-CHAR-0x8][NON-XML-CHAR-0x8]10/40)[NON-XML-CHAR-0x8][NON-XML-CHAR-0x8][NON-XML-CHAR-0x8][NON-XML-CHAR-0x8][NON-XML-CHAR-0x8][NON-XML-CHAR-0x8]11/40)[NON-XML-CHAR-0x8][NON-XML-CHAR-0x8][NON-XML-CHAR-0x8][NON-XML-CHAR-0x8][NON-XML-CHAR-0x8][NON-XML-CHAR-0x8]12/40)[NON-XML-CHAR-0x8][NON-XML-CHAR-0x8][NON-XML-CHAR-0x8][NON-XML-CHAR-0x8][NON-XML-CHAR-0x8][NON-XML-CHAR-0x8]13/40)[NON-XML-CHAR-0x8][NON-XML-CHAR-0x8][NON-XML-CHAR-0x8][NON-XML-CHAR-0x8][NON-XML-CHAR-0x8][NON-XML-CHAR-0x8]14/40)[NON-XML-CHAR-0x8][NON-XML-CHAR-0x8][NON-XML-CHAR-0x8][NON-XML-CHAR-0x8][NON-XML-CHAR-0x8][NON-XML-CHAR-0x8]15/40)[NON-XML-CHAR-0x8][NON-XML-CHAR-0x8][NON-XML-CHAR-0x8][NON-XML-CHAR-0x8][NON-XML-CHAR-0x8][NON-XML-CHAR-0x8]16/40)[NON-XML-CHAR-0x8][NON-XML-CHAR-0x8][NON-XML-CHAR-0x8][NON-XML-CHAR-0x8][NON-XML-CHAR-0x8][NON-XML-CHAR-0x8]17/40)[NON-XML-CHAR-0x8][NON-XML-CHAR-0x8][NON-XML-CHAR-0x8][NON-XML-CHAR-0x8][NON-XML-CHAR-0x8][NON-XML-CHAR-0x8]18/40)[NON-XML-CHAR-0x8][NON-XML-CHAR-0x8][NON-XML-CHAR-0x8][NON-XML-CHAR-0x8][NON-XML-CHAR-0x8][NON-XML-CHAR-0x8]19/40)[NON-XML-CHAR-0x8][NON-XML-CHAR-0x8][NON-XML-CHAR-0x8][NON-XML-CHAR-0x8][NON-XML-CHAR-0x8][NON-XML-CHAR-0x8]20/40)[NON-XML-CHAR-0x8][NON-XML-CHAR-0x8][NON-XML-CHAR-0x8][NON-XML-CHAR-0x8][NON-XML-CHAR-0x8][NON-XML-CHAR-0x8]21/40)[NON-XML-CHAR-0x8][NON-XML-CHAR-0x8][NON-XML-CHAR-0x8][NON-XML-CHAR-0x8][NON-XML-CHAR-0x8][NON-XML-CHAR-0x8]22/40)[NON-XML-CHAR-0x8][NON-XML-CHAR-0x8][NON-XML-CHAR-0x8][NON-XML-CHAR-0x8][NON-XML-CHAR-0x8][NON-XML-CHAR-0x8]23/40)[NON-XML-CHAR-0x8][NON-XML-CHAR-0x8][NON-XML-CHAR-0x8][NON-XML-CHAR-0x8][NON-XML-CHAR-0x8][NON-XML-CHAR-0x8]24/40)[NON-XML-CHAR-0x8][NON-XML-CHAR-0x8][NON-XML-CHAR-0x8][NON-XML-CHAR-0x8][NON-XML-CHAR-0x8][NON-XML-CHAR-0x8]25/40)[NON-XML-CHAR-0x8][NON-XML-CHAR-0x8][NON-XML-CHAR-0x8][NON-XML-CHAR-0x8][NON-XML-CHAR-0x8][NON-XML-CHAR-0x8]26/40)[NON-XML-CHAR-0x8][NON-XML-CHAR-0x8][NON-XML-CHAR-0x8][NON-XML-CHAR-0x8][NON-XML-CHAR-0x8][NON-XML-CHAR-0x8]27/40)[NON-XML-CHAR-0x8][NON-XML-CHAR-0x8][NON-XML-CHAR-0x8][NON-XML-CHAR-0x8][NON-XML-CHAR-0x8][NON-XML-CHAR-0x8]28/40)[NON-XML-CHAR-0x8][NON-XML-CHAR-0x8][NON-XML-CHAR-0x8][NON-XML-CHAR-0x8][NON-XML-CHAR-0x8][NON-XML-CHAR-0x8]29/40)[NON-XML-CHAR-0x8][NON-XML-CHAR-0x8][NON-XML-CHAR-0x8][NON-XML-CHAR-0x8][NON-XML-CHAR-0x8][NON-XML-CHAR-0x8]30/40)[NON-XML-CHAR-0x8][NON-XML-CHAR-0x8][NON-XML-CHAR-0x8][NON-XML-CHAR-0x8][NON-XML-CHAR-0x8][NON-XML-CHAR-0x8]31/40)[NON-XML-CHAR-0x8][NON-XML-CHAR-0x8][NON-XML-CHAR-0x8][NON-XML-CHAR-0x8][NON-XML-CHAR-0x8][NON-XML-CHAR-0x8]32/40)[NON-XML-CHAR-0x8][NON-XML-CHAR-0x8][NON-XML-CHAR-0x8][NON-XML-CHAR-0x8][NON-XML-CHAR-0x8][NON-XML-CHAR-0x8]33/40)[NON-XML-CHAR-0x8][NON-XML-CHAR-0x8][NON-XML-CHAR-0x8][NON-XML-CHAR-0x8][NON-XML-CHAR-0x8][NON-XML-CHAR-0x8]34/40)[NON-XML-CHAR-0x8][NON-XML-CHAR-0x8][NON-XML-CHAR-0x8][NON-XML-CHAR-0x8][NON-XML-CHAR-0x8][NON-XML-CHAR-0x8]35/40)[NON-XML-CHAR-0x8][NON-XML-CHAR-0x8][NON-XML-CHAR-0x8][NON-XML-CHAR-0x8][NON-XML-CHAR-0x8][NON-XML-CHAR-0x8]36/40)[NON-XML-CHAR-0x8][NON-XML-CHAR-0x8][NON-XML-CHAR-0x8][NON-XML-CHAR-0x8][NON-XML-CHAR-0x8][NON-XML-CHAR-0x8]37/40)[NON-XML-CHAR-0x8][NON-XML-CHAR-0x8][NON-XML-CHAR-0x8][NON-XML-CHAR-0x8][NON-XML-CHAR-0x8][NON-XML-CHAR-0x8]38/40)[NON-XML-CHAR-0x8][NON-XML-CHAR-0x8][NON-XML-CHAR-0x8][NON-XML-CHAR-0x8][NON-XML-CHAR-0x8][NON-XML-CHAR-0x8]39/40)[NON-XML-CHAR-0x8][NON-XML-CHAR-0x8][NON-XML-CHAR-0x8][NON-XML-CHAR-0x8][NON-XML-CHAR-0x8][NON-XML-CHAR-0x8]40/40)
Testing with 2^15 (32768) elements (trial 1/40)[NON-XML-CHAR-0x8][NON-XML-CHAR-0x8][NON-XML-CHAR-0x8][NON-XML-CHAR-0x8][NON-XML-CHAR-0x8]2/40)[NON-XML-CHAR-0x8][NON-XML-CHAR-0x8][NON-XML-CHAR-0x8][NON-XML-CHAR-0x8][NON-XML-CHAR-0x8]3/40)[NON-XML-CHAR-0x8][NON-XML-CHAR-0x8][NON-XML-CHAR-0x8][NON-XML-CHAR-0x8][NON-XML-CHAR-0x8]4/40)[NON-XML-CHAR-0x8][NON-XML-CHAR-0x8][NON-XML-CHAR-0x8][NON-XML-CHAR-0x8][NON-XML-CHAR-0x8]5/40)[NON-XML-CHAR-0x8][NON-XML-CHAR-0x8][NON-XML-CHAR-0x8][NON-XML-CHAR-0x8][NON-XML-CHAR-0x8]6/40)[NON-XML-CHAR-0x8][NON-XML-CHAR-0x8][NON-XML-CHAR-0x8][NON-XML-CHAR-0x8][NON-XML-CHAR-0x8]7/40)[NON-XML-CHAR-0x8][NON-XML-CHAR-0x8][NON-XML-CHAR-0x8][NON-XML-CHAR-0x8][NON-XML-CHAR-0x8]8/40)[NON-XML-CHAR-0x8][NON-XML-CHAR-0x8][NON-XML-CHAR-0x8][NON-XML-CHAR-0x8][NON-XML-CHAR-0x8]9/40)[NON-XML-CHAR-0x8][NON-XML-CHAR-0x8][NON-XML-CHAR-0x8][NON-XML-CHAR-0x8][NON-XML-CHAR-0x8]10/40)[NON-XML-CHAR-0x8][NON-XML-CHAR-0x8][NON-XML-CHAR-0x8][NON-XML-CHAR-0x8][NON-XML-CHAR-0x8][NON-XML-CHAR-0x8]11/40)[NON-XML-CHAR-0x8][NON-XML-CHAR-0x8][NON-XML-CHAR-0x8][NON-XML-CHAR-0x8][NON-XML-CHAR-0x8][NON-XML-CHAR-0x8]12/40)[NON-XML-CHAR-0x8][NON-XML-CHAR-0x8][NON-XML-CHAR-0x8][NON-XML-CHAR-0x8][NON-XML-CHAR-0x8][NON-XML-CHAR-0x8]13/40)[NON-XML-CHAR-0x8][NON-XML-CHAR-0x8][NON-XML-CHAR-0x8][NON-XML-CHAR-0x8][NON-XML-CHAR-0x8][NON-XML-CHAR-0x8]14/40)[NON-XML-CHAR-0x8][NON-XML-CHAR-0x8][NON-XML-CHAR-0x8][NON-XML-CHAR-0x8][NON-XML-CHAR-0x8][NON-XML-CHAR-0x8]15/40)[NON-XML-CHAR-0x8][NON-XML-CHAR-0x8][NON-XML-CHAR-0x8][NON-XML-CHAR-0x8][NON-XML-CHAR-0x8][NON-XML-CHAR-0x8]16/40)[NON-XML-CHAR-0x8][NON-XML-CHAR-0x8][NON-XML-CHAR-0x8][NON-XML-CHAR-0x8][NON-XML-CHAR-0x8][NON-XML-CHAR-0x8]17/40)[NON-XML-CHAR-0x8][NON-XML-CHAR-0x8][NON-XML-CHAR-0x8][NON-XML-CHAR-0x8][NON-XML-CHAR-0x8][NON-XML-CHAR-0x8]18/40)[NON-XML-CHAR-0x8][NON-XML-CHAR-0x8][NON-XML-CHAR-0x8][NON-XML-CHAR-0x8][NON-XML-CHAR-0x8][NON-XML-CHAR-0x8]19/40)[NON-XML-CHAR-0x8][NON-XML-CHAR-0x8][NON-XML-CHAR-0x8][NON-XML-CHAR-0x8][NON-XML-CHAR-0x8][NON-XML-CHAR-0x8]20/40)[NON-XML-CHAR-0x8][NON-XML-CHAR-0x8][NON-XML-CHAR-0x8][NON-XML-CHAR-0x8][NON-XML-CHAR-0x8][NON-XML-CHAR-0x8]21/40)[NON-XML-CHAR-0x8][NON-XML-CHAR-0x8][NON-XML-CHAR-0x8][NON-XML-CHAR-0x8][NON-XML-CHAR-0x8][NON-XML-CHAR-0x8]22/40)[NON-XML-CHAR-0x8][NON-XML-CHAR-0x8][NON-XML-CHAR-0x8][NON-XML-CHAR-0x8][NON-XML-CHAR-0x8][NON-XML-CHAR-0x8]23/40)[NON-XML-CHAR-0x8][NON-XML-CHAR-0x8][NON-XML-CHAR-0x8][NON-XML-CHAR-0x8][NON-XML-CHAR-0x8][NON-XML-CHAR-0x8]24/40)[NON-XML-CHAR-0x8][NON-XML-CHAR-0x8][NON-XML-CHAR-0x8][NON-XML-CHAR-0x8][NON-XML-CHAR-0x8][NON-XML-CHAR-0x8]25/40)[NON-XML-CHAR-0x8][NON-XML-CHAR-0x8][NON-XML-CHAR-0x8][NON-XML-CHAR-0x8][NON-XML-CHAR-0x8][NON-XML-CHAR-0x8]26/40)[NON-XML-CHAR-0x8][NON-XML-CHAR-0x8][NON-XML-CHAR-0x8][NON-XML-CHAR-0x8][NON-XML-CHAR-0x8][NON-XML-CHAR-0x8]27/40)[NON-XML-CHAR-0x8][NON-XML-CHAR-0x8][NON-XML-CHAR-0x8][NON-XML-CHAR-0x8][NON-XML-CHAR-0x8][NON-XML-CHAR-0x8]28/40)[NON-XML-CHAR-0x8][NON-XML-CHAR-0x8][NON-XML-CHAR-0x8][NON-XML-CHAR-0x8][NON-XML-CHAR-0x8][NON-XML-CHAR-0x8]29/40)[NON-XML-CHAR-0x8][NON-XML-CHAR-0x8][NON-XML-CHAR-0x8][NON-XML-CHAR-0x8][NON-XML-CHAR-0x8][NON-XML-CHAR-0x8]30/40)[NON-XML-CHAR-0x8][NON-XML-CHAR-0x8][NON-XML-CHAR-0x8][NON-XML-CHAR-0x8][NON-XML-CHAR-0x8][NON-XML-CHAR-0x8]31/40)[NON-XML-CHAR-0x8][NON-XML-CHAR-0x8][NON-XML-CHAR-0x8][NON-XML-CHAR-0x8][NON-XML-CHAR-0x8][NON-XML-CHAR-0x8]32/40)[NON-XML-CHAR-0x8][NON-XML-CHAR-0x8][NON-XML-CHAR-0x8][NON-XML-CHAR-0x8][NON-XML-CHAR-0x8][NON-XML-CHAR-0x8]33/40)[NON-XML-CHAR-0x8][NON-XML-CHAR-0x8][NON-XML-CHAR-0x8][NON-XML-CHAR-0x8][NON-XML-CHAR-0x8][NON-XML-CHAR-0x8]34/40)[NON-XML-CHAR-0x8][NON-XML-CHAR-0x8][NON-XML-CHAR-0x8][NON-XML-CHAR-0x8][NON-XML-CHAR-0x8][NON-XML-CHAR-0x8]35/40)[NON-XML-CHAR-0x8][NON-XML-CHAR-0x8][NON-XML-CHAR-0x8][NON-XML-CHAR-0x8][NON-XML-CHAR-0x8][NON-XML-CHAR-0x8]36/40)[NON-XML-CHAR-0x8][NON-XML-CHAR-0x8][NON-XML-CHAR-0x8][NON-XML-CHAR-0x8][NON-XML-CHAR-0x8][NON-XML-CHAR-0x8]37/40)[NON-XML-CHAR-0x8][NON-XML-CHAR-0x8][NON-XML-CHAR-0x8][NON-XML-CHAR-0x8][NON-XML-CHAR-0x8][NON-XML-CHAR-0x8]38/40)[NON-XML-CHAR-0x8][NON-XML-CHAR-0x8][NON-XML-CHAR-0x8][NON-XML-CHAR-0x8][NON-XML-CHAR-0x8][NON-XML-CHAR-0x8]39/40)[NON-XML-CHAR-0x8][NON-XML-CHAR-0x8][NON-XML-CHAR-0x8][NON-XML-CHAR-0x8][NON-XML-CHAR-0x8][NON-XML-CHAR-0x8]40/40)
Testing with 2^16 (65536) elements (trial 1/40)[NON-XML-CHAR-0x8][NON-XML-CHAR-0x8][NON-XML-CHAR-0x8][NON-XML-CHAR-0x8][NON-XML-CHAR-0x8]2/40)[NON-XML-CHAR-0x8][NON-XML-CHAR-0x8][NON-XML-CHAR-0x8][NON-XML-CHAR-0x8][NON-XML-CHAR-0x8]3/40)[NON-XML-CHAR-0x8][NON-XML-CHAR-0x8][NON-XML-CHAR-0x8][NON-XML-CHAR-0x8][NON-XML-CHAR-0x8]4/40)[NON-XML-CHAR-0x8][NON-XML-CHAR-0x8][NON-XML-CHAR-0x8][NON-XML-CHAR-0x8][NON-XML-CHAR-0x8]5/40)[NON-XML-CHAR-0x8][NON-XML-CHAR-0x8][NON-XML-CHAR-0x8][NON-XML-CHAR-0x8][NON-XML-CHAR-0x8]6/40)[NON-XML-CHAR-0x8][NON-XML-CHAR-0x8][NON-XML-CHAR-0x8][NON-XML-CHAR-0x8][NON-XML-CHAR-0x8]7/40)[NON-XML-CHAR-0x8][NON-XML-CHAR-0x8][NON-XML-CHAR-0x8][NON-XML-CHAR-0x8][NON-XML-CHAR-0x8]8/40)[NON-XML-CHAR-0x8][NON-XML-CHAR-0x8][NON-XML-CHAR-0x8][NON-XML-CHAR-0x8][NON-XML-CHAR-0x8]9/40)[NON-XML-CHAR-0x8][NON-XML-CHAR-0x8][NON-XML-CHAR-0x8][NON-XML-CHAR-0x8][NON-XML-CHAR-0x8]10/40)[NON-XML-CHAR-0x8][NON-XML-CHAR-0x8][NON-XML-CHAR-0x8][NON-XML-CHAR-0x8][NON-XML-CHAR-0x8][NON-XML-CHAR-0x8]11/40)[NON-XML-CHAR-0x8][NON-XML-CHAR-0x8][NON-XML-CHAR-0x8][NON-XML-CHAR-0x8][NON-XML-CHAR-0x8][NON-XML-CHAR-0x8]12/40)[NON-XML-CHAR-0x8][NON-XML-CHAR-0x8][NON-XML-CHAR-0x8][NON-XML-CHAR-0x8][NON-XML-CHAR-0x8][NON-XML-CHAR-0x8]13/40)[NON-XML-CHAR-0x8][NON-XML-CHAR-0x8][NON-XML-CHAR-0x8][NON-XML-CHAR-0x8][NON-XML-CHAR-0x8][NON-XML-CHAR-0x8]14/40)[NON-XML-CHAR-0x8][NON-XML-CHAR-0x8][NON-XML-CHAR-0x8][NON-XML-CHAR-0x8][NON-XML-CHAR-0x8][NON-XML-CHAR-0x8]15/40)[NON-XML-CHAR-0x8][NON-XML-CHAR-0x8][NON-XML-CHAR-0x8][NON-XML-CHAR-0x8][NON-XML-CHAR-0x8][NON-XML-CHAR-0x8]16/40)[NON-XML-CHAR-0x8][NON-XML-CHAR-0x8][NON-XML-CHAR-0x8][NON-XML-CHAR-0x8][NON-XML-CHAR-0x8][NON-XML-CHAR-0x8]17/40)[NON-XML-CHAR-0x8][NON-XML-CHAR-0x8][NON-XML-CHAR-0x8][NON-XML-CHAR-0x8][NON-XML-CHAR-0x8][NON-XML-CHAR-0x8]18/40)[NON-XML-CHAR-0x8][NON-XML-CHAR-0x8][NON-XML-CHAR-0x8][NON-XML-CHAR-0x8][NON-XML-CHAR-0x8][NON-XML-CHAR-0x8]19/40)[NON-XML-CHAR-0x8][NON-XML-CHAR-0x8][NON-XML-CHAR-0x8][NON-XML-CHAR-0x8][NON-XML-CHAR-0x8][NON-XML-CHAR-0x8]20/40)[NON-XML-CHAR-0x8][NON-XML-CHAR-0x8][NON-XML-CHAR-0x8][NON-XML-CHAR-0x8][NON-XML-CHAR-0x8][NON-XML-CHAR-0x8]21/40)[NON-XML-CHAR-0x8][NON-XML-CHAR-0x8][NON-XML-CHAR-0x8][NON-XML-CHAR-0x8][NON-XML-CHAR-0x8][NON-XML-CHAR-0x8]22/40)[NON-XML-CHAR-0x8][NON-XML-CHAR-0x8][NON-XML-CHAR-0x8][NON-XML-CHAR-0x8][NON-XML-CHAR-0x8][NON-XML-CHAR-0x8]23/40)[NON-XML-CHAR-0x8][NON-XML-CHAR-0x8][NON-XML-CHAR-0x8][NON-XML-CHAR-0x8][NON-XML-CHAR-0x8][NON-XML-CHAR-0x8]24/40)[NON-XML-CHAR-0x8][NON-XML-CHAR-0x8][NON-XML-CHAR-0x8][NON-XML-CHAR-0x8][NON-XML-CHAR-0x8][NON-XML-CHAR-0x8]25/40)[NON-XML-CHAR-0x8][NON-XML-CHAR-0x8][NON-XML-CHAR-0x8][NON-XML-CHAR-0x8][NON-XML-CHAR-0x8][NON-XML-CHAR-0x8]26/40)[NON-XML-CHAR-0x8][NON-XML-CHAR-0x8][NON-XML-CHAR-0x8][NON-XML-CHAR-0x8][NON-XML-CHAR-0x8][NON-XML-CHAR-0x8]27/40)[NON-XML-CHAR-0x8][NON-XML-CHAR-0x8][NON-XML-CHAR-0x8][NON-XML-CHAR-0x8][NON-XML-CHAR-0x8][NON-XML-CHAR-0x8]28/40)[NON-XML-CHAR-0x8][NON-XML-CHAR-0x8][NON-XML-CHAR-0x8][NON-XML-CHAR-0x8][NON-XML-CHAR-0x8][NON-XML-CHAR-0x8]29/40)[NON-XML-CHAR-0x8][NON-XML-CHAR-0x8][NON-XML-CHAR-0x8][NON-XML-CHAR-0x8][NON-XML-CHAR-0x8][NON-XML-CHAR-0x8]30/40)[NON-XML-CHAR-0x8][NON-XML-CHAR-0x8][NON-XML-CHAR-0x8][NON-XML-CHAR-0x8][NON-XML-CHAR-0x8][NON-XML-CHAR-0x8]31/40)[NON-XML-CHAR-0x8][NON-XML-CHAR-0x8][NON-XML-CHAR-0x8][NON-XML-CHAR-0x8][NON-XML-CHAR-0x8][NON-XML-CHAR-0x8]32/40)[NON-XML-CHAR-0x8][NON-XML-CHAR-0x8][NON-XML-CHAR-0x8][NON-XML-CHAR-0x8][NON-XML-CHAR-0x8][NON-XML-CHAR-0x8]33/40)[NON-XML-CHAR-0x8][NON-XML-CHAR-0x8][NON-XML-CHAR-0x8][NON-XML-CHAR-0x8][NON-XML-CHAR-0x8][NON-XML-CHAR-0x8]34/40)[NON-XML-CHAR-0x8][NON-XML-CHAR-0x8][NON-XML-CHAR-0x8][NON-XML-CHAR-0x8][NON-XML-CHAR-0x8][NON-XML-CHAR-0x8]35/40)[NON-XML-CHAR-0x8][NON-XML-CHAR-0x8][NON-XML-CHAR-0x8][NON-XML-CHAR-0x8][NON-XML-CHAR-0x8][NON-XML-CHAR-0x8]36/40)[NON-XML-CHAR-0x8][NON-XML-CHAR-0x8][NON-XML-CHAR-0x8][NON-XML-CHAR-0x8][NON-XML-CHAR-0x8][NON-XML-CHAR-0x8]37/40)[NON-XML-CHAR-0x8][NON-XML-CHAR-0x8][NON-XML-CHAR-0x8][NON-XML-CHAR-0x8][NON-XML-CHAR-0x8][NON-XML-CHAR-0x8]38/40)[NON-XML-CHAR-0x8][NON-XML-CHAR-0x8][NON-XML-CHAR-0x8][NON-XML-CHAR-0x8][NON-XML-CHAR-0x8][NON-XML-CHAR-0x8]39/40)[NON-XML-CHAR-0x8][NON-XML-CHAR-0x8][NON-XML-CHAR-0x8][NON-XML-CHAR-0x8][NON-XML-CHAR-0x8][NON-XML-CHAR-0x8]40/40)
Testing with 2^17 (131072) elements (trial 1/40)[NON-XML-CHAR-0x8][NON-XML-CHAR-0x8][NON-XML-CHAR-0x8][NON-XML-CHAR-0x8][NON-XML-CHAR-0x8]2/40)[NON-XML-CHAR-0x8][NON-XML-CHAR-0x8][NON-XML-CHAR-0x8][NON-XML-CHAR-0x8][NON-XML-CHAR-0x8]3/40)[NON-XML-CHAR-0x8][NON-XML-CHAR-0x8][NON-XML-CHAR-0x8][NON-XML-CHAR-0x8][NON-XML-CHAR-0x8]4/40)[NON-XML-CHAR-0x8][NON-XML-CHAR-0x8][NON-XML-CHAR-0x8][NON-XML-CHAR-0x8][NON-XML-CHAR-0x8]5/40)[NON-XML-CHAR-0x8][NON-XML-CHAR-0x8][NON-XML-CHAR-0x8][NON-XML-CHAR-0x8][NON-XML-CHAR-0x8]6/40)[NON-XML-CHAR-0x8][NON-XML-CHAR-0x8][NON-XML-CHAR-0x8][NON-XML-CHAR-0x8][NON-XML-CHAR-0x8]7/40)[NON-XML-CHAR-0x8][NON-XML-CHAR-0x8][NON-XML-CHAR-0x8][NON-XML-CHAR-0x8][NON-XML-CHAR-0x8]8/40)[NON-XML-CHAR-0x8][NON-XML-CHAR-0x8][NON-XML-CHAR-0x8][NON-XML-CHAR-0x8][NON-XML-CHAR-0x8]9/40)[NON-XML-CHAR-0x8][NON-XML-CHAR-0x8][NON-XML-CHAR-0x8][NON-XML-CHAR-0x8][NON-XML-CHAR-0x8]10/40)[NON-XML-CHAR-0x8][NON-XML-CHAR-0x8][NON-XML-CHAR-0x8][NON-XML-CHAR-0x8][NON-XML-CHAR-0x8][NON-XML-CHAR-0x8]11/40)[NON-XML-CHAR-0x8][NON-XML-CHAR-0x8][NON-XML-CHAR-0x8][NON-XML-CHAR-0x8][NON-XML-CHAR-0x8][NON-XML-CHAR-0x8]12/40)[NON-XML-CHAR-0x8][NON-XML-CHAR-0x8][NON-XML-CHAR-0x8][NON-XML-CHAR-0x8][NON-XML-CHAR-0x8][NON-XML-CHAR-0x8]13/40)[NON-XML-CHAR-0x8][NON-XML-CHAR-0x8][NON-XML-CHAR-0x8][NON-XML-CHAR-0x8][NON-XML-CHAR-0x8][NON-XML-CHAR-0x8]14/40)[NON-XML-CHAR-0x8][NON-XML-CHAR-0x8][NON-XML-CHAR-0x8][NON-XML-CHAR-0x8][NON-XML-CHAR-0x8][NON-XML-CHAR-0x8]15/40)[NON-XML-CHAR-0x8][NON-XML-CHAR-0x8][NON-XML-CHAR-0x8][NON-XML-CHAR-0x8][NON-XML-CHAR-0x8][NON-XML-CHAR-0x8]16/40)[NON-XML-CHAR-0x8][NON-XML-CHAR-0x8][NON-XML-CHAR-0x8][NON-XML-CHAR-0x8][NON-XML-CHAR-0x8][NON-XML-CHAR-0x8]17/40)[NON-XML-CHAR-0x8][NON-XML-CHAR-0x8][NON-XML-CHAR-0x8][NON-XML-CHAR-0x8][NON-XML-CHAR-0x8][NON-XML-CHAR-0x8]18/40)[NON-XML-CHAR-0x8][NON-XML-CHAR-0x8][NON-XML-CHAR-0x8][NON-XML-CHAR-0x8][NON-XML-CHAR-0x8][NON-XML-CHAR-0x8]19/40)[NON-XML-CHAR-0x8][NON-XML-CHAR-0x8][NON-XML-CHAR-0x8][NON-XML-CHAR-0x8][NON-XML-CHAR-0x8][NON-XML-CHAR-0x8]20/40)[NON-XML-CHAR-0x8][NON-XML-CHAR-0x8][NON-XML-CHAR-0x8][NON-XML-CHAR-0x8][NON-XML-CHAR-0x8][NON-XML-CHAR-0x8]21/40)[NON-XML-CHAR-0x8][NON-XML-CHAR-0x8][NON-XML-CHAR-0x8][NON-XML-CHAR-0x8][NON-XML-CHAR-0x8][NON-XML-CHAR-0x8]22/40)[NON-XML-CHAR-0x8][NON-XML-CHAR-0x8][NON-XML-CHAR-0x8][NON-XML-CHAR-0x8][NON-XML-CHAR-0x8][NON-XML-CHAR-0x8]23/40)[NON-XML-CHAR-0x8][NON-XML-CHAR-0x8][NON-XML-CHAR-0x8][NON-XML-CHAR-0x8][NON-XML-CHAR-0x8][NON-XML-CHAR-0x8]24/40)[NON-XML-CHAR-0x8][NON-XML-CHAR-0x8][NON-XML-CHAR-0x8][NON-XML-CHAR-0x8][NON-XML-CHAR-0x8][NON-XML-CHAR-0x8]25/40)[NON-XML-CHAR-0x8][NON-XML-CHAR-0x8][NON-XML-CHAR-0x8][NON-XML-CHAR-0x8][NON-XML-CHAR-0x8][NON-XML-CHAR-0x8]26/40)[NON-XML-CHAR-0x8][NON-XML-CHAR-0x8][NON-XML-CHAR-0x8][NON-XML-CHAR-0x8][NON-XML-CHAR-0x8][NON-XML-CHAR-0x8]27/40)[NON-XML-CHAR-0x8][NON-XML-CHAR-0x8][NON-XML-CHAR-0x8][NON-XML-CHAR-0x8][NON-XML-CHAR-0x8][NON-XML-CHAR-0x8]28/40)[NON-XML-CHAR-0x8][NON-XML-CHAR-0x8][NON-XML-CHAR-0x8][NON-XML-CHAR-0x8][NON-XML-CHAR-0x8][NON-XML-CHAR-0x8]29/40)[NON-XML-CHAR-0x8][NON-XML-CHAR-0x8][NON-XML-CHAR-0x8][NON-XML-CHAR-0x8][NON-XML-CHAR-0x8][NON-XML-CHAR-0x8]30/40)[NON-XML-CHAR-0x8][NON-XML-CHAR-0x8][NON-XML-CHAR-0x8][NON-XML-CHAR-0x8][NON-XML-CHAR-0x8][NON-XML-CHAR-0x8]31/40)[NON-XML-CHAR-0x8][NON-XML-CHAR-0x8][NON-XML-CHAR-0x8][NON-XML-CHAR-0x8][NON-XML-CHAR-0x8][NON-XML-CHAR-0x8]32/40)[NON-XML-CHAR-0x8][NON-XML-CHAR-0x8][NON-XML-CHAR-0x8][NON-XML-CHAR-0x8][NON-XML-CHAR-0x8][NON-XML-CHAR-0x8]33/40)[NON-XML-CHAR-0x8][NON-XML-CHAR-0x8][NON-XML-CHAR-0x8][NON-XML-CHAR-0x8][NON-XML-CHAR-0x8][NON-XML-CHAR-0x8]34/40)[NON-XML-CHAR-0x8][NON-XML-CHAR-0x8][NON-XML-CHAR-0x8][NON-XML-CHAR-0x8][NON-XML-CHAR-0x8][NON-XML-CHAR-0x8]35/40)[NON-XML-CHAR-0x8][NON-XML-CHAR-0x8][NON-XML-CHAR-0x8][NON-XML-CHAR-0x8][NON-XML-CHAR-0x8][NON-XML-CHAR-0x8]36/40)[NON-XML-CHAR-0x8][NON-XML-CHAR-0x8][NON-XML-CHAR-0x8][NON-XML-CHAR-0x8][NON-XML-CHAR-0x8][NON-XML-CHAR-0x8]37/40)[NON-XML-CHAR-0x8][NON-XML-CHAR-0x8][NON-XML-CHAR-0x8][NON-XML-CHAR-0x8][NON-XML-CHAR-0x8][NON-XML-CHAR-0x8]38/40)[NON-XML-CHAR-0x8][NON-XML-CHAR-0x8][NON-XML-CHAR-0x8][NON-XML-CHAR-0x8][NON-XML-CHAR-0x8][NON-XML-CHAR-0x8]39/40)[NON-XML-CHAR-0x8][NON-XML-CHAR-0x8][NON-XML-CHAR-0x8][NON-XML-CHAR-0x8][NON-XML-CHAR-0x8][NON-XML-CHAR-0x8]40/40)
Testing if time complexity could be linear...
Correlation factor (0.2050) is &lt; threshold (1.4000)
Testing if time complexity could be constant...
Correlation factor (2.4534) is &gt;= threshold (1.4000)
&gt;&gt; Time complexity of MinHeap::remove() with d=2 is likely constant
Testing if time complexity could be logarithmic...
Correlation factor (1.1624) is &lt; threshold (1.4000)
Testing if time complexity could be linearithmic...
Correlation factor (-0.4299) is &lt; threshold (1.4000)
Testing if time complexity could be quadratic...
Correlation factor (0.0872) is &lt; threshold (1.4000)
Testing if time complexity could be cubic...
Correlation factor (0.0552) is &lt; threshold (1.4000)
[       OK ] HeapRuntime.Remove (580 ms)
[----------] 1 test from HeapRuntime (580 ms total)

[----------] Global test environment tear-down
[==========] 1 test from 1 test case ran. (580 ms total)
[  PASSED  ] 1 test.
</Value>
				</Measurement>
			</Results>
		</Test>
		<EndDateTime>Dec 04 14:34 PST</EndDateTime>
		<EndTestTime>1543962855</EndTestTime>
		<ElapsedMinutes>0.4</ElapsedMinutes>
	</Testing>
</Site>
