<?xml version="1.0" encoding="UTF-8"?>
<Site BuildName="(empty)"
	BuildStamp="20180926-2026-Experimental"
	Name="(empty)"
	Generator="ctest-3.5.1"
	CompilerName=""
	CompilerVersion=""
	OSName="Linux"
	Hostname="studentVM"
	OSRelease="4.4.0-104-generic"
	OSVersion="#127-Ubuntu SMP Mon Dec 11 12:16:42 UTC 2017"
	OSPlatform="x86_64"
	Is64Bits="1"
	VendorString="GenuineIntel"
	VendorID="Intel Corporation"
	FamilyID="6"
	ModelID="158"
	ProcessorCacheSize="6144"
	NumberOfLogicalCPU="1"
	NumberOfPhysicalCPU="1"
	TotalVirtualMemory="2045"
	TotalPhysicalMemory="2000"
	LogicalProcessorsPerPhysical="1"
	ProcessorClockFrequency="2808"
	>
	<Testing>
		<StartDateTime>Sep 26 13:26 PDT</StartDateTime>
		<StartTestTime>1537993566</StartTestTime>
		<TestList>
			<Test>./palindrome/Palindrome.Empty</Test>
			<Test>./palindrome/Palindrome.SingleChar</Test>
			<Test>./palindrome/Palindrome.PalindromeWordOddLength</Test>
			<Test>./palindrome/Palindrome.PalindromeWordEvenLength</Test>
			<Test>./palindrome/Palindrome.NonPalindromeWordOddLength</Test>
			<Test>./palindrome/Palindrome.NonPalindromeWordEvenLength</Test>
			<Test>./streams/Streams.NoWords</Test>
			<Test>./streams/Streams.OneWord</Test>
			<Test>./streams/Streams.FiveWordsSameLine</Test>
			<Test>./streams/Streams.FiveWordsSeparateLines</Test>
			<Test>./streams/Streams.MixedWhitespace</Test>
			<Test>./streams/Streams.ThousandWordStressTest</Test>
			<Test>./simple_char_manager/FirstMemtest.Execution</Test>
			<Test>./simple_char_manager/SimpleCharManager.ConstructionDestruction</Test>
			<Test>./simple_char_manager/SimpleCharManager.OneCharAlloc</Test>
			<Test>./simple_char_manager/SimpleCharManager.OneCharFree</Test>
			<Test>./simple_char_manager/SimpleCharManager.FiveCharAlloc</Test>
			<Test>./simple_char_manager/SimpleCharManager.FiveCharAllocFree</Test>
			<Test>./simple_char_manager/SimpleCharManager.AllocFree_x2</Test>
			<Test>./simple_char_manager/SimpleCharManager.FreeAll</Test>
			<Test>./simple_char_manager/SimpleCharManager.Alloc10000Chars</Test>
			<Test>./simple_char_manager/SimpleCharManager.Alloc1Charx10000</Test>
			<Test>./flex_char_manager/SecondMemtest.Execution</Test>
			<Test>./flex_char_manager/FlexCharManager.ConstructionDestruction</Test>
			<Test>./flex_char_manager/FlexCharManager.InvalidFree</Test>
			<Test>./flex_char_manager/FlexCharManager.ZeroFill</Test>
			<Test>./flex_char_manager/FlexCharManager.OneCharAlloc</Test>
			<Test>./flex_char_manager/FlexCharManager.OneCharFree</Test>
			<Test>./flex_char_manager/FlexCharManager.FiveCharAlloc</Test>
			<Test>./flex_char_manager/FlexCharManager.FiveCharAllocFree</Test>
			<Test>./flex_char_manager/FlexCharManager.Alloc_x2</Test>
			<Test>./flex_char_manager/FlexCharManager.AllocFree_x2_RevOrder</Test>
			<Test>./flex_char_manager/FlexCharManager.AllocFree_x2_FwdOrder</Test>
			<Test>./flex_char_manager/FlexCharManager.MemoryReuse</Test>
			<Test>./flex_char_manager/FlexCharManager.Alloc10000Chars</Test>
			<Test>./flex_char_manager/FlexCharManager.Alloc5Charx2000</Test>
			<Test>./flex_char_manager/FlexCharManager.AllocDealloc10Charx1000</Test>
			<Test>./flex_char_manager/FlexCharManager.RandomOrderDealloc</Test>
			<Test>./flex_char_manager/FlexCharManager.BasicFirstFit</Test>
			<Test>./flex_char_manager/FlexCharManager.IntermediateFirstFit</Test>
		</TestList>
		<Test Status="passed">
			<Name>Palindrome.Empty</Name>
			<Path>./palindrome</Path>
			<FullName>./palindrome/Palindrome.Empty</FullName>
			<FullCommandLine>/usr/bin/valgrind "--tool=memcheck" "--leak-check=yes" "--error-exitcode=42" "--trace-children=no" "/home/cs104/cs104/hw-kim503/hw1/hw1_tests/palindrome/palindrome_test" "--gtest_filter=Palindrome.Empty"</FullCommandLine>
			<Results>
				<NamedMeasurement type="numeric/double" name="Execution Time">
					<Value>1.24807</Value>
				</NamedMeasurement>
				<NamedMeasurement type="text/string" name="Completion Status">
					<Value>Completed</Value>
				</NamedMeasurement>
				<NamedMeasurement type="text/string" name="Command Line">
					<Value>/usr/bin/valgrind "--tool=memcheck" "--leak-check=yes" "--error-exitcode=42" "--trace-children=no" "/home/cs104/cs104/hw-kim503/hw1/hw1_tests/palindrome/palindrome_test" "--gtest_filter=Palindrome.Empty"</Value>
				</NamedMeasurement>
				<Measurement>
					<Value>==725== Memcheck, a memory error detector
==725== Copyright (C) 2002-2017, and GNU GPL'd, by Julian Seward et al.
==725== Using Valgrind-3.13.0 and LibVEX; rerun with -h for copyright info
==725== Command: /home/cs104/cs104/hw-kim503/hw1/hw1_tests/palindrome/palindrome_test --gtest_filter=Palindrome.Empty
==725== 
Running main() from gtest_main.cc
Note: Google Test filter = Palindrome.Empty
[==========] Running 1 test from 1 test case.
[----------] Global test environment set-up.
[----------] 1 test from Palindrome
[ RUN      ] Palindrome.Empty
This test is executing your program with the following command line: 
/usr/bin/valgrind --tool=memcheck -q --leak-check=yes --error-exitcode=113 /home/cs104/cs104/hw-kim503/hw1/hw1_tests/q4_palindrome 
Your program's STDOUT and STDERR were written to: /home/cs104/cs104/hw-kim503/hw1/hw1_tests/palindrome/testFiles/empty/output.log
[       OK ] Palindrome.Empty (589 ms)
[----------] 1 test from Palindrome (594 ms total)

[----------] Global test environment tear-down
[==========] 1 test from 1 test case ran. (618 ms total)
[  PASSED  ] 1 test.
==725== 
==725== HEAP SUMMARY:
==725==     in use at exit: 72,704 bytes in 1 blocks
==725==   total heap usage: 275 allocs, 274 frees, 142,688 bytes allocated
==725== 
==725== LEAK SUMMARY:
==725==    definitely lost: 0 bytes in 0 blocks
==725==    indirectly lost: 0 bytes in 0 blocks
==725==      possibly lost: 0 bytes in 0 blocks
==725==    still reachable: 0 bytes in 0 blocks
==725==         suppressed: 72,704 bytes in 1 blocks
==725== 
==725== For counts of detected and suppressed errors, rerun with: -v
==725== ERROR SUMMARY: 0 errors from 0 contexts (suppressed: 0 from 0)
</Value>
				</Measurement>
			</Results>
		</Test>
		<Test Status="passed">
			<Name>Palindrome.SingleChar</Name>
			<Path>./palindrome</Path>
			<FullName>./palindrome/Palindrome.SingleChar</FullName>
			<FullCommandLine>/usr/bin/valgrind "--tool=memcheck" "--leak-check=yes" "--error-exitcode=42" "--trace-children=no" "/home/cs104/cs104/hw-kim503/hw1/hw1_tests/palindrome/palindrome_test" "--gtest_filter=Palindrome.SingleChar"</FullCommandLine>
			<Results>
				<NamedMeasurement type="numeric/double" name="Execution Time">
					<Value>1.22514</Value>
				</NamedMeasurement>
				<NamedMeasurement type="text/string" name="Completion Status">
					<Value>Completed</Value>
				</NamedMeasurement>
				<NamedMeasurement type="text/string" name="Command Line">
					<Value>/usr/bin/valgrind "--tool=memcheck" "--leak-check=yes" "--error-exitcode=42" "--trace-children=no" "/home/cs104/cs104/hw-kim503/hw1/hw1_tests/palindrome/palindrome_test" "--gtest_filter=Palindrome.SingleChar"</Value>
				</NamedMeasurement>
				<Measurement>
					<Value>==727== Memcheck, a memory error detector
==727== Copyright (C) 2002-2017, and GNU GPL'd, by Julian Seward et al.
==727== Using Valgrind-3.13.0 and LibVEX; rerun with -h for copyright info
==727== Command: /home/cs104/cs104/hw-kim503/hw1/hw1_tests/palindrome/palindrome_test --gtest_filter=Palindrome.SingleChar
==727== 
Running main() from gtest_main.cc
Note: Google Test filter = Palindrome.SingleChar
[==========] Running 1 test from 1 test case.
[----------] Global test environment set-up.
[----------] 1 test from Palindrome
[ RUN      ] Palindrome.SingleChar
This test is executing your program with the following command line: 
/usr/bin/valgrind --tool=memcheck -q --leak-check=yes --error-exitcode=113 /home/cs104/cs104/hw-kim503/hw1/hw1_tests/q4_palindrome r
Your program's STDOUT and STDERR were written to: /home/cs104/cs104/hw-kim503/hw1/hw1_tests/palindrome/testFiles/single_char/output.log
[       OK ] Palindrome.SingleChar (574 ms)
[----------] 1 test from Palindrome (578 ms total)

[----------] Global test environment tear-down
[==========] 1 test from 1 test case ran. (602 ms total)
[  PASSED  ] 1 test.
==727== 
==727== HEAP SUMMARY:
==727==     in use at exit: 72,704 bytes in 1 blocks
==727==   total heap usage: 275 allocs, 274 frees, 142,773 bytes allocated
==727== 
==727== LEAK SUMMARY:
==727==    definitely lost: 0 bytes in 0 blocks
==727==    indirectly lost: 0 bytes in 0 blocks
==727==      possibly lost: 0 bytes in 0 blocks
==727==    still reachable: 0 bytes in 0 blocks
==727==         suppressed: 72,704 bytes in 1 blocks
==727== 
==727== For counts of detected and suppressed errors, rerun with: -v
==727== ERROR SUMMARY: 0 errors from 0 contexts (suppressed: 0 from 0)
</Value>
				</Measurement>
			</Results>
		</Test>
		<Test Status="passed">
			<Name>Palindrome.PalindromeWordOddLength</Name>
			<Path>./palindrome</Path>
			<FullName>./palindrome/Palindrome.PalindromeWordOddLength</FullName>
			<FullCommandLine>/usr/bin/valgrind "--tool=memcheck" "--leak-check=yes" "--error-exitcode=42" "--trace-children=no" "/home/cs104/cs104/hw-kim503/hw1/hw1_tests/palindrome/palindrome_test" "--gtest_filter=Palindrome.PalindromeWordOddLength"</FullCommandLine>
			<Results>
				<NamedMeasurement type="numeric/double" name="Execution Time">
					<Value>1.24366</Value>
				</NamedMeasurement>
				<NamedMeasurement type="text/string" name="Completion Status">
					<Value>Completed</Value>
				</NamedMeasurement>
				<NamedMeasurement type="text/string" name="Command Line">
					<Value>/usr/bin/valgrind "--tool=memcheck" "--leak-check=yes" "--error-exitcode=42" "--trace-children=no" "/home/cs104/cs104/hw-kim503/hw1/hw1_tests/palindrome/palindrome_test" "--gtest_filter=Palindrome.PalindromeWordOddLength"</Value>
				</NamedMeasurement>
				<Measurement>
					<Value>==729== Memcheck, a memory error detector
==729== Copyright (C) 2002-2017, and GNU GPL'd, by Julian Seward et al.
==729== Using Valgrind-3.13.0 and LibVEX; rerun with -h for copyright info
==729== Command: /home/cs104/cs104/hw-kim503/hw1/hw1_tests/palindrome/palindrome_test --gtest_filter=Palindrome.PalindromeWordOddLength
==729== 
Running main() from gtest_main.cc
Note: Google Test filter = Palindrome.PalindromeWordOddLength
[==========] Running 1 test from 1 test case.
[----------] Global test environment set-up.
[----------] 1 test from Palindrome
[ RUN      ] Palindrome.PalindromeWordOddLength
This test is executing your program with the following command line: 
/usr/bin/valgrind --tool=memcheck -q --leak-check=yes --error-exitcode=113 /home/cs104/cs104/hw-kim503/hw1/hw1_tests/q4_palindrome racecar
Your program's STDOUT and STDERR were written to: /home/cs104/cs104/hw-kim503/hw1/hw1_tests/palindrome/testFiles/palindrome_word_oddlength/output.log
[       OK ] Palindrome.PalindromeWordOddLength (580 ms)
[----------] 1 test from Palindrome (585 ms total)

[----------] Global test environment tear-down
[==========] 1 test from 1 test case ran. (607 ms total)
[  PASSED  ] 1 test.
==729== 
==729== HEAP SUMMARY:
==729==     in use at exit: 72,704 bytes in 1 blocks
==729==   total heap usage: 276 allocs, 275 frees, 143,046 bytes allocated
==729== 
==729== LEAK SUMMARY:
==729==    definitely lost: 0 bytes in 0 blocks
==729==    indirectly lost: 0 bytes in 0 blocks
==729==      possibly lost: 0 bytes in 0 blocks
==729==    still reachable: 0 bytes in 0 blocks
==729==         suppressed: 72,704 bytes in 1 blocks
==729== 
==729== For counts of detected and suppressed errors, rerun with: -v
==729== ERROR SUMMARY: 0 errors from 0 contexts (suppressed: 0 from 0)
</Value>
				</Measurement>
			</Results>
		</Test>
		<Test Status="passed">
			<Name>Palindrome.PalindromeWordEvenLength</Name>
			<Path>./palindrome</Path>
			<FullName>./palindrome/Palindrome.PalindromeWordEvenLength</FullName>
			<FullCommandLine>/usr/bin/valgrind "--tool=memcheck" "--leak-check=yes" "--error-exitcode=42" "--trace-children=no" "/home/cs104/cs104/hw-kim503/hw1/hw1_tests/palindrome/palindrome_test" "--gtest_filter=Palindrome.PalindromeWordEvenLength"</FullCommandLine>
			<Results>
				<NamedMeasurement type="numeric/double" name="Execution Time">
					<Value>1.21481</Value>
				</NamedMeasurement>
				<NamedMeasurement type="text/string" name="Completion Status">
					<Value>Completed</Value>
				</NamedMeasurement>
				<NamedMeasurement type="text/string" name="Command Line">
					<Value>/usr/bin/valgrind "--tool=memcheck" "--leak-check=yes" "--error-exitcode=42" "--trace-children=no" "/home/cs104/cs104/hw-kim503/hw1/hw1_tests/palindrome/palindrome_test" "--gtest_filter=Palindrome.PalindromeWordEvenLength"</Value>
				</NamedMeasurement>
				<Measurement>
					<Value>==731== Memcheck, a memory error detector
==731== Copyright (C) 2002-2017, and GNU GPL'd, by Julian Seward et al.
==731== Using Valgrind-3.13.0 and LibVEX; rerun with -h for copyright info
==731== Command: /home/cs104/cs104/hw-kim503/hw1/hw1_tests/palindrome/palindrome_test --gtest_filter=Palindrome.PalindromeWordEvenLength
==731== 
Running main() from gtest_main.cc
Note: Google Test filter = Palindrome.PalindromeWordEvenLength
[==========] Running 1 test from 1 test case.
[----------] Global test environment set-up.
[----------] 1 test from Palindrome
[ RUN      ] Palindrome.PalindromeWordEvenLength
This test is executing your program with the following command line: 
/usr/bin/valgrind --tool=memcheck -q --leak-check=yes --error-exitcode=113 /home/cs104/cs104/hw-kim503/hw1/hw1_tests/q4_palindrome redder
Your program's STDOUT and STDERR were written to: /home/cs104/cs104/hw-kim503/hw1/hw1_tests/palindrome/testFiles/palindrome_word_evenlength/output.log
[       OK ] Palindrome.PalindromeWordEvenLength (571 ms)
[----------] 1 test from Palindrome (577 ms total)

[----------] Global test environment tear-down
[==========] 1 test from 1 test case ran. (598 ms total)
[  PASSED  ] 1 test.
==731== 
==731== HEAP SUMMARY:
==731==     in use at exit: 72,704 bytes in 1 blocks
==731==   total heap usage: 276 allocs, 275 frees, 143,068 bytes allocated
==731== 
==731== LEAK SUMMARY:
==731==    definitely lost: 0 bytes in 0 blocks
==731==    indirectly lost: 0 bytes in 0 blocks
==731==      possibly lost: 0 bytes in 0 blocks
==731==    still reachable: 0 bytes in 0 blocks
==731==         suppressed: 72,704 bytes in 1 blocks
==731== 
==731== For counts of detected and suppressed errors, rerun with: -v
==731== ERROR SUMMARY: 0 errors from 0 contexts (suppressed: 0 from 0)
</Value>
				</Measurement>
			</Results>
		</Test>
		<Test Status="passed">
			<Name>Palindrome.NonPalindromeWordOddLength</Name>
			<Path>./palindrome</Path>
			<FullName>./palindrome/Palindrome.NonPalindromeWordOddLength</FullName>
			<FullCommandLine>/usr/bin/valgrind "--tool=memcheck" "--leak-check=yes" "--error-exitcode=42" "--trace-children=no" "/home/cs104/cs104/hw-kim503/hw1/hw1_tests/palindrome/palindrome_test" "--gtest_filter=Palindrome.NonPalindromeWordOddLength"</FullCommandLine>
			<Results>
				<NamedMeasurement type="numeric/double" name="Execution Time">
					<Value>1.23252</Value>
				</NamedMeasurement>
				<NamedMeasurement type="text/string" name="Completion Status">
					<Value>Completed</Value>
				</NamedMeasurement>
				<NamedMeasurement type="text/string" name="Command Line">
					<Value>/usr/bin/valgrind "--tool=memcheck" "--leak-check=yes" "--error-exitcode=42" "--trace-children=no" "/home/cs104/cs104/hw-kim503/hw1/hw1_tests/palindrome/palindrome_test" "--gtest_filter=Palindrome.NonPalindromeWordOddLength"</Value>
				</NamedMeasurement>
				<Measurement>
					<Value>==734== Memcheck, a memory error detector
==734== Copyright (C) 2002-2017, and GNU GPL'd, by Julian Seward et al.
==734== Using Valgrind-3.13.0 and LibVEX; rerun with -h for copyright info
==734== Command: /home/cs104/cs104/hw-kim503/hw1/hw1_tests/palindrome/palindrome_test --gtest_filter=Palindrome.NonPalindromeWordOddLength
==734== 
Running main() from gtest_main.cc
Note: Google Test filter = Palindrome.NonPalindromeWordOddLength
[==========] Running 1 test from 1 test case.
[----------] Global test environment set-up.
[----------] 1 test from Palindrome
[ RUN      ] Palindrome.NonPalindromeWordOddLength
This test is executing your program with the following command line: 
/usr/bin/valgrind --tool=memcheck -q --leak-check=yes --error-exitcode=113 /home/cs104/cs104/hw-kim503/hw1/hw1_tests/q4_palindrome abcddba
Your program's STDOUT and STDERR were written to: /home/cs104/cs104/hw-kim503/hw1/hw1_tests/palindrome/testFiles/non_palindrome_word_oddlength/output.log
[       OK ] Palindrome.NonPalindromeWordOddLength (589 ms)
[----------] 1 test from Palindrome (594 ms total)

[----------] Global test environment tear-down
[==========] 1 test from 1 test case ran. (616 ms total)
[  PASSED  ] 1 test.
==734== 
==734== HEAP SUMMARY:
==734==     in use at exit: 72,704 bytes in 1 blocks
==734==   total heap usage: 277 allocs, 276 frees, 143,158 bytes allocated
==734== 
==734== LEAK SUMMARY:
==734==    definitely lost: 0 bytes in 0 blocks
==734==    indirectly lost: 0 bytes in 0 blocks
==734==      possibly lost: 0 bytes in 0 blocks
==734==    still reachable: 0 bytes in 0 blocks
==734==         suppressed: 72,704 bytes in 1 blocks
==734== 
==734== For counts of detected and suppressed errors, rerun with: -v
==734== ERROR SUMMARY: 0 errors from 0 contexts (suppressed: 0 from 0)
</Value>
				</Measurement>
			</Results>
		</Test>
		<Test Status="passed">
			<Name>Palindrome.NonPalindromeWordEvenLength</Name>
			<Path>./palindrome</Path>
			<FullName>./palindrome/Palindrome.NonPalindromeWordEvenLength</FullName>
			<FullCommandLine>/usr/bin/valgrind "--tool=memcheck" "--leak-check=yes" "--error-exitcode=42" "--trace-children=no" "/home/cs104/cs104/hw-kim503/hw1/hw1_tests/palindrome/palindrome_test" "--gtest_filter=Palindrome.NonPalindromeWordEvenLength"</FullCommandLine>
			<Results>
				<NamedMeasurement type="numeric/double" name="Execution Time">
					<Value>1.2512</Value>
				</NamedMeasurement>
				<NamedMeasurement type="text/string" name="Completion Status">
					<Value>Completed</Value>
				</NamedMeasurement>
				<NamedMeasurement type="text/string" name="Command Line">
					<Value>/usr/bin/valgrind "--tool=memcheck" "--leak-check=yes" "--error-exitcode=42" "--trace-children=no" "/home/cs104/cs104/hw-kim503/hw1/hw1_tests/palindrome/palindrome_test" "--gtest_filter=Palindrome.NonPalindromeWordEvenLength"</Value>
				</NamedMeasurement>
				<Measurement>
					<Value>==736== Memcheck, a memory error detector
==736== Copyright (C) 2002-2017, and GNU GPL'd, by Julian Seward et al.
==736== Using Valgrind-3.13.0 and LibVEX; rerun with -h for copyright info
==736== Command: /home/cs104/cs104/hw-kim503/hw1/hw1_tests/palindrome/palindrome_test --gtest_filter=Palindrome.NonPalindromeWordEvenLength
==736== 
Running main() from gtest_main.cc
Note: Google Test filter = Palindrome.NonPalindromeWordEvenLength
[==========] Running 1 test from 1 test case.
[----------] Global test environment set-up.
[----------] 1 test from Palindrome
[ RUN      ] Palindrome.NonPalindromeWordEvenLength
This test is executing your program with the following command line: 
/usr/bin/valgrind --tool=memcheck -q --leak-check=yes --error-exitcode=113 /home/cs104/cs104/hw-kim503/hw1/hw1_tests/q4_palindrome amanaplanacanal
Your program's STDOUT and STDERR were written to: /home/cs104/cs104/hw-kim503/hw1/hw1_tests/palindrome/testFiles/non_palindrome_word_evenlength/output.log
[       OK ] Palindrome.NonPalindromeWordEvenLength (597 ms)
[----------] 1 test from Palindrome (602 ms total)

[----------] Global test environment tear-down
[==========] 1 test from 1 test case ran. (624 ms total)
[  PASSED  ] 1 test.
==736== 
==736== HEAP SUMMARY:
==736==     in use at exit: 72,704 bytes in 1 blocks
==736==   total heap usage: 277 allocs, 276 frees, 143,198 bytes allocated
==736== 
==736== LEAK SUMMARY:
==736==    definitely lost: 0 bytes in 0 blocks
==736==    indirectly lost: 0 bytes in 0 blocks
==736==      possibly lost: 0 bytes in 0 blocks
==736==    still reachable: 0 bytes in 0 blocks
==736==         suppressed: 72,704 bytes in 1 blocks
==736== 
==736== For counts of detected and suppressed errors, rerun with: -v
==736== ERROR SUMMARY: 0 errors from 0 contexts (suppressed: 0 from 0)
</Value>
				</Measurement>
			</Results>
		</Test>
		<Test Status="passed">
			<Name>Streams.NoWords</Name>
			<Path>./streams</Path>
			<FullName>./streams/Streams.NoWords</FullName>
			<FullCommandLine>/usr/bin/valgrind "--tool=memcheck" "--leak-check=yes" "--error-exitcode=42" "--trace-children=no" "/home/cs104/cs104/hw-kim503/hw1/hw1_tests/streams/streams_test" "--gtest_filter=Streams.NoWords"</FullCommandLine>
			<Results>
				<NamedMeasurement type="numeric/double" name="Execution Time">
					<Value>1.24298</Value>
				</NamedMeasurement>
				<NamedMeasurement type="text/string" name="Completion Status">
					<Value>Completed</Value>
				</NamedMeasurement>
				<NamedMeasurement type="text/string" name="Command Line">
					<Value>/usr/bin/valgrind "--tool=memcheck" "--leak-check=yes" "--error-exitcode=42" "--trace-children=no" "/home/cs104/cs104/hw-kim503/hw1/hw1_tests/streams/streams_test" "--gtest_filter=Streams.NoWords"</Value>
				</NamedMeasurement>
				<Measurement>
					<Value>==739== Memcheck, a memory error detector
==739== Copyright (C) 2002-2017, and GNU GPL'd, by Julian Seward et al.
==739== Using Valgrind-3.13.0 and LibVEX; rerun with -h for copyright info
==739== Command: /home/cs104/cs104/hw-kim503/hw1/hw1_tests/streams/streams_test --gtest_filter=Streams.NoWords
==739== 
Running main() from gtest_main.cc
Note: Google Test filter = Streams.NoWords
[==========] Running 1 test from 1 test case.
[----------] Global test environment set-up.
[----------] 1 test from Streams
[ RUN      ] Streams.NoWords
This test is executing your program with the following command line: 
/usr/bin/valgrind --tool=memcheck -q --leak-check=yes --error-exitcode=113 /home/cs104/cs104/hw-kim503/hw1/hw1_tests/q5_streams /home/cs104/cs104/hw-kim503/hw1/hw1_tests/streams/testFiles/no_words/input.txt
Your program's STDOUT and STDERR were written to: /home/cs104/cs104/hw-kim503/hw1/hw1_tests/streams/testFiles/no_words/output.log
[       OK ] Streams.NoWords (583 ms)
[----------] 1 test from Streams (588 ms total)

[----------] Global test environment tear-down
[==========] 1 test from 1 test case ran. (609 ms total)
[  PASSED  ] 1 test.
==739== 
==739== HEAP SUMMARY:
==739==     in use at exit: 72,704 bytes in 1 blocks
==739==   total heap usage: 270 allocs, 269 frees, 151,553 bytes allocated
==739== 
==739== LEAK SUMMARY:
==739==    definitely lost: 0 bytes in 0 blocks
==739==    indirectly lost: 0 bytes in 0 blocks
==739==      possibly lost: 0 bytes in 0 blocks
==739==    still reachable: 0 bytes in 0 blocks
==739==         suppressed: 72,704 bytes in 1 blocks
==739== 
==739== For counts of detected and suppressed errors, rerun with: -v
==739== ERROR SUMMARY: 0 errors from 0 contexts (suppressed: 0 from 0)
</Value>
				</Measurement>
			</Results>
		</Test>
		<Test Status="passed">
			<Name>Streams.OneWord</Name>
			<Path>./streams</Path>
			<FullName>./streams/Streams.OneWord</FullName>
			<FullCommandLine>/usr/bin/valgrind "--tool=memcheck" "--leak-check=yes" "--error-exitcode=42" "--trace-children=no" "/home/cs104/cs104/hw-kim503/hw1/hw1_tests/streams/streams_test" "--gtest_filter=Streams.OneWord"</FullCommandLine>
			<Results>
				<NamedMeasurement type="numeric/double" name="Execution Time">
					<Value>1.26012</Value>
				</NamedMeasurement>
				<NamedMeasurement type="text/string" name="Completion Status">
					<Value>Completed</Value>
				</NamedMeasurement>
				<NamedMeasurement type="text/string" name="Command Line">
					<Value>/usr/bin/valgrind "--tool=memcheck" "--leak-check=yes" "--error-exitcode=42" "--trace-children=no" "/home/cs104/cs104/hw-kim503/hw1/hw1_tests/streams/streams_test" "--gtest_filter=Streams.OneWord"</Value>
				</NamedMeasurement>
				<Measurement>
					<Value>==741== Memcheck, a memory error detector
==741== Copyright (C) 2002-2017, and GNU GPL'd, by Julian Seward et al.
==741== Using Valgrind-3.13.0 and LibVEX; rerun with -h for copyright info
==741== Command: /home/cs104/cs104/hw-kim503/hw1/hw1_tests/streams/streams_test --gtest_filter=Streams.OneWord
==741== 
Running main() from gtest_main.cc
Note: Google Test filter = Streams.OneWord
[==========] Running 1 test from 1 test case.
[----------] Global test environment set-up.
[----------] 1 test from Streams
[ RUN      ] Streams.OneWord
This test is executing your program with the following command line: 
/usr/bin/valgrind --tool=memcheck -q --leak-check=yes --error-exitcode=113 /home/cs104/cs104/hw-kim503/hw1/hw1_tests/q5_streams /home/cs104/cs104/hw-kim503/hw1/hw1_tests/streams/testFiles/one_word/input.txt
Your program's STDOUT and STDERR were written to: /home/cs104/cs104/hw-kim503/hw1/hw1_tests/streams/testFiles/one_word/output.log
[       OK ] Streams.OneWord (609 ms)
[----------] 1 test from Streams (615 ms total)

[----------] Global test environment tear-down
[==========] 1 test from 1 test case ran. (637 ms total)
[  PASSED  ] 1 test.
==741== 
==741== HEAP SUMMARY:
==741==     in use at exit: 72,704 bytes in 1 blocks
==741==   total heap usage: 272 allocs, 271 frees, 151,617 bytes allocated
==741== 
==741== LEAK SUMMARY:
==741==    definitely lost: 0 bytes in 0 blocks
==741==    indirectly lost: 0 bytes in 0 blocks
==741==      possibly lost: 0 bytes in 0 blocks
==741==    still reachable: 0 bytes in 0 blocks
==741==         suppressed: 72,704 bytes in 1 blocks
==741== 
==741== For counts of detected and suppressed errors, rerun with: -v
==741== ERROR SUMMARY: 0 errors from 0 contexts (suppressed: 0 from 0)
</Value>
				</Measurement>
			</Results>
		</Test>
		<Test Status="passed">
			<Name>Streams.FiveWordsSameLine</Name>
			<Path>./streams</Path>
			<FullName>./streams/Streams.FiveWordsSameLine</FullName>
			<FullCommandLine>/usr/bin/valgrind "--tool=memcheck" "--leak-check=yes" "--error-exitcode=42" "--trace-children=no" "/home/cs104/cs104/hw-kim503/hw1/hw1_tests/streams/streams_test" "--gtest_filter=Streams.FiveWordsSameLine"</FullCommandLine>
			<Results>
				<NamedMeasurement type="numeric/double" name="Execution Time">
					<Value>1.25438</Value>
				</NamedMeasurement>
				<NamedMeasurement type="text/string" name="Completion Status">
					<Value>Completed</Value>
				</NamedMeasurement>
				<NamedMeasurement type="text/string" name="Command Line">
					<Value>/usr/bin/valgrind "--tool=memcheck" "--leak-check=yes" "--error-exitcode=42" "--trace-children=no" "/home/cs104/cs104/hw-kim503/hw1/hw1_tests/streams/streams_test" "--gtest_filter=Streams.FiveWordsSameLine"</Value>
				</NamedMeasurement>
				<Measurement>
					<Value>==744== Memcheck, a memory error detector
==744== Copyright (C) 2002-2017, and GNU GPL'd, by Julian Seward et al.
==744== Using Valgrind-3.13.0 and LibVEX; rerun with -h for copyright info
==744== Command: /home/cs104/cs104/hw-kim503/hw1/hw1_tests/streams/streams_test --gtest_filter=Streams.FiveWordsSameLine
==744== 
Running main() from gtest_main.cc
Note: Google Test filter = Streams.FiveWordsSameLine
[==========] Running 1 test from 1 test case.
[----------] Global test environment set-up.
[----------] 1 test from Streams
[ RUN      ] Streams.FiveWordsSameLine
This test is executing your program with the following command line: 
/usr/bin/valgrind --tool=memcheck -q --leak-check=yes --error-exitcode=113 /home/cs104/cs104/hw-kim503/hw1/hw1_tests/q5_streams /home/cs104/cs104/hw-kim503/hw1/hw1_tests/streams/testFiles/five_words_same_line/input.txt
Your program's STDOUT and STDERR were written to: /home/cs104/cs104/hw-kim503/hw1/hw1_tests/streams/testFiles/five_words_same_line/output.log
[       OK ] Streams.FiveWordsSameLine (609 ms)
[----------] 1 test from Streams (614 ms total)

[----------] Global test environment tear-down
[==========] 1 test from 1 test case ran. (635 ms total)
[  PASSED  ] 1 test.
==744== 
==744== HEAP SUMMARY:
==744==     in use at exit: 72,704 bytes in 1 blocks
==744==   total heap usage: 285 allocs, 284 frees, 152,770 bytes allocated
==744== 
==744== LEAK SUMMARY:
==744==    definitely lost: 0 bytes in 0 blocks
==744==    indirectly lost: 0 bytes in 0 blocks
==744==      possibly lost: 0 bytes in 0 blocks
==744==    still reachable: 0 bytes in 0 blocks
==744==         suppressed: 72,704 bytes in 1 blocks
==744== 
==744== For counts of detected and suppressed errors, rerun with: -v
==744== ERROR SUMMARY: 0 errors from 0 contexts (suppressed: 0 from 0)
</Value>
				</Measurement>
			</Results>
		</Test>
		<Test Status="passed">
			<Name>Streams.FiveWordsSeparateLines</Name>
			<Path>./streams</Path>
			<FullName>./streams/Streams.FiveWordsSeparateLines</FullName>
			<FullCommandLine>/usr/bin/valgrind "--tool=memcheck" "--leak-check=yes" "--error-exitcode=42" "--trace-children=no" "/home/cs104/cs104/hw-kim503/hw1/hw1_tests/streams/streams_test" "--gtest_filter=Streams.FiveWordsSeparateLines"</FullCommandLine>
			<Results>
				<NamedMeasurement type="numeric/double" name="Execution Time">
					<Value>1.24769</Value>
				</NamedMeasurement>
				<NamedMeasurement type="text/string" name="Completion Status">
					<Value>Completed</Value>
				</NamedMeasurement>
				<NamedMeasurement type="text/string" name="Command Line">
					<Value>/usr/bin/valgrind "--tool=memcheck" "--leak-check=yes" "--error-exitcode=42" "--trace-children=no" "/home/cs104/cs104/hw-kim503/hw1/hw1_tests/streams/streams_test" "--gtest_filter=Streams.FiveWordsSeparateLines"</Value>
				</NamedMeasurement>
				<Measurement>
					<Value>==746== Memcheck, a memory error detector
==746== Copyright (C) 2002-2017, and GNU GPL'd, by Julian Seward et al.
==746== Using Valgrind-3.13.0 and LibVEX; rerun with -h for copyright info
==746== Command: /home/cs104/cs104/hw-kim503/hw1/hw1_tests/streams/streams_test --gtest_filter=Streams.FiveWordsSeparateLines
==746== 
Running main() from gtest_main.cc
Note: Google Test filter = Streams.FiveWordsSeparateLines
[==========] Running 1 test from 1 test case.
[----------] Global test environment set-up.
[----------] 1 test from Streams
[ RUN      ] Streams.FiveWordsSeparateLines
This test is executing your program with the following command line: 
/usr/bin/valgrind --tool=memcheck -q --leak-check=yes --error-exitcode=113 /home/cs104/cs104/hw-kim503/hw1/hw1_tests/q5_streams /home/cs104/cs104/hw-kim503/hw1/hw1_tests/streams/testFiles/five_words_separate_lines/input.txt
Your program's STDOUT and STDERR were written to: /home/cs104/cs104/hw-kim503/hw1/hw1_tests/streams/testFiles/five_words_separate_lines/output.log
[       OK ] Streams.FiveWordsSeparateLines (602 ms)
[----------] 1 test from Streams (608 ms total)

[----------] Global test environment tear-down
[==========] 1 test from 1 test case ran. (630 ms total)
[  PASSED  ] 1 test.
==746== 
==746== HEAP SUMMARY:
==746==     in use at exit: 72,704 bytes in 1 blocks
==746==   total heap usage: 286 allocs, 285 frees, 153,401 bytes allocated
==746== 
==746== LEAK SUMMARY:
==746==    definitely lost: 0 bytes in 0 blocks
==746==    indirectly lost: 0 bytes in 0 blocks
==746==      possibly lost: 0 bytes in 0 blocks
==746==    still reachable: 0 bytes in 0 blocks
==746==         suppressed: 72,704 bytes in 1 blocks
==746== 
==746== For counts of detected and suppressed errors, rerun with: -v
==746== ERROR SUMMARY: 0 errors from 0 contexts (suppressed: 0 from 0)
</Value>
				</Measurement>
			</Results>
		</Test>
		<Test Status="passed">
			<Name>Streams.MixedWhitespace</Name>
			<Path>./streams</Path>
			<FullName>./streams/Streams.MixedWhitespace</FullName>
			<FullCommandLine>/usr/bin/valgrind "--tool=memcheck" "--leak-check=yes" "--error-exitcode=42" "--trace-children=no" "/home/cs104/cs104/hw-kim503/hw1/hw1_tests/streams/streams_test" "--gtest_filter=Streams.MixedWhitespace"</FullCommandLine>
			<Results>
				<NamedMeasurement type="numeric/double" name="Execution Time">
					<Value>1.29695</Value>
				</NamedMeasurement>
				<NamedMeasurement type="text/string" name="Completion Status">
					<Value>Completed</Value>
				</NamedMeasurement>
				<NamedMeasurement type="text/string" name="Command Line">
					<Value>/usr/bin/valgrind "--tool=memcheck" "--leak-check=yes" "--error-exitcode=42" "--trace-children=no" "/home/cs104/cs104/hw-kim503/hw1/hw1_tests/streams/streams_test" "--gtest_filter=Streams.MixedWhitespace"</Value>
				</NamedMeasurement>
				<Measurement>
					<Value>==749== Memcheck, a memory error detector
==749== Copyright (C) 2002-2017, and GNU GPL'd, by Julian Seward et al.
==749== Using Valgrind-3.13.0 and LibVEX; rerun with -h for copyright info
==749== Command: /home/cs104/cs104/hw-kim503/hw1/hw1_tests/streams/streams_test --gtest_filter=Streams.MixedWhitespace
==749== 
Running main() from gtest_main.cc
Note: Google Test filter = Streams.MixedWhitespace
[==========] Running 1 test from 1 test case.
[----------] Global test environment set-up.
[----------] 1 test from Streams
[ RUN      ] Streams.MixedWhitespace
This test is executing your program with the following command line: 
/usr/bin/valgrind --tool=memcheck -q --leak-check=yes --error-exitcode=113 /home/cs104/cs104/hw-kim503/hw1/hw1_tests/q5_streams /home/cs104/cs104/hw-kim503/hw1/hw1_tests/streams/testFiles/mixed_whitespace/input.txt
Your program's STDOUT and STDERR were written to: /home/cs104/cs104/hw-kim503/hw1/hw1_tests/streams/testFiles/mixed_whitespace/output.log
[       OK ] Streams.MixedWhitespace (620 ms)
[----------] 1 test from Streams (625 ms total)

[----------] Global test environment tear-down
[==========] 1 test from 1 test case ran. (647 ms total)
[  PASSED  ] 1 test.
==749== 
==749== HEAP SUMMARY:
==749==     in use at exit: 72,704 bytes in 1 blocks
==749==   total heap usage: 286 allocs, 285 frees, 153,261 bytes allocated
==749== 
==749== LEAK SUMMARY:
==749==    definitely lost: 0 bytes in 0 blocks
==749==    indirectly lost: 0 bytes in 0 blocks
==749==      possibly lost: 0 bytes in 0 blocks
==749==    still reachable: 0 bytes in 0 blocks
==749==         suppressed: 72,704 bytes in 1 blocks
==749== 
==749== For counts of detected and suppressed errors, rerun with: -v
==749== ERROR SUMMARY: 0 errors from 0 contexts (suppressed: 0 from 0)
</Value>
				</Measurement>
			</Results>
		</Test>
		<Test Status="passed">
			<Name>Streams.ThousandWordStressTest</Name>
			<Path>./streams</Path>
			<FullName>./streams/Streams.ThousandWordStressTest</FullName>
			<FullCommandLine>/usr/bin/valgrind "--tool=memcheck" "--leak-check=yes" "--error-exitcode=42" "--trace-children=no" "/home/cs104/cs104/hw-kim503/hw1/hw1_tests/streams/streams_test" "--gtest_filter=Streams.ThousandWordStressTest"</FullCommandLine>
			<Results>
				<NamedMeasurement type="numeric/double" name="Execution Time">
					<Value>1.28386</Value>
				</NamedMeasurement>
				<NamedMeasurement type="text/string" name="Completion Status">
					<Value>Completed</Value>
				</NamedMeasurement>
				<NamedMeasurement type="text/string" name="Command Line">
					<Value>/usr/bin/valgrind "--tool=memcheck" "--leak-check=yes" "--error-exitcode=42" "--trace-children=no" "/home/cs104/cs104/hw-kim503/hw1/hw1_tests/streams/streams_test" "--gtest_filter=Streams.ThousandWordStressTest"</Value>
				</NamedMeasurement>
				<Measurement>
					<Value>==751== Memcheck, a memory error detector
==751== Copyright (C) 2002-2017, and GNU GPL'd, by Julian Seward et al.
==751== Using Valgrind-3.13.0 and LibVEX; rerun with -h for copyright info
==751== Command: /home/cs104/cs104/hw-kim503/hw1/hw1_tests/streams/streams_test --gtest_filter=Streams.ThousandWordStressTest
==751== 
Running main() from gtest_main.cc
Note: Google Test filter = Streams.ThousandWordStressTest
[==========] Running 1 test from 1 test case.
[----------] Global test environment set-up.
[----------] 1 test from Streams
[ RUN      ] Streams.ThousandWordStressTest
This test is executing your program with the following command line: 
/usr/bin/valgrind --tool=memcheck -q --leak-check=yes --error-exitcode=113 /home/cs104/cs104/hw-kim503/hw1/hw1_tests/q5_streams /home/cs104/cs104/hw-kim503/hw1/hw1_tests/streams/testFiles/thousand_word_stress_test/input.txt
Your program's STDOUT and STDERR were written to: /home/cs104/cs104/hw-kim503/hw1/hw1_tests/streams/testFiles/thousand_word_stress_test/output.log
[       OK ] Streams.ThousandWordStressTest (649 ms)
[----------] 1 test from Streams (654 ms total)

[----------] Global test environment tear-down
[==========] 1 test from 1 test case ran. (675 ms total)
[  PASSED  ] 1 test.
==751== 
==751== HEAP SUMMARY:
==751==     in use at exit: 72,704 bytes in 1 blocks
==751==   total heap usage: 298 allocs, 297 frees, 303,608 bytes allocated
==751== 
==751== LEAK SUMMARY:
==751==    definitely lost: 0 bytes in 0 blocks
==751==    indirectly lost: 0 bytes in 0 blocks
==751==      possibly lost: 0 bytes in 0 blocks
==751==    still reachable: 0 bytes in 0 blocks
==751==         suppressed: 72,704 bytes in 1 blocks
==751== 
==751== For counts of detected and suppressed errors, rerun with: -v
==751== ERROR SUMMARY: 0 errors from 0 contexts (suppressed: 0 from 0)
</Value>
				</Measurement>
			</Results>
		</Test>
		<Test Status="passed">
			<Name>FirstMemtest.Execution</Name>
			<Path>./simple_char_manager</Path>
			<FullName>./simple_char_manager/FirstMemtest.Execution</FullName>
			<FullCommandLine>/usr/bin/valgrind "--tool=memcheck" "--leak-check=yes" "--error-exitcode=42" "--trace-children=no" "/home/cs104/cs104/hw-kim503/hw1/hw1_tests/simple_char_manager/simple_char_manager_test" "--gtest_filter=FirstMemtest.Execution"</FullCommandLine>
			<Results>
				<NamedMeasurement type="numeric/double" name="Execution Time">
					<Value>1.19888</Value>
				</NamedMeasurement>
				<NamedMeasurement type="text/string" name="Completion Status">
					<Value>Completed</Value>
				</NamedMeasurement>
				<NamedMeasurement type="text/string" name="Command Line">
					<Value>/usr/bin/valgrind "--tool=memcheck" "--leak-check=yes" "--error-exitcode=42" "--trace-children=no" "/home/cs104/cs104/hw-kim503/hw1/hw1_tests/simple_char_manager/simple_char_manager_test" "--gtest_filter=FirstMemtest.Execution"</Value>
				</NamedMeasurement>
				<Measurement>
					<Value>==753== Memcheck, a memory error detector
==753== Copyright (C) 2002-2017, and GNU GPL'd, by Julian Seward et al.
==753== Using Valgrind-3.13.0 and LibVEX; rerun with -h for copyright info
==753== Command: /home/cs104/cs104/hw-kim503/hw1/hw1_tests/simple_char_manager/simple_char_manager_test --gtest_filter=FirstMemtest.Execution
==753== 
Running main() from gtest_main.cc
Note: Google Test filter = FirstMemtest.Execution
[==========] Running 1 test from 1 test case.
[----------] Global test environment set-up.
[----------] 1 test from FirstMemtest
[ RUN      ] FirstMemtest.Execution
This test is executing your program with the following command line: 
/usr/bin/valgrind --tool=memcheck -q --leak-check=yes --error-exitcode=113 /home/cs104/cs104/hw-kim503/hw1/hw1_tests/first_memtest
Hello world!
[       OK ] FirstMemtest.Execution (535 ms)
[----------] 1 test from FirstMemtest (540 ms total)

[----------] Global test environment tear-down
[==========] 1 test from 1 test case ran. (564 ms total)
[  PASSED  ] 1 test.
==753== 
==753== HEAP SUMMARY:
==753==     in use at exit: 72,704 bytes in 1 blocks
==753==   total heap usage: 387 allocs, 386 frees, 137,178 bytes allocated
==753== 
==753== LEAK SUMMARY:
==753==    definitely lost: 0 bytes in 0 blocks
==753==    indirectly lost: 0 bytes in 0 blocks
==753==      possibly lost: 0 bytes in 0 blocks
==753==    still reachable: 0 bytes in 0 blocks
==753==         suppressed: 72,704 bytes in 1 blocks
==753== 
==753== For counts of detected and suppressed errors, rerun with: -v
==753== ERROR SUMMARY: 0 errors from 0 contexts (suppressed: 0 from 0)
</Value>
				</Measurement>
			</Results>
		</Test>
		<Test Status="passed">
			<Name>SimpleCharManager.ConstructionDestruction</Name>
			<Path>./simple_char_manager</Path>
			<FullName>./simple_char_manager/SimpleCharManager.ConstructionDestruction</FullName>
			<FullCommandLine>/usr/bin/valgrind "--tool=memcheck" "--leak-check=yes" "--error-exitcode=42" "--trace-children=no" "/home/cs104/cs104/hw-kim503/hw1/hw1_tests/simple_char_manager/simple_char_manager_test" "--gtest_filter=SimpleCharManager.ConstructionDestruction"</FullCommandLine>
			<Results>
				<NamedMeasurement type="numeric/double" name="Execution Time">
					<Value>0.67812</Value>
				</NamedMeasurement>
				<NamedMeasurement type="text/string" name="Completion Status">
					<Value>Completed</Value>
				</NamedMeasurement>
				<NamedMeasurement type="text/string" name="Command Line">
					<Value>/usr/bin/valgrind "--tool=memcheck" "--leak-check=yes" "--error-exitcode=42" "--trace-children=no" "/home/cs104/cs104/hw-kim503/hw1/hw1_tests/simple_char_manager/simple_char_manager_test" "--gtest_filter=SimpleCharManager.ConstructionDestruction"</Value>
				</NamedMeasurement>
				<Measurement>
					<Value>==755== Memcheck, a memory error detector
==755== Copyright (C) 2002-2017, and GNU GPL'd, by Julian Seward et al.
==755== Using Valgrind-3.13.0 and LibVEX; rerun with -h for copyright info
==755== Command: /home/cs104/cs104/hw-kim503/hw1/hw1_tests/simple_char_manager/simple_char_manager_test --gtest_filter=SimpleCharManager.ConstructionDestruction
==755== 
Running main() from gtest_main.cc
Note: Google Test filter = SimpleCharManager.ConstructionDestruction
[==========] Running 1 test from 1 test case.
[----------] Global test environment set-up.
[----------] 1 test from SimpleCharManager
[ RUN      ] SimpleCharManager.ConstructionDestruction
[       OK ] SimpleCharManager.ConstructionDestruction (15 ms)
[----------] 1 test from SimpleCharManager (20 ms total)

[----------] Global test environment tear-down
[==========] 1 test from 1 test case ran. (44 ms total)
[  PASSED  ] 1 test.
==755== 
==755== HEAP SUMMARY:
==755==     in use at exit: 72,704 bytes in 1 blocks
==755==   total heap usage: 360 allocs, 359 frees, 138,146 bytes allocated
==755== 
==755== LEAK SUMMARY:
==755==    definitely lost: 0 bytes in 0 blocks
==755==    indirectly lost: 0 bytes in 0 blocks
==755==      possibly lost: 0 bytes in 0 blocks
==755==    still reachable: 0 bytes in 0 blocks
==755==         suppressed: 72,704 bytes in 1 blocks
==755== 
==755== For counts of detected and suppressed errors, rerun with: -v
==755== ERROR SUMMARY: 0 errors from 0 contexts (suppressed: 0 from 0)
</Value>
				</Measurement>
			</Results>
		</Test>
		<Test Status="passed">
			<Name>SimpleCharManager.OneCharAlloc</Name>
			<Path>./simple_char_manager</Path>
			<FullName>./simple_char_manager/SimpleCharManager.OneCharAlloc</FullName>
			<FullCommandLine>/usr/bin/valgrind "--tool=memcheck" "--leak-check=yes" "--error-exitcode=42" "--trace-children=no" "/home/cs104/cs104/hw-kim503/hw1/hw1_tests/simple_char_manager/simple_char_manager_test" "--gtest_filter=SimpleCharManager.OneCharAlloc"</FullCommandLine>
			<Results>
				<NamedMeasurement type="numeric/double" name="Execution Time">
					<Value>0.641586</Value>
				</NamedMeasurement>
				<NamedMeasurement type="text/string" name="Completion Status">
					<Value>Completed</Value>
				</NamedMeasurement>
				<NamedMeasurement type="text/string" name="Command Line">
					<Value>/usr/bin/valgrind "--tool=memcheck" "--leak-check=yes" "--error-exitcode=42" "--trace-children=no" "/home/cs104/cs104/hw-kim503/hw1/hw1_tests/simple_char_manager/simple_char_manager_test" "--gtest_filter=SimpleCharManager.OneCharAlloc"</Value>
				</NamedMeasurement>
				<Measurement>
					<Value>==756== Memcheck, a memory error detector
==756== Copyright (C) 2002-2017, and GNU GPL'd, by Julian Seward et al.
==756== Using Valgrind-3.13.0 and LibVEX; rerun with -h for copyright info
==756== Command: /home/cs104/cs104/hw-kim503/hw1/hw1_tests/simple_char_manager/simple_char_manager_test --gtest_filter=SimpleCharManager.OneCharAlloc
==756== 
Running main() from gtest_main.cc
Note: Google Test filter = SimpleCharManager.OneCharAlloc
[==========] Running 1 test from 1 test case.
[----------] Global test environment set-up.
[----------] 1 test from SimpleCharManager
[ RUN      ] SimpleCharManager.OneCharAlloc
[       OK ] SimpleCharManager.OneCharAlloc (17 ms)
[----------] 1 test from SimpleCharManager (23 ms total)

[----------] Global test environment tear-down
[==========] 1 test from 1 test case ran. (42 ms total)
[  PASSED  ] 1 test.
==756== 
==756== HEAP SUMMARY:
==756==     in use at exit: 72,704 bytes in 1 blocks
==756==   total heap usage: 360 allocs, 359 frees, 137,937 bytes allocated
==756== 
==756== LEAK SUMMARY:
==756==    definitely lost: 0 bytes in 0 blocks
==756==    indirectly lost: 0 bytes in 0 blocks
==756==      possibly lost: 0 bytes in 0 blocks
==756==    still reachable: 0 bytes in 0 blocks
==756==         suppressed: 72,704 bytes in 1 blocks
==756== 
==756== For counts of detected and suppressed errors, rerun with: -v
==756== ERROR SUMMARY: 0 errors from 0 contexts (suppressed: 0 from 0)
</Value>
				</Measurement>
			</Results>
		</Test>
		<Test Status="passed">
			<Name>SimpleCharManager.OneCharFree</Name>
			<Path>./simple_char_manager</Path>
			<FullName>./simple_char_manager/SimpleCharManager.OneCharFree</FullName>
			<FullCommandLine>/usr/bin/valgrind "--tool=memcheck" "--leak-check=yes" "--error-exitcode=42" "--trace-children=no" "/home/cs104/cs104/hw-kim503/hw1/hw1_tests/simple_char_manager/simple_char_manager_test" "--gtest_filter=SimpleCharManager.OneCharFree"</FullCommandLine>
			<Results>
				<NamedMeasurement type="numeric/double" name="Execution Time">
					<Value>0.65904</Value>
				</NamedMeasurement>
				<NamedMeasurement type="text/string" name="Completion Status">
					<Value>Completed</Value>
				</NamedMeasurement>
				<NamedMeasurement type="text/string" name="Command Line">
					<Value>/usr/bin/valgrind "--tool=memcheck" "--leak-check=yes" "--error-exitcode=42" "--trace-children=no" "/home/cs104/cs104/hw-kim503/hw1/hw1_tests/simple_char_manager/simple_char_manager_test" "--gtest_filter=SimpleCharManager.OneCharFree"</Value>
				</NamedMeasurement>
				<Measurement>
					<Value>==757== Memcheck, a memory error detector
==757== Copyright (C) 2002-2017, and GNU GPL'd, by Julian Seward et al.
==757== Using Valgrind-3.13.0 and LibVEX; rerun with -h for copyright info
==757== Command: /home/cs104/cs104/hw-kim503/hw1/hw1_tests/simple_char_manager/simple_char_manager_test --gtest_filter=SimpleCharManager.OneCharFree
==757== 
Running main() from gtest_main.cc
Note: Google Test filter = SimpleCharManager.OneCharFree
[==========] Running 1 test from 1 test case.
[----------] Global test environment set-up.
[----------] 1 test from SimpleCharManager
[ RUN      ] SimpleCharManager.OneCharFree
[       OK ] SimpleCharManager.OneCharFree (15 ms)
[----------] 1 test from SimpleCharManager (20 ms total)

[----------] Global test environment tear-down
[==========] 1 test from 1 test case ran. (44 ms total)
[  PASSED  ] 1 test.
==757== 
==757== HEAP SUMMARY:
==757==     in use at exit: 72,704 bytes in 1 blocks
==757==   total heap usage: 360 allocs, 359 frees, 137,930 bytes allocated
==757== 
==757== LEAK SUMMARY:
==757==    definitely lost: 0 bytes in 0 blocks
==757==    indirectly lost: 0 bytes in 0 blocks
==757==      possibly lost: 0 bytes in 0 blocks
==757==    still reachable: 0 bytes in 0 blocks
==757==         suppressed: 72,704 bytes in 1 blocks
==757== 
==757== For counts of detected and suppressed errors, rerun with: -v
==757== ERROR SUMMARY: 0 errors from 0 contexts (suppressed: 0 from 0)
</Value>
				</Measurement>
			</Results>
		</Test>
		<Test Status="passed">
			<Name>SimpleCharManager.FiveCharAlloc</Name>
			<Path>./simple_char_manager</Path>
			<FullName>./simple_char_manager/SimpleCharManager.FiveCharAlloc</FullName>
			<FullCommandLine>/usr/bin/valgrind "--tool=memcheck" "--leak-check=yes" "--error-exitcode=42" "--trace-children=no" "/home/cs104/cs104/hw-kim503/hw1/hw1_tests/simple_char_manager/simple_char_manager_test" "--gtest_filter=SimpleCharManager.FiveCharAlloc"</FullCommandLine>
			<Results>
				<NamedMeasurement type="numeric/double" name="Execution Time">
					<Value>0.645839</Value>
				</NamedMeasurement>
				<NamedMeasurement type="text/string" name="Completion Status">
					<Value>Completed</Value>
				</NamedMeasurement>
				<NamedMeasurement type="text/string" name="Command Line">
					<Value>/usr/bin/valgrind "--tool=memcheck" "--leak-check=yes" "--error-exitcode=42" "--trace-children=no" "/home/cs104/cs104/hw-kim503/hw1/hw1_tests/simple_char_manager/simple_char_manager_test" "--gtest_filter=SimpleCharManager.FiveCharAlloc"</Value>
				</NamedMeasurement>
				<Measurement>
					<Value>==758== Memcheck, a memory error detector
==758== Copyright (C) 2002-2017, and GNU GPL'd, by Julian Seward et al.
==758== Using Valgrind-3.13.0 and LibVEX; rerun with -h for copyright info
==758== Command: /home/cs104/cs104/hw-kim503/hw1/hw1_tests/simple_char_manager/simple_char_manager_test --gtest_filter=SimpleCharManager.FiveCharAlloc
==758== 
Running main() from gtest_main.cc
Note: Google Test filter = SimpleCharManager.FiveCharAlloc
[==========] Running 1 test from 1 test case.
[----------] Global test environment set-up.
[----------] 1 test from SimpleCharManager
[ RUN      ] SimpleCharManager.FiveCharAlloc
[       OK ] SimpleCharManager.FiveCharAlloc (17 ms)
[----------] 1 test from SimpleCharManager (23 ms total)

[----------] Global test environment tear-down
[==========] 1 test from 1 test case ran. (42 ms total)
[  PASSED  ] 1 test.
==758== 
==758== HEAP SUMMARY:
==758==     in use at exit: 72,704 bytes in 1 blocks
==758==   total heap usage: 360 allocs, 359 frees, 137,956 bytes allocated
==758== 
==758== LEAK SUMMARY:
==758==    definitely lost: 0 bytes in 0 blocks
==758==    indirectly lost: 0 bytes in 0 blocks
==758==      possibly lost: 0 bytes in 0 blocks
==758==    still reachable: 0 bytes in 0 blocks
==758==         suppressed: 72,704 bytes in 1 blocks
==758== 
==758== For counts of detected and suppressed errors, rerun with: -v
==758== ERROR SUMMARY: 0 errors from 0 contexts (suppressed: 0 from 0)
</Value>
				</Measurement>
			</Results>
		</Test>
		<Test Status="passed">
			<Name>SimpleCharManager.FiveCharAllocFree</Name>
			<Path>./simple_char_manager</Path>
			<FullName>./simple_char_manager/SimpleCharManager.FiveCharAllocFree</FullName>
			<FullCommandLine>/usr/bin/valgrind "--tool=memcheck" "--leak-check=yes" "--error-exitcode=42" "--trace-children=no" "/home/cs104/cs104/hw-kim503/hw1/hw1_tests/simple_char_manager/simple_char_manager_test" "--gtest_filter=SimpleCharManager.FiveCharAllocFree"</FullCommandLine>
			<Results>
				<NamedMeasurement type="numeric/double" name="Execution Time">
					<Value>0.639772</Value>
				</NamedMeasurement>
				<NamedMeasurement type="text/string" name="Completion Status">
					<Value>Completed</Value>
				</NamedMeasurement>
				<NamedMeasurement type="text/string" name="Command Line">
					<Value>/usr/bin/valgrind "--tool=memcheck" "--leak-check=yes" "--error-exitcode=42" "--trace-children=no" "/home/cs104/cs104/hw-kim503/hw1/hw1_tests/simple_char_manager/simple_char_manager_test" "--gtest_filter=SimpleCharManager.FiveCharAllocFree"</Value>
				</NamedMeasurement>
				<Measurement>
					<Value>==759== Memcheck, a memory error detector
==759== Copyright (C) 2002-2017, and GNU GPL'd, by Julian Seward et al.
==759== Using Valgrind-3.13.0 and LibVEX; rerun with -h for copyright info
==759== Command: /home/cs104/cs104/hw-kim503/hw1/hw1_tests/simple_char_manager/simple_char_manager_test --gtest_filter=SimpleCharManager.FiveCharAllocFree
==759== 
Running main() from gtest_main.cc
Note: Google Test filter = SimpleCharManager.FiveCharAllocFree
[==========] Running 1 test from 1 test case.
[----------] Global test environment set-up.
[----------] 1 test from SimpleCharManager
[ RUN      ] SimpleCharManager.FiveCharAllocFree
[       OK ] SimpleCharManager.FiveCharAllocFree (15 ms)
[----------] 1 test from SimpleCharManager (18 ms total)

[----------] Global test environment tear-down
[==========] 1 test from 1 test case ran. (39 ms total)
[  PASSED  ] 1 test.
==759== 
==759== HEAP SUMMARY:
==759==     in use at exit: 72,704 bytes in 1 blocks
==759==   total heap usage: 360 allocs, 359 frees, 138,032 bytes allocated
==759== 
==759== LEAK SUMMARY:
==759==    definitely lost: 0 bytes in 0 blocks
==759==    indirectly lost: 0 bytes in 0 blocks
==759==      possibly lost: 0 bytes in 0 blocks
==759==    still reachable: 0 bytes in 0 blocks
==759==         suppressed: 72,704 bytes in 1 blocks
==759== 
==759== For counts of detected and suppressed errors, rerun with: -v
==759== ERROR SUMMARY: 0 errors from 0 contexts (suppressed: 0 from 0)
</Value>
				</Measurement>
			</Results>
		</Test>
		<Test Status="passed">
			<Name>SimpleCharManager.AllocFree_x2</Name>
			<Path>./simple_char_manager</Path>
			<FullName>./simple_char_manager/SimpleCharManager.AllocFree_x2</FullName>
			<FullCommandLine>/usr/bin/valgrind "--tool=memcheck" "--leak-check=yes" "--error-exitcode=42" "--trace-children=no" "/home/cs104/cs104/hw-kim503/hw1/hw1_tests/simple_char_manager/simple_char_manager_test" "--gtest_filter=SimpleCharManager.AllocFree_x2"</FullCommandLine>
			<Results>
				<NamedMeasurement type="numeric/double" name="Execution Time">
					<Value>0.653535</Value>
				</NamedMeasurement>
				<NamedMeasurement type="text/string" name="Completion Status">
					<Value>Completed</Value>
				</NamedMeasurement>
				<NamedMeasurement type="text/string" name="Command Line">
					<Value>/usr/bin/valgrind "--tool=memcheck" "--leak-check=yes" "--error-exitcode=42" "--trace-children=no" "/home/cs104/cs104/hw-kim503/hw1/hw1_tests/simple_char_manager/simple_char_manager_test" "--gtest_filter=SimpleCharManager.AllocFree_x2"</Value>
				</NamedMeasurement>
				<Measurement>
					<Value>==760== Memcheck, a memory error detector
==760== Copyright (C) 2002-2017, and GNU GPL'd, by Julian Seward et al.
==760== Using Valgrind-3.13.0 and LibVEX; rerun with -h for copyright info
==760== Command: /home/cs104/cs104/hw-kim503/hw1/hw1_tests/simple_char_manager/simple_char_manager_test --gtest_filter=SimpleCharManager.AllocFree_x2
==760== 
Running main() from gtest_main.cc
Note: Google Test filter = SimpleCharManager.AllocFree_x2
[==========] Running 1 test from 1 test case.
[----------] Global test environment set-up.
[----------] 1 test from SimpleCharManager
[ RUN      ] SimpleCharManager.AllocFree_x2
[       OK ] SimpleCharManager.AllocFree_x2 (15 ms)
[----------] 1 test from SimpleCharManager (20 ms total)

[----------] Global test environment tear-down
[==========] 1 test from 1 test case ran. (40 ms total)
[  PASSED  ] 1 test.
==760== 
==760== HEAP SUMMARY:
==760==     in use at exit: 72,704 bytes in 1 blocks
==760==   total heap usage: 360 allocs, 359 frees, 137,937 bytes allocated
==760== 
==760== LEAK SUMMARY:
==760==    definitely lost: 0 bytes in 0 blocks
==760==    indirectly lost: 0 bytes in 0 blocks
==760==      possibly lost: 0 bytes in 0 blocks
==760==    still reachable: 0 bytes in 0 blocks
==760==         suppressed: 72,704 bytes in 1 blocks
==760== 
==760== For counts of detected and suppressed errors, rerun with: -v
==760== ERROR SUMMARY: 0 errors from 0 contexts (suppressed: 0 from 0)
</Value>
				</Measurement>
			</Results>
		</Test>
		<Test Status="passed">
			<Name>SimpleCharManager.FreeAll</Name>
			<Path>./simple_char_manager</Path>
			<FullName>./simple_char_manager/SimpleCharManager.FreeAll</FullName>
			<FullCommandLine>/usr/bin/valgrind "--tool=memcheck" "--leak-check=yes" "--error-exitcode=42" "--trace-children=no" "/home/cs104/cs104/hw-kim503/hw1/hw1_tests/simple_char_manager/simple_char_manager_test" "--gtest_filter=SimpleCharManager.FreeAll"</FullCommandLine>
			<Results>
				<NamedMeasurement type="numeric/double" name="Execution Time">
					<Value>0.641891</Value>
				</NamedMeasurement>
				<NamedMeasurement type="text/string" name="Completion Status">
					<Value>Completed</Value>
				</NamedMeasurement>
				<NamedMeasurement type="text/string" name="Command Line">
					<Value>/usr/bin/valgrind "--tool=memcheck" "--leak-check=yes" "--error-exitcode=42" "--trace-children=no" "/home/cs104/cs104/hw-kim503/hw1/hw1_tests/simple_char_manager/simple_char_manager_test" "--gtest_filter=SimpleCharManager.FreeAll"</Value>
				</NamedMeasurement>
				<Measurement>
					<Value>==761== Memcheck, a memory error detector
==761== Copyright (C) 2002-2017, and GNU GPL'd, by Julian Seward et al.
==761== Using Valgrind-3.13.0 and LibVEX; rerun with -h for copyright info
==761== Command: /home/cs104/cs104/hw-kim503/hw1/hw1_tests/simple_char_manager/simple_char_manager_test --gtest_filter=SimpleCharManager.FreeAll
==761== 
Running main() from gtest_main.cc
Note: Google Test filter = SimpleCharManager.FreeAll
[==========] Running 1 test from 1 test case.
[----------] Global test environment set-up.
[----------] 1 test from SimpleCharManager
[ RUN      ] SimpleCharManager.FreeAll
[       OK ] SimpleCharManager.FreeAll (16 ms)
[----------] 1 test from SimpleCharManager (21 ms total)

[----------] Global test environment tear-down
[==========] 1 test from 1 test case ran. (45 ms total)
[  PASSED  ] 1 test.
==761== 
==761== HEAP SUMMARY:
==761==     in use at exit: 72,704 bytes in 1 blocks
==761==   total heap usage: 360 allocs, 359 frees, 137,902 bytes allocated
==761== 
==761== LEAK SUMMARY:
==761==    definitely lost: 0 bytes in 0 blocks
==761==    indirectly lost: 0 bytes in 0 blocks
==761==      possibly lost: 0 bytes in 0 blocks
==761==    still reachable: 0 bytes in 0 blocks
==761==         suppressed: 72,704 bytes in 1 blocks
==761== 
==761== For counts of detected and suppressed errors, rerun with: -v
==761== ERROR SUMMARY: 0 errors from 0 contexts (suppressed: 0 from 0)
</Value>
				</Measurement>
			</Results>
		</Test>
		<Test Status="passed">
			<Name>SimpleCharManager.Alloc10000Chars</Name>
			<Path>./simple_char_manager</Path>
			<FullName>./simple_char_manager/SimpleCharManager.Alloc10000Chars</FullName>
			<FullCommandLine>/usr/bin/valgrind "--tool=memcheck" "--leak-check=yes" "--error-exitcode=42" "--trace-children=no" "/home/cs104/cs104/hw-kim503/hw1/hw1_tests/simple_char_manager/simple_char_manager_test" "--gtest_filter=SimpleCharManager.Alloc10000Chars"</FullCommandLine>
			<Results>
				<NamedMeasurement type="numeric/double" name="Execution Time">
					<Value>0.638957</Value>
				</NamedMeasurement>
				<NamedMeasurement type="text/string" name="Completion Status">
					<Value>Completed</Value>
				</NamedMeasurement>
				<NamedMeasurement type="text/string" name="Command Line">
					<Value>/usr/bin/valgrind "--tool=memcheck" "--leak-check=yes" "--error-exitcode=42" "--trace-children=no" "/home/cs104/cs104/hw-kim503/hw1/hw1_tests/simple_char_manager/simple_char_manager_test" "--gtest_filter=SimpleCharManager.Alloc10000Chars"</Value>
				</NamedMeasurement>
				<Measurement>
					<Value>==762== Memcheck, a memory error detector
==762== Copyright (C) 2002-2017, and GNU GPL'd, by Julian Seward et al.
==762== Using Valgrind-3.13.0 and LibVEX; rerun with -h for copyright info
==762== Command: /home/cs104/cs104/hw-kim503/hw1/hw1_tests/simple_char_manager/simple_char_manager_test --gtest_filter=SimpleCharManager.Alloc10000Chars
==762== 
Running main() from gtest_main.cc
Note: Google Test filter = SimpleCharManager.Alloc10000Chars
[==========] Running 1 test from 1 test case.
[----------] Global test environment set-up.
[----------] 1 test from SimpleCharManager
[ RUN      ] SimpleCharManager.Alloc10000Chars
[       OK ] SimpleCharManager.Alloc10000Chars (17 ms)
[----------] 1 test from SimpleCharManager (23 ms total)

[----------] Global test environment tear-down
[==========] 1 test from 1 test case ran. (47 ms total)
[  PASSED  ] 1 test.
==762== 
==762== HEAP SUMMARY:
==762==     in use at exit: 72,704 bytes in 1 blocks
==762==   total heap usage: 360 allocs, 359 frees, 137,994 bytes allocated
==762== 
==762== LEAK SUMMARY:
==762==    definitely lost: 0 bytes in 0 blocks
==762==    indirectly lost: 0 bytes in 0 blocks
==762==      possibly lost: 0 bytes in 0 blocks
==762==    still reachable: 0 bytes in 0 blocks
==762==         suppressed: 72,704 bytes in 1 blocks
==762== 
==762== For counts of detected and suppressed errors, rerun with: -v
==762== ERROR SUMMARY: 0 errors from 0 contexts (suppressed: 0 from 0)
</Value>
				</Measurement>
			</Results>
		</Test>
		<Test Status="passed">
			<Name>SimpleCharManager.Alloc1Charx10000</Name>
			<Path>./simple_char_manager</Path>
			<FullName>./simple_char_manager/SimpleCharManager.Alloc1Charx10000</FullName>
			<FullCommandLine>/usr/bin/valgrind "--tool=memcheck" "--leak-check=yes" "--error-exitcode=42" "--trace-children=no" "/home/cs104/cs104/hw-kim503/hw1/hw1_tests/simple_char_manager/simple_char_manager_test" "--gtest_filter=SimpleCharManager.Alloc1Charx10000"</FullCommandLine>
			<Results>
				<NamedMeasurement type="numeric/double" name="Execution Time">
					<Value>1.67006</Value>
				</NamedMeasurement>
				<NamedMeasurement type="text/string" name="Completion Status">
					<Value>Completed</Value>
				</NamedMeasurement>
				<NamedMeasurement type="text/string" name="Command Line">
					<Value>/usr/bin/valgrind "--tool=memcheck" "--leak-check=yes" "--error-exitcode=42" "--trace-children=no" "/home/cs104/cs104/hw-kim503/hw1/hw1_tests/simple_char_manager/simple_char_manager_test" "--gtest_filter=SimpleCharManager.Alloc1Charx10000"</Value>
				</NamedMeasurement>
				<Measurement>
					<Value>==763== Memcheck, a memory error detector
==763== Copyright (C) 2002-2017, and GNU GPL'd, by Julian Seward et al.
==763== Using Valgrind-3.13.0 and LibVEX; rerun with -h for copyright info
==763== Command: /home/cs104/cs104/hw-kim503/hw1/hw1_tests/simple_char_manager/simple_char_manager_test --gtest_filter=SimpleCharManager.Alloc1Charx10000
==763== 
Running main() from gtest_main.cc
Note: Google Test filter = SimpleCharManager.Alloc1Charx10000
[==========] Running 1 test from 1 test case.
[----------] Global test environment set-up.
[----------] 1 test from SimpleCharManager
[ RUN      ] SimpleCharManager.Alloc1Charx10000
[       OK ] SimpleCharManager.Alloc1Charx10000 (1049 ms)
[----------] 1 test from SimpleCharManager (1054 ms total)

[----------] Global test environment tear-down
[==========] 1 test from 1 test case ran. (1073 ms total)
[  PASSED  ] 1 test.
==763== 
==763== HEAP SUMMARY:
==763==     in use at exit: 72,704 bytes in 1 blocks
==763==   total heap usage: 360 allocs, 359 frees, 138,013 bytes allocated
==763== 
==763== LEAK SUMMARY:
==763==    definitely lost: 0 bytes in 0 blocks
==763==    indirectly lost: 0 bytes in 0 blocks
==763==      possibly lost: 0 bytes in 0 blocks
==763==    still reachable: 0 bytes in 0 blocks
==763==         suppressed: 72,704 bytes in 1 blocks
==763== 
==763== For counts of detected and suppressed errors, rerun with: -v
==763== ERROR SUMMARY: 0 errors from 0 contexts (suppressed: 0 from 0)
</Value>
				</Measurement>
			</Results>
		</Test>
		<Test Status="passed">
			<Name>SecondMemtest.Execution</Name>
			<Path>./flex_char_manager</Path>
			<FullName>./flex_char_manager/SecondMemtest.Execution</FullName>
			<FullCommandLine>/usr/bin/valgrind "--tool=memcheck" "--leak-check=yes" "--error-exitcode=42" "--trace-children=no" "/home/cs104/cs104/hw-kim503/hw1/hw1_tests/flex_char_manager/flex_char_manager_test" "--gtest_filter=SecondMemtest.Execution"</FullCommandLine>
			<Results>
				<NamedMeasurement type="numeric/double" name="Execution Time">
					<Value>1.1286</Value>
				</NamedMeasurement>
				<NamedMeasurement type="text/string" name="Completion Status">
					<Value>Completed</Value>
				</NamedMeasurement>
				<NamedMeasurement type="text/string" name="Command Line">
					<Value>/usr/bin/valgrind "--tool=memcheck" "--leak-check=yes" "--error-exitcode=42" "--trace-children=no" "/home/cs104/cs104/hw-kim503/hw1/hw1_tests/flex_char_manager/flex_char_manager_test" "--gtest_filter=SecondMemtest.Execution"</Value>
				</NamedMeasurement>
				<Measurement>
					<Value>==764== Memcheck, a memory error detector
==764== Copyright (C) 2002-2017, and GNU GPL'd, by Julian Seward et al.
==764== Using Valgrind-3.13.0 and LibVEX; rerun with -h for copyright info
==764== Command: /home/cs104/cs104/hw-kim503/hw1/hw1_tests/flex_char_manager/flex_char_manager_test --gtest_filter=SecondMemtest.Execution
==764== 
Running main() from gtest_main.cc
Note: Google Test filter = SecondMemtest.Execution
[==========] Running 1 test from 1 test case.
[----------] Global test environment set-up.
[----------] 1 test from SecondMemtest
[ RUN      ] SecondMemtest.Execution
This test is executing your program with the following command line: 
/usr/bin/valgrind --tool=memcheck -q --leak-check=yes --error-exitcode=113 /home/cs104/cs104/hw-kim503/hw1/hw1_tests/second_memtest
Hello world!
[       OK ] SecondMemtest.Execution (524 ms)
[----------] 1 test from SecondMemtest (528 ms total)

[----------] Global test environment tear-down
[==========] 1 test from 1 test case ran. (548 ms total)
[  PASSED  ] 1 test.
==764== 
==764== HEAP SUMMARY:
==764==     in use at exit: 72,704 bytes in 1 blocks
==764==   total heap usage: 365 allocs, 364 frees, 138,969 bytes allocated
==764== 
==764== LEAK SUMMARY:
==764==    definitely lost: 0 bytes in 0 blocks
==764==    indirectly lost: 0 bytes in 0 blocks
==764==      possibly lost: 0 bytes in 0 blocks
==764==    still reachable: 0 bytes in 0 blocks
==764==         suppressed: 72,704 bytes in 1 blocks
==764== 
==764== For counts of detected and suppressed errors, rerun with: -v
==764== ERROR SUMMARY: 0 errors from 0 contexts (suppressed: 0 from 0)
</Value>
				</Measurement>
			</Results>
		</Test>
		<Test Status="passed">
			<Name>FlexCharManager.ConstructionDestruction</Name>
			<Path>./flex_char_manager</Path>
			<FullName>./flex_char_manager/FlexCharManager.ConstructionDestruction</FullName>
			<FullCommandLine>/usr/bin/valgrind "--tool=memcheck" "--leak-check=yes" "--error-exitcode=42" "--trace-children=no" "/home/cs104/cs104/hw-kim503/hw1/hw1_tests/flex_char_manager/flex_char_manager_test" "--gtest_filter=FlexCharManager.ConstructionDestruction"</FullCommandLine>
			<Results>
				<NamedMeasurement type="numeric/double" name="Execution Time">
					<Value>0.630699</Value>
				</NamedMeasurement>
				<NamedMeasurement type="text/string" name="Completion Status">
					<Value>Completed</Value>
				</NamedMeasurement>
				<NamedMeasurement type="text/string" name="Command Line">
					<Value>/usr/bin/valgrind "--tool=memcheck" "--leak-check=yes" "--error-exitcode=42" "--trace-children=no" "/home/cs104/cs104/hw-kim503/hw1/hw1_tests/flex_char_manager/flex_char_manager_test" "--gtest_filter=FlexCharManager.ConstructionDestruction"</Value>
				</NamedMeasurement>
				<Measurement>
					<Value>==766== Memcheck, a memory error detector
==766== Copyright (C) 2002-2017, and GNU GPL'd, by Julian Seward et al.
==766== Using Valgrind-3.13.0 and LibVEX; rerun with -h for copyright info
==766== Command: /home/cs104/cs104/hw-kim503/hw1/hw1_tests/flex_char_manager/flex_char_manager_test --gtest_filter=FlexCharManager.ConstructionDestruction
==766== 
Running main() from gtest_main.cc
Note: Google Test filter = FlexCharManager.ConstructionDestruction
[==========] Running 1 test from 1 test case.
[----------] Global test environment set-up.
[----------] 1 test from FlexCharManager
[ RUN      ] FlexCharManager.ConstructionDestruction
[       OK ] FlexCharManager.ConstructionDestruction (13 ms)
[----------] 1 test from FlexCharManager (17 ms total)

[----------] Global test environment tear-down
[==========] 1 test from 1 test case ran. (37 ms total)
[  PASSED  ] 1 test.
==766== 
==766== HEAP SUMMARY:
==766==     in use at exit: 72,704 bytes in 1 blocks
==766==   total heap usage: 339 allocs, 338 frees, 139,999 bytes allocated
==766== 
==766== LEAK SUMMARY:
==766==    definitely lost: 0 bytes in 0 blocks
==766==    indirectly lost: 0 bytes in 0 blocks
==766==      possibly lost: 0 bytes in 0 blocks
==766==    still reachable: 0 bytes in 0 blocks
==766==         suppressed: 72,704 bytes in 1 blocks
==766== 
==766== For counts of detected and suppressed errors, rerun with: -v
==766== ERROR SUMMARY: 0 errors from 0 contexts (suppressed: 0 from 0)
</Value>
				</Measurement>
			</Results>
		</Test>
		<Test Status="passed">
			<Name>FlexCharManager.InvalidFree</Name>
			<Path>./flex_char_manager</Path>
			<FullName>./flex_char_manager/FlexCharManager.InvalidFree</FullName>
			<FullCommandLine>/usr/bin/valgrind "--tool=memcheck" "--leak-check=yes" "--error-exitcode=42" "--trace-children=no" "/home/cs104/cs104/hw-kim503/hw1/hw1_tests/flex_char_manager/flex_char_manager_test" "--gtest_filter=FlexCharManager.InvalidFree"</FullCommandLine>
			<Results>
				<NamedMeasurement type="numeric/double" name="Execution Time">
					<Value>0.645297</Value>
				</NamedMeasurement>
				<NamedMeasurement type="text/string" name="Completion Status">
					<Value>Completed</Value>
				</NamedMeasurement>
				<NamedMeasurement type="text/string" name="Command Line">
					<Value>/usr/bin/valgrind "--tool=memcheck" "--leak-check=yes" "--error-exitcode=42" "--trace-children=no" "/home/cs104/cs104/hw-kim503/hw1/hw1_tests/flex_char_manager/flex_char_manager_test" "--gtest_filter=FlexCharManager.InvalidFree"</Value>
				</NamedMeasurement>
				<Measurement>
					<Value>==772== Memcheck, a memory error detector
==772== Copyright (C) 2002-2017, and GNU GPL'd, by Julian Seward et al.
==772== Using Valgrind-3.13.0 and LibVEX; rerun with -h for copyright info
==772== Command: /home/cs104/cs104/hw-kim503/hw1/hw1_tests/flex_char_manager/flex_char_manager_test --gtest_filter=FlexCharManager.InvalidFree
==772== 
Running main() from gtest_main.cc
Note: Google Test filter = FlexCharManager.InvalidFree
[==========] Running 1 test from 1 test case.
[----------] Global test environment set-up.
[----------] 1 test from FlexCharManager
[ RUN      ] FlexCharManager.InvalidFree
[       OK ] FlexCharManager.InvalidFree (13 ms)
[----------] 1 test from FlexCharManager (17 ms total)

[----------] Global test environment tear-down
[==========] 1 test from 1 test case ran. (37 ms total)
[  PASSED  ] 1 test.
==772== 
==772== HEAP SUMMARY:
==772==     in use at exit: 72,704 bytes in 1 blocks
==772==   total heap usage: 339 allocs, 338 frees, 139,735 bytes allocated
==772== 
==772== LEAK SUMMARY:
==772==    definitely lost: 0 bytes in 0 blocks
==772==    indirectly lost: 0 bytes in 0 blocks
==772==      possibly lost: 0 bytes in 0 blocks
==772==    still reachable: 0 bytes in 0 blocks
==772==         suppressed: 72,704 bytes in 1 blocks
==772== 
==772== For counts of detected and suppressed errors, rerun with: -v
==772== ERROR SUMMARY: 0 errors from 0 contexts (suppressed: 0 from 0)
</Value>
				</Measurement>
			</Results>
		</Test>
		<Test Status="passed">
			<Name>FlexCharManager.ZeroFill</Name>
			<Path>./flex_char_manager</Path>
			<FullName>./flex_char_manager/FlexCharManager.ZeroFill</FullName>
			<FullCommandLine>/usr/bin/valgrind "--tool=memcheck" "--leak-check=yes" "--error-exitcode=42" "--trace-children=no" "/home/cs104/cs104/hw-kim503/hw1/hw1_tests/flex_char_manager/flex_char_manager_test" "--gtest_filter=FlexCharManager.ZeroFill"</FullCommandLine>
			<Results>
				<NamedMeasurement type="numeric/double" name="Execution Time">
					<Value>0.641733</Value>
				</NamedMeasurement>
				<NamedMeasurement type="text/string" name="Completion Status">
					<Value>Completed</Value>
				</NamedMeasurement>
				<NamedMeasurement type="text/string" name="Command Line">
					<Value>/usr/bin/valgrind "--tool=memcheck" "--leak-check=yes" "--error-exitcode=42" "--trace-children=no" "/home/cs104/cs104/hw-kim503/hw1/hw1_tests/flex_char_manager/flex_char_manager_test" "--gtest_filter=FlexCharManager.ZeroFill"</Value>
				</NamedMeasurement>
				<Measurement>
					<Value>==773== Memcheck, a memory error detector
==773== Copyright (C) 2002-2017, and GNU GPL'd, by Julian Seward et al.
==773== Using Valgrind-3.13.0 and LibVEX; rerun with -h for copyright info
==773== Command: /home/cs104/cs104/hw-kim503/hw1/hw1_tests/flex_char_manager/flex_char_manager_test --gtest_filter=FlexCharManager.ZeroFill
==773== 
Running main() from gtest_main.cc
Note: Google Test filter = FlexCharManager.ZeroFill
[==========] Running 1 test from 1 test case.
[----------] Global test environment set-up.
[----------] 1 test from FlexCharManager
[ RUN      ] FlexCharManager.ZeroFill
[       OK ] FlexCharManager.ZeroFill (15 ms)
[----------] 1 test from FlexCharManager (19 ms total)

[----------] Global test environment tear-down
[==========] 1 test from 1 test case ran. (39 ms total)
[  PASSED  ] 1 test.
==773== 
==773== HEAP SUMMARY:
==773==     in use at exit: 72,704 bytes in 1 blocks
==773==   total heap usage: 339 allocs, 338 frees, 139,714 bytes allocated
==773== 
==773== LEAK SUMMARY:
==773==    definitely lost: 0 bytes in 0 blocks
==773==    indirectly lost: 0 bytes in 0 blocks
==773==      possibly lost: 0 bytes in 0 blocks
==773==    still reachable: 0 bytes in 0 blocks
==773==         suppressed: 72,704 bytes in 1 blocks
==773== 
==773== For counts of detected and suppressed errors, rerun with: -v
==773== ERROR SUMMARY: 0 errors from 0 contexts (suppressed: 0 from 0)
</Value>
				</Measurement>
			</Results>
		</Test>
		<Test Status="passed">
			<Name>FlexCharManager.OneCharAlloc</Name>
			<Path>./flex_char_manager</Path>
			<FullName>./flex_char_manager/FlexCharManager.OneCharAlloc</FullName>
			<FullCommandLine>/usr/bin/valgrind "--tool=memcheck" "--leak-check=yes" "--error-exitcode=42" "--trace-children=no" "/home/cs104/cs104/hw-kim503/hw1/hw1_tests/flex_char_manager/flex_char_manager_test" "--gtest_filter=FlexCharManager.OneCharAlloc"</FullCommandLine>
			<Results>
				<NamedMeasurement type="numeric/double" name="Execution Time">
					<Value>0.627087</Value>
				</NamedMeasurement>
				<NamedMeasurement type="text/string" name="Completion Status">
					<Value>Completed</Value>
				</NamedMeasurement>
				<NamedMeasurement type="text/string" name="Command Line">
					<Value>/usr/bin/valgrind "--tool=memcheck" "--leak-check=yes" "--error-exitcode=42" "--trace-children=no" "/home/cs104/cs104/hw-kim503/hw1/hw1_tests/flex_char_manager/flex_char_manager_test" "--gtest_filter=FlexCharManager.OneCharAlloc"</Value>
				</NamedMeasurement>
				<Measurement>
					<Value>==774== Memcheck, a memory error detector
==774== Copyright (C) 2002-2017, and GNU GPL'd, by Julian Seward et al.
==774== Using Valgrind-3.13.0 and LibVEX; rerun with -h for copyright info
==774== Command: /home/cs104/cs104/hw-kim503/hw1/hw1_tests/flex_char_manager/flex_char_manager_test --gtest_filter=FlexCharManager.OneCharAlloc
==774== 
Running main() from gtest_main.cc
Note: Google Test filter = FlexCharManager.OneCharAlloc
[==========] Running 1 test from 1 test case.
[----------] Global test environment set-up.
[----------] 1 test from FlexCharManager
[ RUN      ] FlexCharManager.OneCharAlloc
[       OK ] FlexCharManager.OneCharAlloc (15 ms)
[----------] 1 test from FlexCharManager (21 ms total)

[----------] Global test environment tear-down
[==========] 1 test from 1 test case ran. (46 ms total)
[  PASSED  ] 1 test.
==774== 
==774== HEAP SUMMARY:
==774==     in use at exit: 72,704 bytes in 1 blocks
==774==   total heap usage: 340 allocs, 339 frees, 139,758 bytes allocated
==774== 
==774== LEAK SUMMARY:
==774==    definitely lost: 0 bytes in 0 blocks
==774==    indirectly lost: 0 bytes in 0 blocks
==774==      possibly lost: 0 bytes in 0 blocks
==774==    still reachable: 0 bytes in 0 blocks
==774==         suppressed: 72,704 bytes in 1 blocks
==774== 
==774== For counts of detected and suppressed errors, rerun with: -v
==774== ERROR SUMMARY: 0 errors from 0 contexts (suppressed: 0 from 0)
</Value>
				</Measurement>
			</Results>
		</Test>
		<Test Status="passed">
			<Name>FlexCharManager.OneCharFree</Name>
			<Path>./flex_char_manager</Path>
			<FullName>./flex_char_manager/FlexCharManager.OneCharFree</FullName>
			<FullCommandLine>/usr/bin/valgrind "--tool=memcheck" "--leak-check=yes" "--error-exitcode=42" "--trace-children=no" "/home/cs104/cs104/hw-kim503/hw1/hw1_tests/flex_char_manager/flex_char_manager_test" "--gtest_filter=FlexCharManager.OneCharFree"</FullCommandLine>
			<Results>
				<NamedMeasurement type="numeric/double" name="Execution Time">
					<Value>0.65678</Value>
				</NamedMeasurement>
				<NamedMeasurement type="text/string" name="Completion Status">
					<Value>Completed</Value>
				</NamedMeasurement>
				<NamedMeasurement type="text/string" name="Command Line">
					<Value>/usr/bin/valgrind "--tool=memcheck" "--leak-check=yes" "--error-exitcode=42" "--trace-children=no" "/home/cs104/cs104/hw-kim503/hw1/hw1_tests/flex_char_manager/flex_char_manager_test" "--gtest_filter=FlexCharManager.OneCharFree"</Value>
				</NamedMeasurement>
				<Measurement>
					<Value>==775== Memcheck, a memory error detector
==775== Copyright (C) 2002-2017, and GNU GPL'd, by Julian Seward et al.
==775== Using Valgrind-3.13.0 and LibVEX; rerun with -h for copyright info
==775== Command: /home/cs104/cs104/hw-kim503/hw1/hw1_tests/flex_char_manager/flex_char_manager_test --gtest_filter=FlexCharManager.OneCharFree
==775== 
Running main() from gtest_main.cc
Note: Google Test filter = FlexCharManager.OneCharFree
[==========] Running 1 test from 1 test case.
[----------] Global test environment set-up.
[----------] 1 test from FlexCharManager
[ RUN      ] FlexCharManager.OneCharFree
[       OK ] FlexCharManager.OneCharFree (18 ms)
[----------] 1 test from FlexCharManager (24 ms total)

[----------] Global test environment tear-down
[==========] 1 test from 1 test case ran. (46 ms total)
[  PASSED  ] 1 test.
==775== 
==775== HEAP SUMMARY:
==775==     in use at exit: 72,704 bytes in 1 blocks
==775==   total heap usage: 340 allocs, 339 frees, 139,751 bytes allocated
==775== 
==775== LEAK SUMMARY:
==775==    definitely lost: 0 bytes in 0 blocks
==775==    indirectly lost: 0 bytes in 0 blocks
==775==      possibly lost: 0 bytes in 0 blocks
==775==    still reachable: 0 bytes in 0 blocks
==775==         suppressed: 72,704 bytes in 1 blocks
==775== 
==775== For counts of detected and suppressed errors, rerun with: -v
==775== ERROR SUMMARY: 0 errors from 0 contexts (suppressed: 0 from 0)
</Value>
				</Measurement>
			</Results>
		</Test>
		<Test Status="passed">
			<Name>FlexCharManager.FiveCharAlloc</Name>
			<Path>./flex_char_manager</Path>
			<FullName>./flex_char_manager/FlexCharManager.FiveCharAlloc</FullName>
			<FullCommandLine>/usr/bin/valgrind "--tool=memcheck" "--leak-check=yes" "--error-exitcode=42" "--trace-children=no" "/home/cs104/cs104/hw-kim503/hw1/hw1_tests/flex_char_manager/flex_char_manager_test" "--gtest_filter=FlexCharManager.FiveCharAlloc"</FullCommandLine>
			<Results>
				<NamedMeasurement type="numeric/double" name="Execution Time">
					<Value>0.65594</Value>
				</NamedMeasurement>
				<NamedMeasurement type="text/string" name="Completion Status">
					<Value>Completed</Value>
				</NamedMeasurement>
				<NamedMeasurement type="text/string" name="Command Line">
					<Value>/usr/bin/valgrind "--tool=memcheck" "--leak-check=yes" "--error-exitcode=42" "--trace-children=no" "/home/cs104/cs104/hw-kim503/hw1/hw1_tests/flex_char_manager/flex_char_manager_test" "--gtest_filter=FlexCharManager.FiveCharAlloc"</Value>
				</NamedMeasurement>
				<Measurement>
[...]
				</NamedMeasurement>
				<Measurement>
					<Value>==783== Memcheck, a memory error detector
==783== Copyright (C) 2002-2017, and GNU GPL'd, by Julian Seward et al.
==783== Using Valgrind-3.13.0 and LibVEX; rerun with -h for copyright info
==783== Command: /home/cs104/cs104/hw-kim503/hw1/hw1_tests/flex_char_manager/flex_char_manager_test --gtest_filter=FlexCharManager.AllocFree_x2_FwdOrder
==783== 
Running main() from gtest_main.cc
Note: Google Test filter = FlexCharManager.AllocFree_x2_FwdOrder
[==========] Running 1 test from 1 test case.
[----------] Global test environment set-up.
[----------] 1 test from FlexCharManager
[ RUN      ] FlexCharManager.AllocFree_x2_FwdOrder
[       OK ] FlexCharManager.AllocFree_x2_FwdOrder (24 ms)
[----------] 1 test from FlexCharManager (29 ms total)

[----------] Global test environment tear-down
[==========] 1 test from 1 test case ran. (53 ms total)
[  PASSED  ] 1 test.
==783== 
==783== HEAP SUMMARY:
==783==     in use at exit: 72,704 bytes in 1 blocks
==783==   total heap usage: 341 allocs, 340 frees, 139,977 bytes allocated
==783== 
==783== LEAK SUMMARY:
==783==    definitely lost: 0 bytes in 0 blocks
==783==    indirectly lost: 0 bytes in 0 blocks
==783==      possibly lost: 0 bytes in 0 blocks
==783==    still reachable: 0 bytes in 0 blocks
==783==         suppressed: 72,704 bytes in 1 blocks
==783== 
==783== For counts of detected and suppressed errors, rerun with: -v
==783== ERROR SUMMARY: 0 errors from 0 contexts (suppressed: 0 from 0)
</Value>
				</Measurement>
			</Results>
		</Test>
		<Test Status="passed">
			<Name>FlexCharManager.MemoryReuse</Name>
			<Path>./flex_char_manager</Path>
			<FullName>./flex_char_manager/FlexCharManager.MemoryReuse</FullName>
			<FullCommandLine>/usr/bin/valgrind "--tool=memcheck" "--leak-check=yes" "--error-exitcode=42" "--trace-children=no" "/home/cs104/cs104/hw-kim503/hw1/hw1_tests/flex_char_manager/flex_char_manager_test" "--gtest_filter=FlexCharManager.MemoryReuse"</FullCommandLine>
			<Results>
				<NamedMeasurement type="numeric/double" name="Execution Time">
					<Value>0.692204</Value>
				</NamedMeasurement>
				<NamedMeasurement type="text/string" name="Completion Status">
					<Value>Completed</Value>
				</NamedMeasurement>
				<NamedMeasurement type="text/string" name="Command Line">
					<Value>/usr/bin/valgrind "--tool=memcheck" "--leak-check=yes" "--error-exitcode=42" "--trace-children=no" "/home/cs104/cs104/hw-kim503/hw1/hw1_tests/flex_char_manager/flex_char_manager_test" "--gtest_filter=FlexCharManager.MemoryReuse"</Value>
				</NamedMeasurement>
				<Measurement>
					<Value>==784== Memcheck, a memory error detector
==784== Copyright (C) 2002-2017, and GNU GPL'd, by Julian Seward et al.
==784== Using Valgrind-3.13.0 and LibVEX; rerun with -h for copyright info
==784== Command: /home/cs104/cs104/hw-kim503/hw1/hw1_tests/flex_char_manager/flex_char_manager_test --gtest_filter=FlexCharManager.MemoryReuse
==784== 
Running main() from gtest_main.cc
Note: Google Test filter = FlexCharManager.MemoryReuse
[==========] Running 1 test from 1 test case.
[----------] Global test environment set-up.
[----------] 1 test from FlexCharManager
[ RUN      ] FlexCharManager.MemoryReuse
[       OK ] FlexCharManager.MemoryReuse (54 ms)
[----------] 1 test from FlexCharManager (58 ms total)

[----------] Global test environment tear-down
[==========] 1 test from 1 test case ran. (79 ms total)
[  PASSED  ] 1 test.
==784== 
==784== HEAP SUMMARY:
==784==     in use at exit: 72,704 bytes in 1 blocks
==784==   total heap usage: 383 allocs, 382 frees, 140,855 bytes allocated
==784== 
==784== LEAK SUMMARY:
==784==    definitely lost: 0 bytes in 0 blocks
==784==    indirectly lost: 0 bytes in 0 blocks
==784==      possibly lost: 0 bytes in 0 blocks
==784==    still reachable: 0 bytes in 0 blocks
==784==         suppressed: 72,704 bytes in 1 blocks
==784== 
==784== For counts of detected and suppressed errors, rerun with: -v
==784== ERROR SUMMARY: 0 errors from 0 contexts (suppressed: 0 from 0)
</Value>
				</Measurement>
			</Results>
		</Test>
		<Test Status="passed">
			<Name>FlexCharManager.Alloc10000Chars</Name>
			<Path>./flex_char_manager</Path>
			<FullName>./flex_char_manager/FlexCharManager.Alloc10000Chars</FullName>
			<FullCommandLine>/usr/bin/valgrind "--tool=memcheck" "--leak-check=yes" "--error-exitcode=42" "--trace-children=no" "/home/cs104/cs104/hw-kim503/hw1/hw1_tests/flex_char_manager/flex_char_manager_test" "--gtest_filter=FlexCharManager.Alloc10000Chars"</FullCommandLine>
			<Results>
				<NamedMeasurement type="numeric/double" name="Execution Time">
					<Value>0.654391</Value>
				</NamedMeasurement>
				<NamedMeasurement type="text/string" name="Completion Status">
					<Value>Completed</Value>
				</NamedMeasurement>
				<NamedMeasurement type="text/string" name="Command Line">
					<Value>/usr/bin/valgrind "--tool=memcheck" "--leak-check=yes" "--error-exitcode=42" "--trace-children=no" "/home/cs104/cs104/hw-kim503/hw1/hw1_tests/flex_char_manager/flex_char_manager_test" "--gtest_filter=FlexCharManager.Alloc10000Chars"</Value>
				</NamedMeasurement>
				<Measurement>
					<Value>==785== Memcheck, a memory error detector
==785== Copyright (C) 2002-2017, and GNU GPL'd, by Julian Seward et al.
==785== Using Valgrind-3.13.0 and LibVEX; rerun with -h for copyright info
==785== Command: /home/cs104/cs104/hw-kim503/hw1/hw1_tests/flex_char_manager/flex_char_manager_test --gtest_filter=FlexCharManager.Alloc10000Chars
==785== 
Running main() from gtest_main.cc
Note: Google Test filter = FlexCharManager.Alloc10000Chars
[==========] Running 1 test from 1 test case.
[----------] Global test environment set-up.
[----------] 1 test from FlexCharManager
[ RUN      ] FlexCharManager.Alloc10000Chars
[       OK ] FlexCharManager.Alloc10000Chars (20 ms)
[----------] 1 test from FlexCharManager (24 ms total)

[----------] Global test environment tear-down
[==========] 1 test from 1 test case ran. (43 ms total)
[  PASSED  ] 1 test.
==785== 
==785== HEAP SUMMARY:
==785==     in use at exit: 72,704 bytes in 1 blocks
==785==   total heap usage: 340 allocs, 339 frees, 139,799 bytes allocated
==785== 
==785== LEAK SUMMARY:
==785==    definitely lost: 0 bytes in 0 blocks
==785==    indirectly lost: 0 bytes in 0 blocks
==785==      possibly lost: 0 bytes in 0 blocks
==785==    still reachable: 0 bytes in 0 blocks
==785==         suppressed: 72,704 bytes in 1 blocks
==785== 
==785== For counts of detected and suppressed errors, rerun with: -v
==785== ERROR SUMMARY: 0 errors from 0 contexts (suppressed: 0 from 0)
</Value>
				</Measurement>
			</Results>
		</Test>
		<Test Status="passed">
			<Name>FlexCharManager.Alloc5Charx2000</Name>
			<Path>./flex_char_manager</Path>
			<FullName>./flex_char_manager/FlexCharManager.Alloc5Charx2000</FullName>
			<FullCommandLine>/usr/bin/valgrind "--tool=memcheck" "--leak-check=yes" "--error-exitcode=42" "--trace-children=no" "/home/cs104/cs104/hw-kim503/hw1/hw1_tests/flex_char_manager/flex_char_manager_test" "--gtest_filter=FlexCharManager.Alloc5Charx2000"</FullCommandLine>
			<Results>
				<NamedMeasurement type="numeric/double" name="Execution Time">
					<Value>1.71209</Value>
				</NamedMeasurement>
				<NamedMeasurement type="text/string" name="Completion Status">
					<Value>Completed</Value>
				</NamedMeasurement>
				<NamedMeasurement type="text/string" name="Command Line">
					<Value>/usr/bin/valgrind "--tool=memcheck" "--leak-check=yes" "--error-exitcode=42" "--trace-children=no" "/home/cs104/cs104/hw-kim503/hw1/hw1_tests/flex_char_manager/flex_char_manager_test" "--gtest_filter=FlexCharManager.Alloc5Charx2000"</Value>
				</NamedMeasurement>
				<Measurement>
					<Value>==786== Memcheck, a memory error detector
==786== Copyright (C) 2002-2017, and GNU GPL'd, by Julian Seward et al.
==786== Using Valgrind-3.13.0 and LibVEX; rerun with -h for copyright info
==786== Command: /home/cs104/cs104/hw-kim503/hw1/hw1_tests/flex_char_manager/flex_char_manager_test --gtest_filter=FlexCharManager.Alloc5Charx2000
==786== 
Running main() from gtest_main.cc
Note: Google Test filter = FlexCharManager.Alloc5Charx2000
[==========] Running 1 test from 1 test case.
[----------] Global test environment set-up.
[----------] 1 test from FlexCharManager
[ RUN      ] FlexCharManager.Alloc5Charx2000
[       OK ] FlexCharManager.Alloc5Charx2000 (1103 ms)
[----------] 1 test from FlexCharManager (1107 ms total)

[----------] Global test environment tear-down
[==========] 1 test from 1 test case ran. (1128 ms total)
[  PASSED  ] 1 test.
==786== 
==786== HEAP SUMMARY:
==786==     in use at exit: 72,704 bytes in 1 blocks
==786==   total heap usage: 2,361 allocs, 2,360 frees, 237,279 bytes allocated
==786== 
==786== LEAK SUMMARY:
==786==    definitely lost: 0 bytes in 0 blocks
==786==    indirectly lost: 0 bytes in 0 blocks
==786==      possibly lost: 0 bytes in 0 blocks
==786==    still reachable: 0 bytes in 0 blocks
==786==         suppressed: 72,704 bytes in 1 blocks
==786== 
==786== For counts of detected and suppressed errors, rerun with: -v
==786== ERROR SUMMARY: 0 errors from 0 contexts (suppressed: 0 from 0)
</Value>
				</Measurement>
			</Results>
		</Test>
		<Test Status="passed">
			<Name>FlexCharManager.AllocDealloc10Charx1000</Name>
			<Path>./flex_char_manager</Path>
			<FullName>./flex_char_manager/FlexCharManager.AllocDealloc10Charx1000</FullName>
			<FullCommandLine>/usr/bin/valgrind "--tool=memcheck" "--leak-check=yes" "--error-exitcode=42" "--trace-children=no" "/home/cs104/cs104/hw-kim503/hw1/hw1_tests/flex_char_manager/flex_char_manager_test" "--gtest_filter=FlexCharManager.AllocDealloc10Charx1000"</FullCommandLine>
			<Results>
				<NamedMeasurement type="numeric/double" name="Execution Time">
					<Value>51.0272</Value>
				</NamedMeasurement>
				<NamedMeasurement type="text/string" name="Completion Status">
					<Value>Completed</Value>
				</NamedMeasurement>
				<NamedMeasurement type="text/string" name="Command Line">
					<Value>/usr/bin/valgrind "--tool=memcheck" "--leak-check=yes" "--error-exitcode=42" "--trace-children=no" "/home/cs104/cs104/hw-kim503/hw1/hw1_tests/flex_char_manager/flex_char_manager_test" "--gtest_filter=FlexCharManager.AllocDealloc10Charx1000"</Value>
				</NamedMeasurement>
				<Measurement>
					<Value>==787== Memcheck, a memory error detector
==787== Copyright (C) 2002-2017, and GNU GPL'd, by Julian Seward et al.
==787== Using Valgrind-3.13.0 and LibVEX; rerun with -h for copyright info
==787== Command: /home/cs104/cs104/hw-kim503/hw1/hw1_tests/flex_char_manager/flex_char_manager_test --gtest_filter=FlexCharManager.AllocDealloc10Charx1000
==787== 
Running main() from gtest_main.cc
Note: Google Test filter = FlexCharManager.AllocDealloc10Charx1000
[==========] Running 1 test from 1 test case.
[----------] Global test environment set-up.
[----------] 1 test from FlexCharManager
[ RUN      ] FlexCharManager.AllocDealloc10Charx1000
[       OK ] FlexCharManager.AllocDealloc10Charx1000 (50414 ms)
[----------] 1 test from FlexCharManager (50418 ms total)

[----------] Global test environment tear-down
[==========] 1 test from 1 test case ran. (50440 ms total)
[  PASSED  ] 1 test.
==787== 
==787== HEAP SUMMARY:
==787==     in use at exit: 72,704 bytes in 1 blocks
==787==   total heap usage: 1,368 allocs, 1,367 frees, 196,903 bytes allocated
==787== 
==787== LEAK SUMMARY:
==787==    definitely lost: 0 bytes in 0 blocks
==787==    indirectly lost: 0 bytes in 0 blocks
==787==      possibly lost: 0 bytes in 0 blocks
==787==    still reachable: 0 bytes in 0 blocks
==787==         suppressed: 72,704 bytes in 1 blocks
==787== 
==787== For counts of detected and suppressed errors, rerun with: -v
==787== ERROR SUMMARY: 0 errors from 0 contexts (suppressed: 0 from 0)
</Value>
				</Measurement>
			</Results>
		</Test>
		<Test Status="passed">
			<Name>FlexCharManager.RandomOrderDealloc</Name>
			<Path>./flex_char_manager</Path>
			<FullName>./flex_char_manager/FlexCharManager.RandomOrderDealloc</FullName>
			<FullCommandLine>/usr/bin/valgrind "--tool=memcheck" "--leak-check=yes" "--error-exitcode=42" "--trace-children=no" "/home/cs104/cs104/hw-kim503/hw1/hw1_tests/flex_char_manager/flex_char_manager_test" "--gtest_filter=FlexCharManager.RandomOrderDealloc"</FullCommandLine>
			<Results>
				<NamedMeasurement type="numeric/double" name="Execution Time">
					<Value>0.733517</Value>
				</NamedMeasurement>
				<NamedMeasurement type="text/string" name="Completion Status">
					<Value>Completed</Value>
				</NamedMeasurement>
				<NamedMeasurement type="text/string" name="Command Line">
					<Value>/usr/bin/valgrind "--tool=memcheck" "--leak-check=yes" "--error-exitcode=42" "--trace-children=no" "/home/cs104/cs104/hw-kim503/hw1/hw1_tests/flex_char_manager/flex_char_manager_test" "--gtest_filter=FlexCharManager.RandomOrderDealloc"</Value>
				</NamedMeasurement>
				<Measurement>
					<Value>==788== Memcheck, a memory error detector
==788== Copyright (C) 2002-2017, and GNU GPL'd, by Julian Seward et al.
==788== Using Valgrind-3.13.0 and LibVEX; rerun with -h for copyright info
==788== Command: /home/cs104/cs104/hw-kim503/hw1/hw1_tests/flex_char_manager/flex_char_manager_test --gtest_filter=FlexCharManager.RandomOrderDealloc
==788== 
Running main() from gtest_main.cc
Note: Google Test filter = FlexCharManager.RandomOrderDealloc
[==========] Running 1 test from 1 test case.
[----------] Global test environment set-up.
[----------] 1 test from FlexCharManager
[ RUN      ] FlexCharManager.RandomOrderDealloc
[       OK ] FlexCharManager.RandomOrderDealloc (109 ms)
[----------] 1 test from FlexCharManager (114 ms total)

[----------] Global test environment tear-down
[==========] 1 test from 1 test case ran. (136 ms total)
[  PASSED  ] 1 test.
==788== 
==788== HEAP SUMMARY:
==788==     in use at exit: 72,704 bytes in 1 blocks
==788==   total heap usage: 865 allocs, 864 frees, 168,288 bytes allocated
==788== 
==788== LEAK SUMMARY:
==788==    definitely lost: 0 bytes in 0 blocks
==788==    indirectly lost: 0 bytes in 0 blocks
==788==      possibly lost: 0 bytes in 0 blocks
==788==    still reachable: 0 bytes in 0 blocks
==788==         suppressed: 72,704 bytes in 1 blocks
==788== 
==788== For counts of detected and suppressed errors, rerun with: -v
==788== ERROR SUMMARY: 0 errors from 0 contexts (suppressed: 0 from 0)
</Value>
				</Measurement>
			</Results>
		</Test>
		<Test Status="passed">
			<Name>FlexCharManager.BasicFirstFit</Name>
			<Path>./flex_char_manager</Path>
			<FullName>./flex_char_manager/FlexCharManager.BasicFirstFit</FullName>
			<FullCommandLine>/usr/bin/valgrind "--tool=memcheck" "--leak-check=yes" "--error-exitcode=42" "--trace-children=no" "/home/cs104/cs104/hw-kim503/hw1/hw1_tests/flex_char_manager/flex_char_manager_test" "--gtest_filter=FlexCharManager.BasicFirstFit"</FullCommandLine>
			<Results>
				<NamedMeasurement type="numeric/double" name="Execution Time">
					<Value>0.656711</Value>
				</NamedMeasurement>
				<NamedMeasurement type="text/string" name="Completion Status">
					<Value>Completed</Value>
				</NamedMeasurement>
				<NamedMeasurement type="text/string" name="Command Line">
					<Value>/usr/bin/valgrind "--tool=memcheck" "--leak-check=yes" "--error-exitcode=42" "--trace-children=no" "/home/cs104/cs104/hw-kim503/hw1/hw1_tests/flex_char_manager/flex_char_manager_test" "--gtest_filter=FlexCharManager.BasicFirstFit"</Value>
				</NamedMeasurement>
				<Measurement>
					<Value>==789== Memcheck, a memory error detector
==789== Copyright (C) 2002-2017, and GNU GPL'd, by Julian Seward et al.
==789== Using Valgrind-3.13.0 and LibVEX; rerun with -h for copyright info
==789== Command: /home/cs104/cs104/hw-kim503/hw1/hw1_tests/flex_char_manager/flex_char_manager_test --gtest_filter=FlexCharManager.BasicFirstFit
==789== 
Running main() from gtest_main.cc
Note: Google Test filter = FlexCharManager.BasicFirstFit
[==========] Running 1 test from 1 test case.
[----------] Global test environment set-up.
[----------] 1 test from FlexCharManager
[ RUN      ] FlexCharManager.BasicFirstFit
[       OK ] FlexCharManager.BasicFirstFit (25 ms)
[----------] 1 test from FlexCharManager (30 ms total)

[----------] Global test environment tear-down
[==========] 1 test from 1 test case ran. (52 ms total)
[  PASSED  ] 1 test.
==789== 
==789== HEAP SUMMARY:
==789==     in use at exit: 72,704 bytes in 1 blocks
==789==   total heap usage: 342 allocs, 341 frees, 139,797 bytes allocated
==789== 
==789== LEAK SUMMARY:
==789==    definitely lost: 0 bytes in 0 blocks
==789==    indirectly lost: 0 bytes in 0 blocks
==789==      possibly lost: 0 bytes in 0 blocks
==789==    still reachable: 0 bytes in 0 blocks
==789==         suppressed: 72,704 bytes in 1 blocks
==789== 
==789== For counts of detected and suppressed errors, rerun with: -v
==789== ERROR SUMMARY: 0 errors from 0 contexts (suppressed: 0 from 0)
</Value>
				</Measurement>
			</Results>
		</Test>
		<Test Status="passed">
			<Name>FlexCharManager.IntermediateFirstFit</Name>
			<Path>./flex_char_manager</Path>
			<FullName>./flex_char_manager/FlexCharManager.IntermediateFirstFit</FullName>
			<FullCommandLine>/usr/bin/valgrind "--tool=memcheck" "--leak-check=yes" "--error-exitcode=42" "--trace-children=no" "/home/cs104/cs104/hw-kim503/hw1/hw1_tests/flex_char_manager/flex_char_manager_test" "--gtest_filter=FlexCharManager.IntermediateFirstFit"</FullCommandLine>
			<Results>
				<NamedMeasurement type="numeric/double" name="Execution Time">
					<Value>0.655832</Value>
				</NamedMeasurement>
				<NamedMeasurement type="text/string" name="Completion Status">
					<Value>Completed</Value>
				</NamedMeasurement>
				<NamedMeasurement type="text/string" name="Command Line">
					<Value>/usr/bin/valgrind "--tool=memcheck" "--leak-check=yes" "--error-exitcode=42" "--trace-children=no" "/home/cs104/cs104/hw-kim503/hw1/hw1_tests/flex_char_manager/flex_char_manager_test" "--gtest_filter=FlexCharManager.IntermediateFirstFit"</Value>
				</NamedMeasurement>
				<Measurement>
					<Value>==790== Memcheck, a memory error detector
==790== Copyright (C) 2002-2017, and GNU GPL'd, by Julian Seward et al.
==790== Using Valgrind-3.13.0 and LibVEX; rerun with -h for copyright info
==790== Command: /home/cs104/cs104/hw-kim503/hw1/hw1_tests/flex_char_manager/flex_char_manager_test --gtest_filter=FlexCharManager.IntermediateFirstFit
==790== 
Running main() from gtest_main.cc
Note: Google Test filter = FlexCharManager.IntermediateFirstFit
[==========] Running 1 test from 1 test case.
[----------] Global test environment set-up.
[----------] 1 test from FlexCharManager
[ RUN      ] FlexCharManager.IntermediateFirstFit
[       OK ] FlexCharManager.IntermediateFirstFit (28 ms)
[----------] 1 test from FlexCharManager (33 ms total)

[----------] Global test environment tear-down
[==========] 1 test from 1 test case ran. (55 ms total)
[  PASSED  ] 1 test.
==790== 
==790== HEAP SUMMARY:
==790==     in use at exit: 72,704 bytes in 1 blocks
==790==   total heap usage: 355 allocs, 354 frees, 140,350 bytes allocated
==790== 
==790== LEAK SUMMARY:
==790==    definitely lost: 0 bytes in 0 blocks
==790==    indirectly lost: 0 bytes in 0 blocks
==790==      possibly lost: 0 bytes in 0 blocks
==790==    still reachable: 0 bytes in 0 blocks
==790==         suppressed: 72,704 bytes in 1 blocks
==790== 
==790== For counts of detected and suppressed errors, rerun with: -v
==790== ERROR SUMMARY: 0 errors from 0 contexts (suppressed: 0 from 0)
</Value>
				</Measurement>
			</Results>
		</Test>
		<EndDateTime>Sep 26 13:27 PDT</EndDateTime>
		<EndTestTime>1537993653</EndTestTime>
		<ElapsedMinutes>1.4</ElapsedMinutes>
	</Testing>
</Site>
